<?xml version="1.0" encoding="UTF-8"?>
<robot generator="Robot 6.0.2 (Python 3.8.5 on win32)" generated="20230601 16:49:26.916" rpa="false" schemaversion="3">
<suite id="s1" name="WorkspaceTC" source="C:\Users\User\PycharmProjects\InvolvemeRobotFramework\TestCases\Workspaces\WorkspaceTC.robot">
<test id="s1-t1" name="01 Create workspace" line="13">
<kw name="Start" library="common" type="SETUP">
<if>
<branch type="IF" condition="&quot;${browser}&quot; == &quot;chrome&quot;">
<kw name="Evaluate" library="BuiltIn">
<var>${options}</var>
<arg>sys.modules['selenium.webdriver'].ChromeOptions()</arg>
<arg>sys, selenium.webdriver</arg>
<doc>Evaluates the given expression in Python and returns the result.</doc>
<status status="NOT RUN" starttime="20230601 16:49:27.440" endtime="20230601 16:49:27.440"/>
</kw>
<kw name="Log To Console" library="BuiltIn">
<arg>${options}</arg>
<doc>Logs the given message to the console.</doc>
<status status="NOT RUN" starttime="20230601 16:49:27.440" endtime="20230601 16:49:27.440"/>
</kw>
<kw name="Create Webdriver" library="SeleniumLibrary">
<arg>Chrome</arg>
<arg>chrome_options=${options}</arg>
<doc>Creates an instance of Selenium WebDriver.</doc>
<status status="NOT RUN" starttime="20230601 16:49:27.440" endtime="20230601 16:49:27.440"/>
</kw>
<kw name="Go To" library="SeleniumLibrary">
<arg>${URL}</arg>
<doc>Navigates the current browser window to the provided ``url``.</doc>
<status status="NOT RUN" starttime="20230601 16:49:27.440" endtime="20230601 16:49:27.440"/>
</kw>
<status status="NOT RUN" starttime="20230601 16:49:27.440" endtime="20230601 16:49:27.440"/>
</branch>
<branch type="ELSE">
<kw name="Disable Download Dialog" library="browser">
<var>${driver_path}</var>
<msg timestamp="20230601 16:49:27.440" level="INFO">
</msg>
<msg timestamp="20230601 16:49:27.440" level="INFO">====== WebDriver manager ======</msg>
<msg timestamp="20230601 16:49:27.749" level="INFO">Driver [C:\Users\User\.wdm\drivers\geckodriver\win64\v0.33.0\geckodriver.exe] found in cache</msg>
<msg timestamp="20230601 16:49:27.749" level="INFO">C:\Users\User\.wdm\drivers\geckodriver\win64\v0.33.0\geckodriver.exe</msg>
<msg timestamp="20230601 16:49:27.749" level="INFO">====== WebDriver manager ======
Driver [C:\Users\User\.wdm\drivers\geckodriver\win64\v0.33.0\geckodriver.exe] found in cache</msg>
<msg timestamp="20230601 16:49:27.756" level="INFO">${driver_path} = C:\Users\User\.wdm\drivers\geckodriver\win64\v0.33.0\geckodriver.exe</msg>
<status status="PASS" starttime="20230601 16:49:27.440" endtime="20230601 16:49:27.756"/>
</kw>
<kw name="Open Browser" library="SeleniumLibrary">
<arg>${URL}</arg>
<arg>firefox</arg>
<arg>executable_path=${driver_path}</arg>
<doc>Opens a new browser instance to the optional ``url``.</doc>
<msg timestamp="20230601 16:49:27.759" level="INFO">Opening browser 'firefox' to base url 'https://www.involve.me/'.</msg>
<msg timestamp="20230601 16:49:27.765" level="INFO">Firefox driver log is always forced to to: C:\Users\User\PycharmProjects\InvolvemeRobotFramework\TestCases\Workspaces\geckodriver-24.log</msg>
<status status="PASS" starttime="20230601 16:49:27.756" endtime="20230601 16:49:37.831"/>
</kw>
<status status="PASS" starttime="20230601 16:49:27.440" endtime="20230601 16:49:37.831"/>
</branch>
<status status="PASS" starttime="20230601 16:49:27.440" endtime="20230601 16:49:37.832"/>
</if>
<kw name="Get Window Handles" library="SeleniumLibrary">
<var>${handles}</var>
<doc>Returns all child window handles of the selected browser as a list.</doc>
<msg timestamp="20230601 16:49:37.837" level="INFO">${handles} = ['3191f1c9-d046-4a0a-a9b0-1d901a13fdbe']</msg>
<status status="PASS" starttime="20230601 16:49:37.832" endtime="20230601 16:49:37.837"/>
</kw>
<kw name="Maximize Browser Window" library="SeleniumLibrary">
<doc>Maximizes current browser window.</doc>
<status status="PASS" starttime="20230601 16:49:37.837" endtime="20230601 16:49:37.848"/>
</kw>
<kw name="Verify Current URL" library="common">
<kw name="Get Location" library="SeleniumLibrary">
<var>${curURL}</var>
<doc>Returns the current browser window URL.</doc>
<msg timestamp="20230601 16:49:37.853" level="INFO">${curURL} = https://www.involve.me/</msg>
<status status="PASS" starttime="20230601 16:49:37.849" endtime="20230601 16:49:37.854"/>
</kw>
<kw name="Log To Console" library="BuiltIn">
<arg>${curURL}</arg>
<doc>Logs the given message to the console.</doc>
<status status="PASS" starttime="20230601 16:49:37.854" endtime="20230601 16:49:37.856"/>
</kw>
<status status="PASS" starttime="20230601 16:49:37.848" endtime="20230601 16:49:37.857"/>
</kw>
<kw name="Read Json" library="common">
<var>${SCREEN_TEXTS}</var>
<arg>../../TestData/Involve_Test.json</arg>
<doc>The function, with its' own keyword reads the json files.</doc>
<kw name="Get File" library="OperatingSystem">
<var>${JSONContent}</var>
<arg>${file_path}</arg>
<doc>Returns the contents of a specified file.</doc>
<msg timestamp="20230601 16:49:37.859" level="INFO" html="true">Getting file '&lt;a href="file://C:\Users\User\PycharmProjects\InvolvemeRobotFramework\TestData\Involve_Test.json"&gt;C:\Users\User\PycharmProjects\InvolvemeRobotFramework\TestData\Involve_Test.json&lt;/a&gt;'.</msg>
<msg timestamp="20230601 16:49:37.860" level="INFO">${JSONContent} = {
    "name": "test",
    "new_name": "another test",
    "project_type": "score-based outcomes",
    "template_type": "Start from scratch",
    "project_name": "test project",
    "final_slide": "Tha...</msg>
<status status="PASS" starttime="20230601 16:49:37.858" endtime="20230601 16:49:37.860"/>
</kw>
<kw name="Evaluate" library="BuiltIn">
<var>${page}</var>
<arg>json.loads("""${JSONContent}""")</arg>
<arg>json</arg>
<doc>Evaluates the given expression in Python and returns the result.</doc>
<msg timestamp="20230601 16:49:37.861" level="INFO">${page} = {'name': 'test', 'new_name': 'another test', 'project_type': 'score-based outcomes', 'template_type': 'Start from scratch', 'project_name': 'test project', 'final_slide': 'Thank You page', 'no_project...</msg>
<status status="PASS" starttime="20230601 16:49:37.860" endtime="20230601 16:49:37.861"/>
</kw>
<msg timestamp="20230601 16:49:37.862" level="INFO">${SCREEN_TEXTS} = {'name': 'test', 'new_name': 'another test', 'project_type': 'score-based outcomes', 'template_type': 'Start from scratch', 'project_name': 'test project', 'final_slide': 'Thank You page', 'no_project...</msg>
<status status="PASS" starttime="20230601 16:49:37.857" endtime="20230601 16:49:37.862"/>
</kw>
<kw name="Set Global Variable" library="BuiltIn">
<arg>${SCREEN_TEXTS}</arg>
<doc>Makes a variable available globally in all tests and suites.</doc>
<msg timestamp="20230601 16:49:37.863" level="INFO">${SCREEN_TEXTS} = {'name': 'test', 'new_name': 'another test', 'project_type': 'score-based outcomes', 'template_type': 'Start from scratch', 'project_name': 'test project', 'final_slide': 'Thank You page', 'no_project...</msg>
<status status="PASS" starttime="20230601 16:49:37.862" endtime="20230601 16:49:37.863"/>
</kw>
<status status="PASS" starttime="20230601 16:49:27.440" endtime="20230601 16:49:37.864"/>
</kw>
<kw name="Login to the Application" library="common">
<kw name="Wait Until Page Contains Element" library="SeleniumLibrary">
<arg>${CLICK_COOKIE}</arg>
<doc>Waits until the element ``locator`` appears on the current page.</doc>
<status status="PASS" starttime="20230601 16:49:37.866" endtime="20230601 16:49:38.117"/>
</kw>
<kw name="Click Cookie" library="LoginKW">
<kw name="Click For Element" library="common">
<arg>${CLICK_COOKIE}</arg>
<kw name="Get WebElement" library="SeleniumLibrary">
<var>${element1}</var>
<arg>${element}</arg>
<doc>Returns the first WebElement matching the given ``locator``.</doc>
<msg timestamp="20230601 16:49:38.127" level="INFO">${element1} = &lt;selenium.webdriver.remote.webelement.WebElement (session="f7fa9139-853c-4528-b5d9-22d66d80fb95", element="ca4af26f-f786-46e9-86d1-02de580dab96")&gt;</msg>
<status status="PASS" starttime="20230601 16:49:38.119" endtime="20230601 16:49:38.127"/>
</kw>
<kw name="Highlight" library="highlight">
<arg>${element1}</arg>
<doc>Highlights (blinks) a Selenium Webdriver element</doc>
<msg timestamp="20230601 16:49:38.500" level="INFO">Value:::    &lt;selenium.webdriver.remote.webelement.WebElement (session="f7fa9139-853c-4528-b5d9-22d66d80fb95", element="ca4af26f-f786-46e9-86d1-02de580dab96")&gt;</msg>
<status status="PASS" starttime="20230601 16:49:38.128" endtime="20230601 16:49:38.500"/>
</kw>
<kw name="Wait Until Element Is Visible" library="SeleniumLibrary">
<arg>${element1}</arg>
<doc>Waits until the element ``locator`` is visible.</doc>
<status status="PASS" starttime="20230601 16:49:38.500" endtime="20230601 16:49:38.519"/>
</kw>
<kw name="Click Element" library="SeleniumLibrary">
<arg>${element1}</arg>
<doc>Click the element identified by ``locator``.</doc>
<msg timestamp="20230601 16:49:38.521" level="INFO">Clicking element '&lt;selenium.webdriver.remote.webelement.WebElement (session="f7fa9139-853c-4528-b5d9-22d66d80fb95", element="ca4af26f-f786-46e9-86d1-02de580dab96")&gt;'.</msg>
<status status="PASS" starttime="20230601 16:49:38.519" endtime="20230601 16:49:38.829"/>
</kw>
<status status="PASS" starttime="20230601 16:49:38.118" endtime="20230601 16:49:38.831"/>
</kw>
<status status="PASS" starttime="20230601 16:49:38.117" endtime="20230601 16:49:38.831"/>
</kw>
<kw name="Click On Link Login" library="LoginKW">
<kw name="Click For Element" library="common">
<arg>${LOGIN_LINK}</arg>
<kw name="Get WebElement" library="SeleniumLibrary">
<var>${element1}</var>
<arg>${element}</arg>
<doc>Returns the first WebElement matching the given ``locator``.</doc>
<msg timestamp="20230601 16:49:38.847" level="INFO">${element1} = &lt;selenium.webdriver.remote.webelement.WebElement (session="f7fa9139-853c-4528-b5d9-22d66d80fb95", element="75697f48-dc84-411f-b552-981ff5f3b8ce")&gt;</msg>
<status status="PASS" starttime="20230601 16:49:38.831" endtime="20230601 16:49:38.847"/>
</kw>
<kw name="Highlight" library="highlight">
<arg>${element1}</arg>
<doc>Highlights (blinks) a Selenium Webdriver element</doc>
<msg timestamp="20230601 16:49:39.293" level="INFO">Value:::    &lt;selenium.webdriver.remote.webelement.WebElement (session="f7fa9139-853c-4528-b5d9-22d66d80fb95", element="75697f48-dc84-411f-b552-981ff5f3b8ce")&gt;</msg>
<status status="PASS" starttime="20230601 16:49:38.847" endtime="20230601 16:49:39.293"/>
</kw>
<kw name="Wait Until Element Is Visible" library="SeleniumLibrary">
<arg>${element1}</arg>
<doc>Waits until the element ``locator`` is visible.</doc>
<status status="PASS" starttime="20230601 16:49:39.293" endtime="20230601 16:49:39.309"/>
</kw>
<kw name="Click Element" library="SeleniumLibrary">
<arg>${element1}</arg>
<doc>Click the element identified by ``locator``.</doc>
<msg timestamp="20230601 16:49:39.309" level="INFO">Clicking element '&lt;selenium.webdriver.remote.webelement.WebElement (session="f7fa9139-853c-4528-b5d9-22d66d80fb95", element="75697f48-dc84-411f-b552-981ff5f3b8ce")&gt;'.</msg>
<status status="PASS" starttime="20230601 16:49:39.309" endtime="20230601 16:49:41.723"/>
</kw>
<status status="PASS" starttime="20230601 16:49:38.831" endtime="20230601 16:49:41.723"/>
</kw>
<status status="PASS" starttime="20230601 16:49:38.831" endtime="20230601 16:49:41.723"/>
</kw>
<kw name="Enter Email" library="LoginKW">
<arg>sabree4u2@gmail.com</arg>
<kw name="Input For Text" library="common">
<arg>${USERNAME_FIELD}</arg>
<arg>${nameInput}</arg>
<kw name="Get WebElement" library="SeleniumLibrary">
<var>${element1}</var>
<arg>${element}</arg>
<doc>Returns the first WebElement matching the given ``locator``.</doc>
<msg timestamp="20230601 16:49:41.755" level="INFO">${element1} = &lt;selenium.webdriver.remote.webelement.WebElement (session="f7fa9139-853c-4528-b5d9-22d66d80fb95", element="1d26f484-6fe0-466e-a938-a10a05de166c")&gt;</msg>
<status status="PASS" starttime="20230601 16:49:41.729" endtime="20230601 16:49:41.755"/>
</kw>
<kw name="Highlight" library="highlight">
<arg>${element1}</arg>
<doc>Highlights (blinks) a Selenium Webdriver element</doc>
<msg timestamp="20230601 16:49:42.152" level="INFO">Value:::    &lt;selenium.webdriver.remote.webelement.WebElement (session="f7fa9139-853c-4528-b5d9-22d66d80fb95", element="1d26f484-6fe0-466e-a938-a10a05de166c")&gt;</msg>
<status status="PASS" starttime="20230601 16:49:41.756" endtime="20230601 16:49:42.152"/>
</kw>
<kw name="Wait Until Element Is Visible" library="SeleniumLibrary">
<arg>${element1}</arg>
<doc>Waits until the element ``locator`` is visible.</doc>
<status status="PASS" starttime="20230601 16:49:42.153" endtime="20230601 16:49:42.197"/>
</kw>
<kw name="Input Text" library="SeleniumLibrary">
<arg>${element1}</arg>
<arg>${input}</arg>
<doc>Types the given ``text`` into the text field identified by ``locator``.</doc>
<msg timestamp="20230601 16:49:42.200" level="INFO">Typing text 'sabree4u2@gmail.com' into text field '&lt;selenium.webdriver.remote.webelement.WebElement (session="f7fa9139-853c-4528-b5d9-22d66d80fb95", element="1d26f484-6fe0-466e-a938-a10a05de166c")&gt;'.</msg>
<status status="PASS" starttime="20230601 16:49:42.197" endtime="20230601 16:49:42.310"/>
</kw>
<status status="PASS" starttime="20230601 16:49:41.727" endtime="20230601 16:49:42.310"/>
</kw>
<status status="PASS" starttime="20230601 16:49:41.723" endtime="20230601 16:49:42.310"/>
</kw>
<kw name="Enter Password" library="LoginKW">
<arg>Nausheen4Only</arg>
<kw name="Input For Text" library="common">
<arg>${PASSWORD_FIELD}</arg>
<arg>${passwordInput}</arg>
<kw name="Get WebElement" library="SeleniumLibrary">
<var>${element1}</var>
<arg>${element}</arg>
<doc>Returns the first WebElement matching the given ``locator``.</doc>
<msg timestamp="20230601 16:49:42.323" level="INFO">${element1} = &lt;selenium.webdriver.remote.webelement.WebElement (session="f7fa9139-853c-4528-b5d9-22d66d80fb95", element="661f9e56-5e36-47f8-87ef-469043a77a39")&gt;</msg>
<status status="PASS" starttime="20230601 16:49:42.313" endtime="20230601 16:49:42.323"/>
</kw>
<kw name="Highlight" library="highlight">
<arg>${element1}</arg>
<doc>Highlights (blinks) a Selenium Webdriver element</doc>
<msg timestamp="20230601 16:49:42.661" level="INFO">Value:::    &lt;selenium.webdriver.remote.webelement.WebElement (session="f7fa9139-853c-4528-b5d9-22d66d80fb95", element="661f9e56-5e36-47f8-87ef-469043a77a39")&gt;</msg>
<status status="PASS" starttime="20230601 16:49:42.323" endtime="20230601 16:49:42.661"/>
</kw>
<kw name="Wait Until Element Is Visible" library="SeleniumLibrary">
<arg>${element1}</arg>
<doc>Waits until the element ``locator`` is visible.</doc>
<status status="PASS" starttime="20230601 16:49:42.661" endtime="20230601 16:49:42.681"/>
</kw>
<kw name="Input Text" library="SeleniumLibrary">
<arg>${element1}</arg>
<arg>${input}</arg>
<doc>Types the given ``text`` into the text field identified by ``locator``.</doc>
<msg timestamp="20230601 16:49:42.681" level="INFO">Typing text 'Nausheen4Only' into text field '&lt;selenium.webdriver.remote.webelement.WebElement (session="f7fa9139-853c-4528-b5d9-22d66d80fb95", element="661f9e56-5e36-47f8-87ef-469043a77a39")&gt;'.</msg>
<status status="PASS" starttime="20230601 16:49:42.681" endtime="20230601 16:49:42.726"/>
</kw>
<status status="PASS" starttime="20230601 16:49:42.312" endtime="20230601 16:49:42.726"/>
</kw>
<status status="PASS" starttime="20230601 16:49:42.310" endtime="20230601 16:49:42.726"/>
</kw>
<kw name="Click On Sign in button" library="LoginKW">
<kw name="Click For Element" library="common">
<arg>${LOGIN_BUTTON}</arg>
<kw name="Get WebElement" library="SeleniumLibrary">
<var>${element1}</var>
<arg>${element}</arg>
<doc>Returns the first WebElement matching the given ``locator``.</doc>
<msg timestamp="20230601 16:49:42.735" level="INFO">${element1} = &lt;selenium.webdriver.remote.webelement.WebElement (session="f7fa9139-853c-4528-b5d9-22d66d80fb95", element="97a457e8-6341-4095-bf3c-3f0489482a67")&gt;</msg>
<status status="PASS" starttime="20230601 16:49:42.730" endtime="20230601 16:49:42.735"/>
</kw>
<kw name="Highlight" library="highlight">
<arg>${element1}</arg>
<doc>Highlights (blinks) a Selenium Webdriver element</doc>
<msg timestamp="20230601 16:49:43.066" level="INFO">Value:::    &lt;selenium.webdriver.remote.webelement.WebElement (session="f7fa9139-853c-4528-b5d9-22d66d80fb95", element="97a457e8-6341-4095-bf3c-3f0489482a67")&gt;</msg>
<status status="PASS" starttime="20230601 16:49:42.735" endtime="20230601 16:49:43.066"/>
</kw>
<kw name="Wait Until Element Is Visible" library="SeleniumLibrary">
<arg>${element1}</arg>
<doc>Waits until the element ``locator`` is visible.</doc>
<status status="PASS" starttime="20230601 16:49:43.067" endtime="20230601 16:49:43.084"/>
</kw>
<kw name="Click Element" library="SeleniumLibrary">
<arg>${element1}</arg>
<doc>Click the element identified by ``locator``.</doc>
<msg timestamp="20230601 16:49:43.085" level="INFO">Clicking element '&lt;selenium.webdriver.remote.webelement.WebElement (session="f7fa9139-853c-4528-b5d9-22d66d80fb95", element="97a457e8-6341-4095-bf3c-3f0489482a67")&gt;'.</msg>
<status status="PASS" starttime="20230601 16:49:43.084" endtime="20230601 16:49:43.336"/>
</kw>
<status status="PASS" starttime="20230601 16:49:42.728" endtime="20230601 16:49:43.336"/>
</kw>
<status status="PASS" starttime="20230601 16:49:42.726" endtime="20230601 16:49:43.337"/>
</kw>
<status status="PASS" starttime="20230601 16:49:37.865" endtime="20230601 16:49:43.337"/>
</kw>
<kw name="create_workspace" library="WorkspaceKW">
<arg>test</arg>
<kw name="Sleep" library="BuiltIn">
<arg>2s</arg>
<doc>Pauses the test executed for the given time.</doc>
<msg timestamp="20230601 16:49:45.354" level="INFO">Slept 2 seconds</msg>
<status status="PASS" starttime="20230601 16:49:43.337" endtime="20230601 16:49:45.354"/>
</kw>
<kw name="Wait Until Page Contains Element" library="SeleniumLibrary">
<arg>${RATING}</arg>
<doc>Waits until the element ``locator`` appears on the current page.</doc>
<status status="PASS" starttime="20230601 16:49:45.354" endtime="20230601 16:49:49.424"/>
</kw>
<kw name="Click For Element" library="common">
<arg>${RATING}</arg>
<kw name="Get WebElement" library="SeleniumLibrary">
<var>${element1}</var>
<arg>${element}</arg>
<doc>Returns the first WebElement matching the given ``locator``.</doc>
<msg timestamp="20230601 16:49:49.463" level="INFO">${element1} = &lt;selenium.webdriver.remote.webelement.WebElement (session="f7fa9139-853c-4528-b5d9-22d66d80fb95", element="f835e44f-548d-45ad-96c4-c5a26c55f3a4")&gt;</msg>
<status status="PASS" starttime="20230601 16:49:49.427" endtime="20230601 16:49:49.463"/>
</kw>
<kw name="Highlight" library="highlight">
<arg>${element1}</arg>
<doc>Highlights (blinks) a Selenium Webdriver element</doc>
<msg timestamp="20230601 16:49:49.819" level="INFO">Value:::    &lt;selenium.webdriver.remote.webelement.WebElement (session="f7fa9139-853c-4528-b5d9-22d66d80fb95", element="f835e44f-548d-45ad-96c4-c5a26c55f3a4")&gt;</msg>
<status status="PASS" starttime="20230601 16:49:49.463" endtime="20230601 16:49:49.820"/>
</kw>
<kw name="Wait Until Element Is Visible" library="SeleniumLibrary">
<arg>${element1}</arg>
<doc>Waits until the element ``locator`` is visible.</doc>
<status status="PASS" starttime="20230601 16:49:49.821" endtime="20230601 16:49:49.890"/>
</kw>
<kw name="Click Element" library="SeleniumLibrary">
<arg>${element1}</arg>
<doc>Click the element identified by ``locator``.</doc>
<msg timestamp="20230601 16:49:49.892" level="INFO">Clicking element '&lt;selenium.webdriver.remote.webelement.WebElement (session="f7fa9139-853c-4528-b5d9-22d66d80fb95", element="f835e44f-548d-45ad-96c4-c5a26c55f3a4")&gt;'.</msg>
<status status="PASS" starttime="20230601 16:49:49.890" endtime="20230601 16:49:50.154"/>
</kw>
<status status="PASS" starttime="20230601 16:49:49.425" endtime="20230601 16:49:50.154"/>
</kw>
<kw name="Sleep" library="BuiltIn">
<arg>2s</arg>
<doc>Pauses the test executed for the given time.</doc>
<msg timestamp="20230601 16:49:52.163" level="INFO">Slept 2 seconds</msg>
<status status="PASS" starttime="20230601 16:49:50.154" endtime="20230601 16:49:52.164"/>
</kw>
<kw name="Click For Element" library="common">
<arg>${CREATE_NEW_WORKSPACE_BUTTON}</arg>
<kw name="Get WebElement" library="SeleniumLibrary">
<var>${element1}</var>
<arg>${element}</arg>
<doc>Returns the first WebElement matching the given ``locator``.</doc>
<msg timestamp="20230601 16:49:52.190" level="INFO">${element1} = &lt;selenium.webdriver.remote.webelement.WebElement (session="f7fa9139-853c-4528-b5d9-22d66d80fb95", element="8fd5fbe0-e8a6-4a84-ab3d-3c2cb3d54bc7")&gt;</msg>
<status status="PASS" starttime="20230601 16:49:52.168" endtime="20230601 16:49:52.190"/>
</kw>
<kw name="Highlight" library="highlight">
<arg>${element1}</arg>
<doc>Highlights (blinks) a Selenium Webdriver element</doc>
<msg timestamp="20230601 16:49:52.588" level="INFO">Value:::    &lt;selenium.webdriver.remote.webelement.WebElement (session="f7fa9139-853c-4528-b5d9-22d66d80fb95", element="8fd5fbe0-e8a6-4a84-ab3d-3c2cb3d54bc7")&gt;</msg>
<status status="PASS" starttime="20230601 16:49:52.190" endtime="20230601 16:49:52.588"/>
</kw>
<kw name="Wait Until Element Is Visible" library="SeleniumLibrary">
<arg>${element1}</arg>
<doc>Waits until the element ``locator`` is visible.</doc>
<status status="PASS" starttime="20230601 16:49:52.589" endtime="20230601 16:49:52.625"/>
</kw>
<kw name="Click Element" library="SeleniumLibrary">
<arg>${element1}</arg>
<doc>Click the element identified by ``locator``.</doc>
<msg timestamp="20230601 16:49:52.628" level="INFO">Clicking element '&lt;selenium.webdriver.remote.webelement.WebElement (session="f7fa9139-853c-4528-b5d9-22d66d80fb95", element="8fd5fbe0-e8a6-4a84-ab3d-3c2cb3d54bc7")&gt;'.</msg>
<status status="PASS" starttime="20230601 16:49:52.626" endtime="20230601 16:49:52.985"/>
</kw>
<status status="PASS" starttime="20230601 16:49:52.165" endtime="20230601 16:49:52.985"/>
</kw>
<kw name="Get Count of Elements" library="common">
<var>${before}</var>
<arg>${WORKSPACE_LIST}</arg>
<kw name="Get WebElement" library="SeleniumLibrary">
<var>${element1}</var>
<arg>${element}</arg>
<doc>Returns the first WebElement matching the given ``locator``.</doc>
<msg timestamp="20230601 16:49:53.008" level="INFO">${element1} = &lt;selenium.webdriver.remote.webelement.WebElement (session="f7fa9139-853c-4528-b5d9-22d66d80fb95", element="ca4c1838-a3ef-4490-9a18-1e577c814f92")&gt;</msg>
<status status="PASS" starttime="20230601 16:49:52.987" endtime="20230601 16:49:53.009"/>
</kw>
<kw name="Highlight" library="highlight">
<arg>${element1}</arg>
<doc>Highlights (blinks) a Selenium Webdriver element</doc>
<msg timestamp="20230601 16:49:53.431" level="INFO">Value:::    &lt;selenium.webdriver.remote.webelement.WebElement (session="f7fa9139-853c-4528-b5d9-22d66d80fb95", element="ca4c1838-a3ef-4490-9a18-1e577c814f92")&gt;</msg>
<status status="PASS" starttime="20230601 16:49:53.010" endtime="20230601 16:49:53.431"/>
</kw>
<kw name="Get Element Count" library="SeleniumLibrary">
<var>${my_list}</var>
<arg>${element}</arg>
<doc>Returns the number of elements matching ``locator``.</doc>
<msg timestamp="20230601 16:49:53.451" level="INFO">${my_list} = 3</msg>
<status status="PASS" starttime="20230601 16:49:53.432" endtime="20230601 16:49:53.451"/>
</kw>
<kw name="Log To Console" library="BuiltIn">
<arg>${my_list}</arg>
<doc>Logs the given message to the console.</doc>
<status status="PASS" starttime="20230601 16:49:53.452" endtime="20230601 16:49:53.454"/>
</kw>
<msg timestamp="20230601 16:49:53.456" level="INFO">${before} = 3</msg>
<status status="PASS" starttime="20230601 16:49:52.986" endtime="20230601 16:49:53.456"/>
</kw>
<kw name="Sleep" library="BuiltIn">
<arg>1s</arg>
<doc>Pauses the test executed for the given time.</doc>
<msg timestamp="20230601 16:49:54.473" level="INFO">Slept 1 second</msg>
<status status="PASS" starttime="20230601 16:49:53.457" endtime="20230601 16:49:54.473"/>
</kw>
<kw name="Log To Console" library="BuiltIn">
<arg>${before}</arg>
<doc>Logs the given message to the console.</doc>
<status status="PASS" starttime="20230601 16:49:54.474" endtime="20230601 16:49:54.479"/>
</kw>
<kw name="Sleep" library="BuiltIn">
<arg>1s</arg>
<doc>Pauses the test executed for the given time.</doc>
<msg timestamp="20230601 16:49:55.484" level="INFO">Slept 1 second</msg>
<status status="PASS" starttime="20230601 16:49:54.480" endtime="20230601 16:49:55.484"/>
</kw>
<kw name="Input For Text" library="common">
<arg>${NEW_WORKSPACE_NAME_FIELD}</arg>
<arg>${nameC}</arg>
<kw name="Get WebElement" library="SeleniumLibrary">
<var>${element1}</var>
<arg>${element}</arg>
<doc>Returns the first WebElement matching the given ``locator``.</doc>
<msg timestamp="20230601 16:49:55.504" level="INFO">${element1} = &lt;selenium.webdriver.remote.webelement.WebElement (session="f7fa9139-853c-4528-b5d9-22d66d80fb95", element="e5545184-c7f1-406b-85a5-ab7b50c34df1")&gt;</msg>
<status status="PASS" starttime="20230601 16:49:55.488" endtime="20230601 16:49:55.504"/>
</kw>
<kw name="Highlight" library="highlight">
<arg>${element1}</arg>
<doc>Highlights (blinks) a Selenium Webdriver element</doc>
<msg timestamp="20230601 16:49:55.875" level="INFO">Value:::    &lt;selenium.webdriver.remote.webelement.WebElement (session="f7fa9139-853c-4528-b5d9-22d66d80fb95", element="e5545184-c7f1-406b-85a5-ab7b50c34df1")&gt;</msg>
<status status="PASS" starttime="20230601 16:49:55.505" endtime="20230601 16:49:55.876"/>
</kw>
<kw name="Wait Until Element Is Visible" library="SeleniumLibrary">
<arg>${element1}</arg>
<doc>Waits until the element ``locator`` is visible.</doc>
<status status="PASS" starttime="20230601 16:49:55.877" endtime="20230601 16:49:55.933"/>
</kw>
<kw name="Input Text" library="SeleniumLibrary">
<arg>${element1}</arg>
<arg>${input}</arg>
<doc>Types the given ``text`` into the text field identified by ``locator``.</doc>
<msg timestamp="20230601 16:49:55.936" level="INFO">Typing text 'test' into text field '&lt;selenium.webdriver.remote.webelement.WebElement (session="f7fa9139-853c-4528-b5d9-22d66d80fb95", element="e5545184-c7f1-406b-85a5-ab7b50c34df1")&gt;'.</msg>
<status status="PASS" starttime="20230601 16:49:55.933" endtime="20230601 16:49:55.987"/>
</kw>
<status status="PASS" starttime="20230601 16:49:55.485" endtime="20230601 16:49:55.988"/>
</kw>
<kw name="Click For Element" library="common">
<arg>${CONFIRMATION_BUTTON}</arg>
<kw name="Get WebElement" library="SeleniumLibrary">
<var>${element1}</var>
<arg>${element}</arg>
<doc>Returns the first WebElement matching the given ``locator``.</doc>
<msg timestamp="20230601 16:49:55.997" level="INFO">${element1} = &lt;selenium.webdriver.remote.webelement.WebElement (session="f7fa9139-853c-4528-b5d9-22d66d80fb95", element="113d207a-8c51-438d-b675-ff87be14973d")&gt;</msg>
<status status="PASS" starttime="20230601 16:49:55.991" endtime="20230601 16:49:55.997"/>
</kw>
<kw name="Highlight" library="highlight">
<arg>${element1}</arg>
<doc>Highlights (blinks) a Selenium Webdriver element</doc>
<msg timestamp="20230601 16:49:56.341" level="INFO">Value:::    &lt;selenium.webdriver.remote.webelement.WebElement (session="f7fa9139-853c-4528-b5d9-22d66d80fb95", element="113d207a-8c51-438d-b675-ff87be14973d")&gt;</msg>
<status status="PASS" starttime="20230601 16:49:55.997" endtime="20230601 16:49:56.342"/>
</kw>
<kw name="Wait Until Element Is Visible" library="SeleniumLibrary">
<arg>${element1}</arg>
<doc>Waits until the element ``locator`` is visible.</doc>
<status status="PASS" starttime="20230601 16:49:56.344" endtime="20230601 16:49:56.414"/>
</kw>
<kw name="Click Element" library="SeleniumLibrary">
<arg>${element1}</arg>
<doc>Click the element identified by ``locator``.</doc>
<msg timestamp="20230601 16:49:56.417" level="INFO">Clicking element '&lt;selenium.webdriver.remote.webelement.WebElement (session="f7fa9139-853c-4528-b5d9-22d66d80fb95", element="113d207a-8c51-438d-b675-ff87be14973d")&gt;'.</msg>
<status status="PASS" starttime="20230601 16:49:56.415" endtime="20230601 16:49:56.715"/>
</kw>
<status status="PASS" starttime="20230601 16:49:55.989" endtime="20230601 16:49:56.716"/>
</kw>
<kw name="Sleep" library="BuiltIn">
<arg>2s</arg>
<doc>Pauses the test executed for the given time.</doc>
<msg timestamp="20230601 16:49:58.723" level="INFO">Slept 2 seconds</msg>
<status status="PASS" starttime="20230601 16:49:56.716" endtime="20230601 16:49:58.723"/>
</kw>
<kw name="Get Count of Elements" library="common">
<var>${after}</var>
<arg>${WORKSPACE_LIST}</arg>
<kw name="Get WebElement" library="SeleniumLibrary">
<var>${element1}</var>
<arg>${element}</arg>
<doc>Returns the first WebElement matching the given ``locator``.</doc>
<msg timestamp="20230601 16:49:58.753" level="INFO">${element1} = &lt;selenium.webdriver.remote.webelement.WebElement (session="f7fa9139-853c-4528-b5d9-22d66d80fb95", element="db62e0aa-a075-4d8f-b255-9152458d0edb")&gt;</msg>
<status status="PASS" starttime="20230601 16:49:58.724" endtime="20230601 16:49:58.753"/>
</kw>
<kw name="Highlight" library="highlight">
<arg>${element1}</arg>
<doc>Highlights (blinks) a Selenium Webdriver element</doc>
<msg timestamp="20230601 16:49:59.195" level="INFO">Value:::    &lt;selenium.webdriver.remote.webelement.WebElement (session="f7fa9139-853c-4528-b5d9-22d66d80fb95", element="db62e0aa-a075-4d8f-b255-9152458d0edb")&gt;</msg>
<status status="PASS" starttime="20230601 16:49:58.753" endtime="20230601 16:49:59.195"/>
</kw>
<kw name="Get Element Count" library="SeleniumLibrary">
<var>${my_list}</var>
<arg>${element}</arg>
<doc>Returns the number of elements matching ``locator``.</doc>
<msg timestamp="20230601 16:49:59.202" level="INFO">${my_list} = 4</msg>
<status status="PASS" starttime="20230601 16:49:59.195" endtime="20230601 16:49:59.202"/>
</kw>
<kw name="Log To Console" library="BuiltIn">
<arg>${my_list}</arg>
<doc>Logs the given message to the console.</doc>
<status status="PASS" starttime="20230601 16:49:59.202" endtime="20230601 16:49:59.203"/>
</kw>
<msg timestamp="20230601 16:49:59.203" level="INFO">${after} = 4</msg>
<status status="PASS" starttime="20230601 16:49:58.723" endtime="20230601 16:49:59.203"/>
</kw>
<kw name="Log To Console" library="BuiltIn">
<arg>${after}</arg>
<doc>Logs the given message to the console.</doc>
<status status="PASS" starttime="20230601 16:49:59.203" endtime="20230601 16:49:59.204"/>
</kw>
<status status="PASS" starttime="20230601 16:49:43.337" endtime="20230601 16:49:59.204"/>
</kw>
<kw name="Close My Browser" library="common" type="TEARDOWN">
<kw name="Sleep" library="BuiltIn">
<arg>2s</arg>
<doc>Pauses the test executed for the given time.</doc>
<msg timestamp="20230601 16:50:01.218" level="INFO">Slept 2 seconds</msg>
<status status="PASS" starttime="20230601 16:49:59.205" endtime="20230601 16:50:01.219"/>
</kw>
<kw name="Close All Browsers" library="SeleniumLibrary">
<doc>Closes all open browsers and resets the browser cache.</doc>
<status status="PASS" starttime="20230601 16:50:01.220" endtime="20230601 16:50:04.643"/>
</kw>
<status status="PASS" starttime="20230601 16:49:59.205" endtime="20230601 16:50:04.643"/>
</kw>
<tag>Create</tag>
<status status="PASS" starttime="20230601 16:49:27.439" endtime="20230601 16:50:04.644"/>
</test>
<doc>Workspace</doc>
<status status="PASS" starttime="20230601 16:49:26.927" endtime="20230601 16:50:04.649"/>
</suite>
<statistics>
<total>
<stat pass="1" fail="0" skip="0">All Tests</stat>
</total>
<tag>
<stat pass="1" fail="0" skip="0">Create</stat>
</tag>
<suite>
<stat pass="1" fail="0" skip="0" id="s1" name="WorkspaceTC">WorkspaceTC</stat>
</suite>
</statistics>
<errors>
</errors>
</robot>
