<?xml version="1.0" encoding="UTF-8"?>
<robot generator="Robot 6.0.2 (Python 3.8.5 on win32)" generated="20240118 22:52:54.368" rpa="false" schemaversion="3">
<suite id="s1" name="WorkspaceTC" source="C:\Users\User\PycharmProjects\InvolvemeRobotFramework\TestCases\Workspaces\WorkspaceTC.robot">
<test id="s1-t1" name="03 Delete Workspace" line="25">
<kw name="Start" library="common" type="SETUP">
<if>
<branch type="IF" condition="&quot;${browser}&quot; == &quot;chrome&quot;">
<kw name="Get Chromedriver Path" library="browser">
<var>${driver_path}</var>
<status status="NOT RUN" starttime="20240118 22:52:55.056" endtime="20240118 22:52:55.056"/>
</kw>
<kw name="Open Browser" library="SeleniumLibrary">
<arg>${URL}</arg>
<arg>chrome</arg>
<arg>executable_path=${driver_path}</arg>
<doc>Opens a new browser instance to the optional ``url``.</doc>
<status status="NOT RUN" starttime="20240118 22:52:55.056" endtime="20240118 22:52:55.056"/>
</kw>
<kw name="Go To" library="SeleniumLibrary">
<arg>${URL}</arg>
<doc>Navigates the current browser window to the provided ``url``.</doc>
<status status="NOT RUN" starttime="20240118 22:52:55.056" endtime="20240118 22:52:55.056"/>
</kw>
<status status="NOT RUN" starttime="20240118 22:52:55.056" endtime="20240118 22:52:55.056"/>
</branch>
<branch type="ELSE IF" condition="&quot;${browser}&quot; == &quot;firefox&quot;">
<kw name="Disable Download Dialog" library="browser">
<var>${driver_path}</var>
<msg timestamp="20240118 22:52:55.056" level="INFO">
</msg>
<msg timestamp="20240118 22:52:55.056" level="INFO">====== WebDriver manager ======</msg>
<msg timestamp="20240118 22:52:55.228" level="INFO">Driver [C:\WINDOWS\system32\config\systemprofile\.wdm\drivers\geckodriver\win64\v0.34.0\geckodriver.exe] found in cache</msg>
<msg timestamp="20240118 22:52:55.228" level="INFO">Firefox Path    C:\WINDOWS\system32\config\systemprofile\.wdm\drivers\geckodriver\win64\v0.34.0\geckodriver.exe</msg>
<msg timestamp="20240118 22:52:55.228" level="INFO">====== WebDriver manager ======
Driver [C:\WINDOWS\system32\config\systemprofile\.wdm\drivers\geckodriver\win64\v0.34.0\geckodriver.exe] found in cache</msg>
<msg timestamp="20240118 22:52:55.228" level="INFO">${driver_path} = C:\WINDOWS\system32\config\systemprofile\.wdm\drivers\geckodriver\win64\v0.34.0\geckodriver.exe</msg>
<status status="PASS" starttime="20240118 22:52:55.056" endtime="20240118 22:52:55.228"/>
</kw>
<kw name="Open Browser" library="SeleniumLibrary">
<arg>${URL}</arg>
<arg>firefox</arg>
<arg>executable_path=${driver_path}</arg>
<doc>Opens a new browser instance to the optional ``url``.</doc>
<msg timestamp="20240118 22:52:55.228" level="INFO">Opening browser 'firefox' to base url 'https://www.involve.me/'.</msg>
<msg timestamp="20240118 22:52:55.228" level="INFO">Firefox driver log is always forced to to: C:\Users\User\PycharmProjects\InvolvemeRobotFramework\TestCases\Workspaces\geckodriver-18.log</msg>
<status status="PASS" starttime="20240118 22:52:55.228" endtime="20240118 22:53:02.034"/>
</kw>
<status status="PASS" starttime="20240118 22:52:55.056" endtime="20240118 22:53:02.035"/>
</branch>
<branch type="ELSE">
<kw name="Disable Download Dialog" library="browser">
<var>${driver_path}</var>
<status status="NOT RUN" starttime="20240118 22:53:02.036" endtime="20240118 22:53:02.037"/>
</kw>
<kw name="Open Browser" library="SeleniumLibrary">
<arg>${URL}</arg>
<arg>firefox</arg>
<arg>executable_path=${driver_path}</arg>
<doc>Opens a new browser instance to the optional ``url``.</doc>
<status status="NOT RUN" starttime="20240118 22:53:02.038" endtime="20240118 22:53:02.038"/>
</kw>
<status status="NOT RUN" starttime="20240118 22:53:02.036" endtime="20240118 22:53:02.038"/>
</branch>
<status status="PASS" starttime="20240118 22:52:55.056" endtime="20240118 22:53:02.039"/>
</if>
<kw name="Get Window Handles" library="SeleniumLibrary">
<var>${handles}</var>
<doc>Returns all child window handles of the selected browser as a list.</doc>
<msg timestamp="20240118 22:53:02.046" level="INFO">${handles} = ['b566cb7a-48c7-4757-b4c4-87de16c4d939']</msg>
<status status="PASS" starttime="20240118 22:53:02.039" endtime="20240118 22:53:02.047"/>
</kw>
<kw name="Maximize Browser Window" library="SeleniumLibrary">
<doc>Maximizes current browser window.</doc>
<status status="PASS" starttime="20240118 22:53:02.048" endtime="20240118 22:53:02.057"/>
</kw>
<kw name="Verify Current URL" library="common">
<kw name="Get Location" library="SeleniumLibrary">
<var>${curURL}</var>
<doc>Returns the current browser window URL.</doc>
<msg timestamp="20240118 22:53:02.064" level="INFO">${curURL} = https://www.involve.me/</msg>
<status status="PASS" starttime="20240118 22:53:02.059" endtime="20240118 22:53:02.064"/>
</kw>
<kw name="Log To Console" library="BuiltIn">
<arg>${curURL}</arg>
<doc>Logs the given message to the console.</doc>
<status status="PASS" starttime="20240118 22:53:02.066" endtime="20240118 22:53:02.067"/>
</kw>
<status status="PASS" starttime="20240118 22:53:02.058" endtime="20240118 22:53:02.068"/>
</kw>
<kw name="Read Json" library="common">
<var>${SCREEN_TEXTS}</var>
<arg>C:/Users/User/PycharmProjects/InvolvemeRobotFramework/TestData/Involve_Test.json</arg>
<doc>The function, with its' own keyword reads the json files.</doc>
<kw name="Get File" library="OperatingSystem">
<var>${JSONContent}</var>
<arg>${file_path}</arg>
<doc>Returns the contents of a specified file.</doc>
<msg timestamp="20240118 22:53:02.070" level="INFO" html="true">Getting file '&lt;a href="file://C:\Users\User\PycharmProjects\InvolvemeRobotFramework\TestData\Involve_Test.json"&gt;C:\Users\User\PycharmProjects\InvolvemeRobotFramework\TestData\Involve_Test.json&lt;/a&gt;'.</msg>
<msg timestamp="20240118 22:53:02.071" level="INFO">${JSONContent} = {
    "name": "test",
    "new_name": "another test",
    "project_type": "score-based outcomes",
    "template_type": "Start from scratch",
    "project_name": "test project",
    "final_slide": "Tha...</msg>
<status status="PASS" starttime="20240118 22:53:02.070" endtime="20240118 22:53:02.071"/>
</kw>
<kw name="Evaluate" library="BuiltIn">
<var>${page}</var>
<arg>json.loads("""${JSONContent}""")</arg>
<arg>json</arg>
<doc>Evaluates the given expression in Python and returns the result.</doc>
<msg timestamp="20240118 22:53:02.074" level="INFO">${page} = {'name': 'test', 'new_name': 'another test', 'project_type': 'score-based outcomes', 'template_type': 'Start from scratch', 'project_name': 'test project', 'final_slide': 'Thank You page', 'no_project...</msg>
<status status="PASS" starttime="20240118 22:53:02.073" endtime="20240118 22:53:02.074"/>
</kw>
<msg timestamp="20240118 22:53:02.077" level="INFO">${SCREEN_TEXTS} = {'name': 'test', 'new_name': 'another test', 'project_type': 'score-based outcomes', 'template_type': 'Start from scratch', 'project_name': 'test project', 'final_slide': 'Thank You page', 'no_project...</msg>
<status status="PASS" starttime="20240118 22:53:02.069" endtime="20240118 22:53:02.077"/>
</kw>
<kw name="Set Global Variable" library="BuiltIn">
<arg>${SCREEN_TEXTS}</arg>
<doc>Makes a variable available globally in all tests and suites.</doc>
<msg timestamp="20240118 22:53:02.079" level="INFO">${SCREEN_TEXTS} = {'name': 'test', 'new_name': 'another test', 'project_type': 'score-based outcomes', 'template_type': 'Start from scratch', 'project_name': 'test project', 'final_slide': 'Thank You page', 'no_project...</msg>
<status status="PASS" starttime="20240118 22:53:02.078" endtime="20240118 22:53:02.079"/>
</kw>
<status status="PASS" starttime="20240118 22:52:55.056" endtime="20240118 22:53:02.081"/>
</kw>
<kw name="Login to the Application" library="common">
<kw name="Click On Link Login" library="LoginKW">
<kw name="Click For Element" library="common">
<arg>${LOGIN_LINK}</arg>
<kw name="Get WebElement" library="SeleniumLibrary">
<var>${element1}</var>
<arg>${element}</arg>
<doc>Returns the first WebElement matching the given ``locator``.</doc>
<msg timestamp="20240118 22:53:02.181" level="INFO">${element1} = &lt;selenium.webdriver.remote.webelement.WebElement (session="83b8e098-e46d-4b64-9138-9823199f73eb", element="33c90081-f6d8-4845-ae9d-36b37e7d6ba5")&gt;</msg>
<status status="PASS" starttime="20240118 22:53:02.084" endtime="20240118 22:53:02.181"/>
</kw>
<kw name="Highlight" library="highlight">
<arg>${element1}</arg>
<doc>Highlights (blinks) a Selenium Webdriver element</doc>
<msg timestamp="20240118 22:53:02.776" level="INFO">Value:::    &lt;selenium.webdriver.remote.webelement.WebElement (session="83b8e098-e46d-4b64-9138-9823199f73eb", element="33c90081-f6d8-4845-ae9d-36b37e7d6ba5")&gt;</msg>
<status status="PASS" starttime="20240118 22:53:02.183" endtime="20240118 22:53:02.776"/>
</kw>
<kw name="Wait Until Element Is Visible" library="SeleniumLibrary">
<arg>${element1}</arg>
<doc>Waits until the element ``locator`` is visible.</doc>
<status status="PASS" starttime="20240118 22:53:02.777" endtime="20240118 22:53:02.799"/>
</kw>
<kw name="Click Element" library="SeleniumLibrary">
<arg>${element1}</arg>
<doc>Click the element identified by ``locator``.</doc>
<msg timestamp="20240118 22:53:02.801" level="INFO">Clicking element '&lt;selenium.webdriver.remote.webelement.WebElement (session="83b8e098-e46d-4b64-9138-9823199f73eb", element="33c90081-f6d8-4845-ae9d-36b37e7d6ba5")&gt;'.</msg>
<status status="PASS" starttime="20240118 22:53:02.800" endtime="20240118 22:53:04.233"/>
</kw>
<status status="PASS" starttime="20240118 22:53:02.083" endtime="20240118 22:53:04.234"/>
</kw>
<status status="PASS" starttime="20240118 22:53:02.082" endtime="20240118 22:53:04.235"/>
</kw>
<kw name="Enter Email" library="LoginKW">
<arg>sabree4u2@gmail.com</arg>
<kw name="Input For Text" library="common">
<arg>${USERNAME_FIELD}</arg>
<arg>${nameInput}</arg>
<kw name="Get WebElement" library="SeleniumLibrary">
<var>${element1}</var>
<arg>${element}</arg>
<doc>Returns the first WebElement matching the given ``locator``.</doc>
<msg timestamp="20240118 22:53:04.277" level="INFO">${element1} = &lt;selenium.webdriver.remote.webelement.WebElement (session="83b8e098-e46d-4b64-9138-9823199f73eb", element="e5ef9866-f383-4637-a7f2-f9daea3646a2")&gt;</msg>
<status status="PASS" starttime="20240118 22:53:04.239" endtime="20240118 22:53:04.277"/>
</kw>
<kw name="Highlight" library="highlight">
<arg>${element1}</arg>
<doc>Highlights (blinks) a Selenium Webdriver element</doc>
<msg timestamp="20240118 22:53:04.659" level="INFO">Value:::    &lt;selenium.webdriver.remote.webelement.WebElement (session="83b8e098-e46d-4b64-9138-9823199f73eb", element="e5ef9866-f383-4637-a7f2-f9daea3646a2")&gt;</msg>
<status status="PASS" starttime="20240118 22:53:04.279" endtime="20240118 22:53:04.659"/>
</kw>
<kw name="Wait Until Element Is Visible" library="SeleniumLibrary">
<arg>${element1}</arg>
<doc>Waits until the element ``locator`` is visible.</doc>
<status status="PASS" starttime="20240118 22:53:04.661" endtime="20240118 22:53:04.678"/>
</kw>
<kw name="Input Text" library="SeleniumLibrary">
<arg>${element1}</arg>
<arg>${input}</arg>
<doc>Types the given ``text`` into the text field identified by ``locator``.</doc>
<msg timestamp="20240118 22:53:04.679" level="INFO">Typing text 'sabree4u2@gmail.com' into text field '&lt;selenium.webdriver.remote.webelement.WebElement (session="83b8e098-e46d-4b64-9138-9823199f73eb", element="e5ef9866-f383-4637-a7f2-f9daea3646a2")&gt;'.</msg>
<status status="PASS" starttime="20240118 22:53:04.678" endtime="20240118 22:53:04.707"/>
</kw>
<status status="PASS" starttime="20240118 22:53:04.237" endtime="20240118 22:53:04.709"/>
</kw>
<status status="PASS" starttime="20240118 22:53:04.236" endtime="20240118 22:53:04.709"/>
</kw>
<kw name="Enter Password" library="LoginKW">
<arg>Nausheen4Only</arg>
<kw name="Input For Text" library="common">
<arg>${PASSWORD_FIELD}</arg>
<arg>${passwordInput}</arg>
<kw name="Get WebElement" library="SeleniumLibrary">
<var>${element1}</var>
<arg>${element}</arg>
<doc>Returns the first WebElement matching the given ``locator``.</doc>
<msg timestamp="20240118 22:53:04.714" level="INFO">${element1} = &lt;selenium.webdriver.remote.webelement.WebElement (session="83b8e098-e46d-4b64-9138-9823199f73eb", element="354cd538-d7de-40f8-b330-ff4d605c9e7e")&gt;</msg>
<status status="PASS" starttime="20240118 22:53:04.710" endtime="20240118 22:53:04.714"/>
</kw>
<kw name="Highlight" library="highlight">
<arg>${element1}</arg>
<doc>Highlights (blinks) a Selenium Webdriver element</doc>
<msg timestamp="20240118 22:53:05.041" level="INFO">Value:::    &lt;selenium.webdriver.remote.webelement.WebElement (session="83b8e098-e46d-4b64-9138-9823199f73eb", element="354cd538-d7de-40f8-b330-ff4d605c9e7e")&gt;</msg>
<status status="PASS" starttime="20240118 22:53:04.716" endtime="20240118 22:53:05.041"/>
</kw>
<kw name="Wait Until Element Is Visible" library="SeleniumLibrary">
<arg>${element1}</arg>
<doc>Waits until the element ``locator`` is visible.</doc>
<status status="PASS" starttime="20240118 22:53:05.043" endtime="20240118 22:53:05.059"/>
</kw>
<kw name="Input Text" library="SeleniumLibrary">
<arg>${element1}</arg>
<arg>${input}</arg>
<doc>Types the given ``text`` into the text field identified by ``locator``.</doc>
<msg timestamp="20240118 22:53:05.062" level="INFO">Typing text 'Nausheen4Only' into text field '&lt;selenium.webdriver.remote.webelement.WebElement (session="83b8e098-e46d-4b64-9138-9823199f73eb", element="354cd538-d7de-40f8-b330-ff4d605c9e7e")&gt;'.</msg>
<status status="PASS" starttime="20240118 22:53:05.060" endtime="20240118 22:53:05.093"/>
</kw>
<status status="PASS" starttime="20240118 22:53:04.710" endtime="20240118 22:53:05.095"/>
</kw>
<status status="PASS" starttime="20240118 22:53:04.709" endtime="20240118 22:53:05.096"/>
</kw>
<kw name="Click On Sign in button" library="LoginKW">
<kw name="Click For Element" library="common">
<arg>${LOGIN_BUTTON}</arg>
<kw name="Get WebElement" library="SeleniumLibrary">
<var>${element1}</var>
<arg>${element}</arg>
<doc>Returns the first WebElement matching the given ``locator``.</doc>
<msg timestamp="20240118 22:53:05.102" level="INFO">${element1} = &lt;selenium.webdriver.remote.webelement.WebElement (session="83b8e098-e46d-4b64-9138-9823199f73eb", element="8f7c63ae-6f08-4d46-9e7a-9b529b788ea5")&gt;</msg>
<status status="PASS" starttime="20240118 22:53:05.098" endtime="20240118 22:53:05.102"/>
</kw>
<kw name="Highlight" library="highlight">
<arg>${element1}</arg>
<doc>Highlights (blinks) a Selenium Webdriver element</doc>
<msg timestamp="20240118 22:53:05.433" level="INFO">Value:::    &lt;selenium.webdriver.remote.webelement.WebElement (session="83b8e098-e46d-4b64-9138-9823199f73eb", element="8f7c63ae-6f08-4d46-9e7a-9b529b788ea5")&gt;</msg>
<status status="PASS" starttime="20240118 22:53:05.103" endtime="20240118 22:53:05.433"/>
</kw>
<kw name="Wait Until Element Is Visible" library="SeleniumLibrary">
<arg>${element1}</arg>
<doc>Waits until the element ``locator`` is visible.</doc>
<status status="PASS" starttime="20240118 22:53:05.435" endtime="20240118 22:53:05.450"/>
</kw>
<kw name="Click Element" library="SeleniumLibrary">
<arg>${element1}</arg>
<doc>Click the element identified by ``locator``.</doc>
<msg timestamp="20240118 22:53:05.451" level="INFO">Clicking element '&lt;selenium.webdriver.remote.webelement.WebElement (session="83b8e098-e46d-4b64-9138-9823199f73eb", element="8f7c63ae-6f08-4d46-9e7a-9b529b788ea5")&gt;'.</msg>
<status status="PASS" starttime="20240118 22:53:05.450" endtime="20240118 22:53:05.691"/>
</kw>
<status status="PASS" starttime="20240118 22:53:05.097" endtime="20240118 22:53:05.693"/>
</kw>
<status status="PASS" starttime="20240118 22:53:05.096" endtime="20240118 22:53:05.694"/>
</kw>
<status status="PASS" starttime="20240118 22:53:02.081" endtime="20240118 22:53:05.694"/>
</kw>
<kw name="Delete workspace" library="WorkspaceKW">
<arg>test</arg>
<kw name="Sleep" library="BuiltIn">
<arg>2s</arg>
<doc>Pauses the test executed for the given time.</doc>
<msg timestamp="20240118 22:53:07.706" level="INFO">Slept 2 seconds</msg>
<status status="PASS" starttime="20240118 22:53:05.695" endtime="20240118 22:53:07.706"/>
</kw>
<kw name="Get WebElements" library="SeleniumLibrary">
<var>@{my_list}</var>
<arg>${WORKSPACE_LIST}</arg>
<doc>Returns a list of WebElement objects matching the ``locator``.</doc>
<msg timestamp="20240118 22:53:07.760" level="INFO">@{my_list} = [ &lt;selenium.webdriver.remote.webelement.WebElement (session="83b8e098-e46d-4b64-9138-9823199f73eb", element="f067acc4-2a0a-439d-a073-901bc4856659")&gt; | &lt;selenium.webdriver.remote.webelement.WebElement ...</msg>
<status status="PASS" starttime="20240118 22:53:07.708" endtime="20240118 22:53:07.760"/>
</kw>
<for flavor="IN">
<var>${element}</var>
<value>@{my_list}</value>
<iter>
<var name="${element}">&lt;selenium.webdriver.remote.webelement.WebElement (session="83b8e098-e46d-4b64-9138-9823199f73eb", element="f067acc4-2a0a-439d-a073-901bc4856659")&gt;</var>
<kw name="Get Text" library="SeleniumLibrary">
<var>${text}</var>
<arg>${element}</arg>
<doc>Returns the text value of the element identified by ``locator``.</doc>
<msg timestamp="20240118 22:53:07.856" level="INFO">${text} = Another test
13</msg>
<status status="PASS" starttime="20240118 22:53:07.764" endtime="20240118 22:53:07.856"/>
</kw>
<kw name="Set Variable" library="BuiltIn">
<var>${str}</var>
<arg>${text}</arg>
<doc>Returns the given values which can then be assigned to a variables.</doc>
<msg timestamp="20240118 22:53:07.860" level="INFO">${str} = Another test
13</msg>
<status status="PASS" starttime="20240118 22:53:07.860" endtime="20240118 22:53:07.860"/>
</kw>
<kw name="Split String" library="String">
<var>${Id}</var>
<arg>${str}</arg>
<arg>\n</arg>
<doc>Splits the ``string`` using ``separator`` as a delimiter string.</doc>
<msg timestamp="20240118 22:53:07.864" level="INFO">${Id} = ['Another test', '13']</msg>
<status status="PASS" starttime="20240118 22:53:07.864" endtime="20240118 22:53:07.864"/>
</kw>
<kw name="Log To Console" library="BuiltIn">
<arg>${Id}[0]</arg>
<doc>Logs the given message to the console.</doc>
<status status="PASS" starttime="20240118 22:53:07.864" endtime="20240118 22:53:07.868"/>
</kw>
<if>
<branch type="IF" condition="&quot;${Id}[0]&quot; == &quot;${WorkspaceName}&quot;">
<kw name="Click For Element" library="common">
<arg>//*[text()='${Id}[0]']</arg>
<status status="NOT RUN" starttime="20240118 22:53:07.868" endtime="20240118 22:53:07.868"/>
</kw>
<kw name="Log To Console" library="BuiltIn">
<arg>"Workspace Selected"</arg>
<doc>Logs the given message to the console.</doc>
<status status="NOT RUN" starttime="20240118 22:53:07.868" endtime="20240118 22:53:07.868"/>
</kw>
<kw name="Wait Until Page Contains Element" library="SeleniumLibrary">
<arg>${RATING}</arg>
<doc>Waits until the element ``locator`` appears on the current page.</doc>
<status status="NOT RUN" starttime="20240118 22:53:07.868" endtime="20240118 22:53:07.872"/>
</kw>
<kw name="Click For Element" library="common">
<arg>${RATING}</arg>
<status status="NOT RUN" starttime="20240118 22:53:07.872" endtime="20240118 22:53:07.872"/>
</kw>
<kw name="Sleep" library="BuiltIn">
<arg>2s</arg>
<doc>Pauses the test executed for the given time.</doc>
<status status="NOT RUN" starttime="20240118 22:53:07.872" endtime="20240118 22:53:07.872"/>
</kw>
<kw name="Click For Element" library="common">
<arg>${WORKSPACE_EDIT_BUTTON}</arg>
<status status="NOT RUN" starttime="20240118 22:53:07.872" endtime="20240118 22:53:07.872"/>
</kw>
<kw name="Click For Element" library="common">
<arg>${DELETE_WORKSPACE_BUTTON}</arg>
<status status="NOT RUN" starttime="20240118 22:53:07.872" endtime="20240118 22:53:07.876"/>
</kw>
<kw name="Get Element Attribute" library="SeleniumLibrary">
<var>${text}</var>
<arg>${DELETE_WORKSPACE_FIELD}</arg>
<arg>placeholder</arg>
<doc>Returns the value of ``attribute`` from the element ``locator``.</doc>
<status status="NOT RUN" starttime="20240118 22:53:07.876" endtime="20240118 22:53:07.876"/>
</kw>
<kw name="Log To Console" library="BuiltIn">
<arg>${text}</arg>
<doc>Logs the given message to the console.</doc>
<status status="NOT RUN" starttime="20240118 22:53:07.876" endtime="20240118 22:53:07.876"/>
</kw>
<kw name="Input For Text" library="common">
<arg>${DELETE_WORKSPACE_FIELD}</arg>
<arg>${text}</arg>
<status status="NOT RUN" starttime="20240118 22:53:07.876" endtime="20240118 22:53:07.876"/>
</kw>
<kw name="Click For Element" library="common">
<arg>${CONFIRMATION_BUTTON}</arg>
<status status="NOT RUN" starttime="20240118 22:53:07.880" endtime="20240118 22:53:07.880"/>
</kw>
<kw name="Exit For Loop" library="BuiltIn">
<doc>Stops executing the enclosing FOR loop.</doc>
<status status="NOT RUN" starttime="20240118 22:53:07.880" endtime="20240118 22:53:07.880"/>
</kw>
<status status="NOT RUN" starttime="20240118 22:53:07.868" endtime="20240118 22:53:07.880"/>
</branch>
<status status="PASS" starttime="20240118 22:53:07.868" endtime="20240118 22:53:07.880"/>
</if>
<status status="PASS" starttime="20240118 22:53:07.764" endtime="20240118 22:53:07.880"/>
</iter>
<iter>
<var name="${element}">&lt;selenium.webdriver.remote.webelement.WebElement (session="83b8e098-e46d-4b64-9138-9823199f73eb", element="955a4eb7-7512-4e0b-8434-2d06ce3f6e4d")&gt;</var>
<kw name="Get Text" library="SeleniumLibrary">
<var>${text}</var>
<arg>${element}</arg>
<doc>Returns the text value of the element identified by ``locator``.</doc>
<msg timestamp="20240118 22:53:07.960" level="INFO">${text} = test00_05
0</msg>
<status status="PASS" starttime="20240118 22:53:07.884" endtime="20240118 22:53:07.960"/>
</kw>
<kw name="Set Variable" library="BuiltIn">
<var>${str}</var>
<arg>${text}</arg>
<doc>Returns the given values which can then be assigned to a variables.</doc>
<msg timestamp="20240118 22:53:07.964" level="INFO">${str} = test00_05
0</msg>
<status status="PASS" starttime="20240118 22:53:07.960" endtime="20240118 22:53:07.964"/>
</kw>
<kw name="Split String" library="String">
<var>${Id}</var>
<arg>${str}</arg>
<arg>\n</arg>
<doc>Splits the ``string`` using ``separator`` as a delimiter string.</doc>
<msg timestamp="20240118 22:53:07.964" level="INFO">${Id} = ['test00_05', '0']</msg>
<status status="PASS" starttime="20240118 22:53:07.964" endtime="20240118 22:53:07.964"/>
</kw>
<kw name="Log To Console" library="BuiltIn">
<arg>${Id}[0]</arg>
<doc>Logs the given message to the console.</doc>
<status status="PASS" starttime="20240118 22:53:07.968" endtime="20240118 22:53:07.968"/>
</kw>
<if>
<branch type="IF" condition="&quot;${Id}[0]&quot; == &quot;${WorkspaceName}&quot;">
<kw name="Click For Element" library="common">
<arg>//*[text()='${Id}[0]']</arg>
<status status="NOT RUN" starttime="20240118 22:53:07.968" endtime="20240118 22:53:07.972"/>
</kw>
<kw name="Log To Console" library="BuiltIn">
<arg>"Workspace Selected"</arg>
<doc>Logs the given message to the console.</doc>
<status status="NOT RUN" starttime="20240118 22:53:07.972" endtime="20240118 22:53:07.972"/>
</kw>
<kw name="Wait Until Page Contains Element" library="SeleniumLibrary">
<arg>${RATING}</arg>
<doc>Waits until the element ``locator`` appears on the current page.</doc>
<status status="NOT RUN" starttime="20240118 22:53:07.972" endtime="20240118 22:53:07.972"/>
</kw>
<kw name="Click For Element" library="common">
<arg>${RATING}</arg>
<status status="NOT RUN" starttime="20240118 22:53:07.972" endtime="20240118 22:53:07.972"/>
</kw>
<kw name="Sleep" library="BuiltIn">
<arg>2s</arg>
<doc>Pauses the test executed for the given time.</doc>
<status status="NOT RUN" starttime="20240118 22:53:07.972" endtime="20240118 22:53:07.972"/>
</kw>
<kw name="Click For Element" library="common">
<arg>${WORKSPACE_EDIT_BUTTON}</arg>
<status status="NOT RUN" starttime="20240118 22:53:07.972" endtime="20240118 22:53:07.976"/>
</kw>
<kw name="Click For Element" library="common">
<arg>${DELETE_WORKSPACE_BUTTON}</arg>
<status status="NOT RUN" starttime="20240118 22:53:07.976" endtime="20240118 22:53:07.976"/>
</kw>
<kw name="Get Element Attribute" library="SeleniumLibrary">
<var>${text}</var>
<arg>${DELETE_WORKSPACE_FIELD}</arg>
<arg>placeholder</arg>
<doc>Returns the value of ``attribute`` from the element ``locator``.</doc>
<status status="NOT RUN" starttime="20240118 22:53:07.976" endtime="20240118 22:53:07.976"/>
</kw>
<kw name="Log To Console" library="BuiltIn">
<arg>${text}</arg>
<doc>Logs the given message to the console.</doc>
<status status="NOT RUN" starttime="20240118 22:53:07.976" endtime="20240118 22:53:07.976"/>
</kw>
<kw name="Input For Text" library="common">
<arg>${DELETE_WORKSPACE_FIELD}</arg>
<arg>${text}</arg>
<status status="NOT RUN" starttime="20240118 22:53:07.976" endtime="20240118 22:53:07.976"/>
</kw>
<kw name="Click For Element" library="common">
<arg>${CONFIRMATION_BUTTON}</arg>
<status status="NOT RUN" starttime="20240118 22:53:07.976" endtime="20240118 22:53:07.976"/>
</kw>
<kw name="Exit For Loop" library="BuiltIn">
<doc>Stops executing the enclosing FOR loop.</doc>
<status status="NOT RUN" starttime="20240118 22:53:07.976" endtime="20240118 22:53:07.976"/>
</kw>
<status status="NOT RUN" starttime="20240118 22:53:07.968" endtime="20240118 22:53:07.980"/>
</branch>
<status status="PASS" starttime="20240118 22:53:07.968" endtime="20240118 22:53:07.980"/>
</if>
<status status="PASS" starttime="20240118 22:53:07.884" endtime="20240118 22:53:07.980"/>
</iter>
<iter>
<var name="${element}">&lt;selenium.webdriver.remote.webelement.WebElement (session="83b8e098-e46d-4b64-9138-9823199f73eb", element="f47991f8-2fa2-455c-ae40-ede2301c3333")&gt;</var>
<kw name="Get Text" library="SeleniumLibrary">
<var>${text}</var>
<arg>${element}</arg>
<doc>Returns the text value of the element identified by ``locator``.</doc>
<msg timestamp="20240118 22:53:07.988" level="INFO">${text} = test00_12
0</msg>
<status status="PASS" starttime="20240118 22:53:07.980" endtime="20240118 22:53:07.988"/>
</kw>
<kw name="Set Variable" library="BuiltIn">
<var>${str}</var>
<arg>${text}</arg>
<doc>Returns the given values which can then be assigned to a variables.</doc>
<msg timestamp="20240118 22:53:07.988" level="INFO">${str} = test00_12
0</msg>
<status status="PASS" starttime="20240118 22:53:07.988" endtime="20240118 22:53:07.988"/>
</kw>
<kw name="Split String" library="String">
<var>${Id}</var>
<arg>${str}</arg>
<arg>\n</arg>
<doc>Splits the ``string`` using ``separator`` as a delimiter string.</doc>
<msg timestamp="20240118 22:53:07.992" level="INFO">${Id} = ['test00_12', '0']</msg>
<status status="PASS" starttime="20240118 22:53:07.992" endtime="20240118 22:53:07.992"/>
</kw>
<kw name="Log To Console" library="BuiltIn">
<arg>${Id}[0]</arg>
<doc>Logs the given message to the console.</doc>
<status status="PASS" starttime="20240118 22:53:07.992" endtime="20240118 22:53:07.992"/>
</kw>
<if>
<branch type="IF" condition="&quot;${Id}[0]&quot; == &quot;${WorkspaceName}&quot;">
<kw name="Click For Element" library="common">
<arg>//*[text()='${Id}[0]']</arg>
<status status="NOT RUN" starttime="20240118 22:53:07.996" endtime="20240118 22:53:07.996"/>
</kw>
<kw name="Log To Console" library="BuiltIn">
<arg>"Workspace Selected"</arg>
<doc>Logs the given message to the console.</doc>
<status status="NOT RUN" starttime="20240118 22:53:07.996" endtime="20240118 22:53:07.996"/>
</kw>
<kw name="Wait Until Page Contains Element" library="SeleniumLibrary">
<arg>${RATING}</arg>
<doc>Waits until the element ``locator`` appears on the current page.</doc>
<status status="NOT RUN" starttime="20240118 22:53:07.996" endtime="20240118 22:53:08.000"/>
</kw>
<kw name="Click For Element" library="common">
<arg>${RATING}</arg>
<status status="NOT RUN" starttime="20240118 22:53:08.000" endtime="20240118 22:53:08.000"/>
</kw>
<kw name="Sleep" library="BuiltIn">
<arg>2s</arg>
<doc>Pauses the test executed for the given time.</doc>
<status status="NOT RUN" starttime="20240118 22:53:08.000" endtime="20240118 22:53:08.000"/>
</kw>
<kw name="Click For Element" library="common">
<arg>${WORKSPACE_EDIT_BUTTON}</arg>
<status status="NOT RUN" starttime="20240118 22:53:08.000" endtime="20240118 22:53:08.000"/>
</kw>
<kw name="Click For Element" library="common">
<arg>${DELETE_WORKSPACE_BUTTON}</arg>
<status status="NOT RUN" starttime="20240118 22:53:08.000" endtime="20240118 22:53:08.000"/>
</kw>
<kw name="Get Element Attribute" library="SeleniumLibrary">
<var>${text}</var>
<arg>${DELETE_WORKSPACE_FIELD}</arg>
<arg>placeholder</arg>
<doc>Returns the value of ``attribute`` from the element ``locator``.</doc>
<status status="NOT RUN" starttime="20240118 22:53:08.000" endtime="20240118 22:53:08.000"/>
</kw>
<kw name="Log To Console" library="BuiltIn">
<arg>${text}</arg>
<doc>Logs the given message to the console.</doc>
<status status="NOT RUN" starttime="20240118 22:53:08.004" endtime="20240118 22:53:08.004"/>
</kw>
<kw name="Input For Text" library="common">
<arg>${DELETE_WORKSPACE_FIELD}</arg>
<arg>${text}</arg>
<status status="NOT RUN" starttime="20240118 22:53:08.004" endtime="20240118 22:53:08.004"/>
</kw>
<kw name="Click For Element" library="common">
<arg>${CONFIRMATION_BUTTON}</arg>
<status status="NOT RUN" starttime="20240118 22:53:08.004" endtime="20240118 22:53:08.004"/>
</kw>
<kw name="Exit For Loop" library="BuiltIn">
<doc>Stops executing the enclosing FOR loop.</doc>
<status status="NOT RUN" starttime="20240118 22:53:08.004" endtime="20240118 22:53:08.004"/>
</kw>
<status status="NOT RUN" starttime="20240118 22:53:07.996" endtime="20240118 22:53:08.004"/>
</branch>
<status status="PASS" starttime="20240118 22:53:07.996" endtime="20240118 22:53:08.004"/>
</if>
<status status="PASS" starttime="20240118 22:53:07.980" endtime="20240118 22:53:08.004"/>
</iter>
<iter>
<var name="${element}">&lt;selenium.webdriver.remote.webelement.WebElement (session="83b8e098-e46d-4b64-9138-9823199f73eb", element="dab2d376-e9ce-42de-882c-567358946d1f")&gt;</var>
<kw name="Get Text" library="SeleniumLibrary">
<var>${text}</var>
<arg>${element}</arg>
<doc>Returns the text value of the element identified by ``locator``.</doc>
<msg timestamp="20240118 22:53:08.016" level="INFO">${text} = test01_49
0</msg>
<status status="PASS" starttime="20240118 22:53:08.004" endtime="20240118 22:53:08.016"/>
</kw>
<kw name="Set Variable" library="BuiltIn">
<var>${str}</var>
<arg>${text}</arg>
<doc>Returns the given values which can then be assigned to a variables.</doc>
<msg timestamp="20240118 22:53:08.016" level="INFO">${str} = test01_49
0</msg>
<status status="PASS" starttime="20240118 22:53:08.016" endtime="20240118 22:53:08.016"/>
</kw>
<kw name="Split String" library="String">
<var>${Id}</var>
<arg>${str}</arg>
<arg>\n</arg>
<doc>Splits the ``string`` using ``separator`` as a delimiter string.</doc>
<msg timestamp="20240118 22:53:08.020" level="INFO">${Id} = ['test01_49', '0']</msg>
<status status="PASS" starttime="20240118 22:53:08.020" endtime="20240118 22:53:08.020"/>
</kw>
<kw name="Log To Console" library="BuiltIn">
<arg>${Id}[0]</arg>
<doc>Logs the given message to the console.</doc>
<status status="PASS" starttime="20240118 22:53:08.020" endtime="20240118 22:53:08.020"/>
</kw>
<if>
<branch type="IF" condition="&quot;${Id}[0]&quot; == &quot;${WorkspaceName}&quot;">
<kw name="Click For Element" library="common">
<arg>//*[text()='${Id}[0]']</arg>
<status status="NOT RUN" starttime="20240118 22:53:08.020" endtime="20240118 22:53:08.024"/>
</kw>
<kw name="Log To Console" library="BuiltIn">
<arg>"Workspace Selected"</arg>
<doc>Logs the given message to the console.</doc>
<status status="NOT RUN" starttime="20240118 22:53:08.024" endtime="20240118 22:53:08.024"/>
</kw>
<kw name="Wait Until Page Contains Element" library="SeleniumLibrary">
<arg>${RATING}</arg>
<doc>Waits until the element ``locator`` appears on the current page.</doc>
<status status="NOT RUN" starttime="20240118 22:53:08.024" endtime="20240118 22:53:08.024"/>
</kw>
<kw name="Click For Element" library="common">
<arg>${RATING}</arg>
<status status="NOT RUN" starttime="20240118 22:53:08.024" endtime="20240118 22:53:08.024"/>
</kw>
<kw name="Sleep" library="BuiltIn">
<arg>2s</arg>
<doc>Pauses the test executed for the given time.</doc>
<status status="NOT RUN" starttime="20240118 22:53:08.024" endtime="20240118 22:53:08.024"/>
</kw>
<kw name="Click For Element" library="common">
<arg>${WORKSPACE_EDIT_BUTTON}</arg>
<status status="NOT RUN" starttime="20240118 22:53:08.024" endtime="20240118 22:53:08.024"/>
</kw>
<kw name="Click For Element" library="common">
<arg>${DELETE_WORKSPACE_BUTTON}</arg>
<status status="NOT RUN" starttime="20240118 22:53:08.024" endtime="20240118 22:53:08.024"/>
</kw>
<kw name="Get Element Attribute" library="SeleniumLibrary">
<var>${text}</var>
<arg>${DELETE_WORKSPACE_FIELD}</arg>
<arg>placeholder</arg>
<doc>Returns the value of ``attribute`` from the element ``locator``.</doc>
<status status="NOT RUN" starttime="20240118 22:53:08.024" endtime="20240118 22:53:08.024"/>
</kw>
<kw name="Log To Console" library="BuiltIn">
<arg>${text}</arg>
<doc>Logs the given message to the console.</doc>
<status status="NOT RUN" starttime="20240118 22:53:08.024" endtime="20240118 22:53:08.028"/>
</kw>
<kw name="Input For Text" library="common">
<arg>${DELETE_WORKSPACE_FIELD}</arg>
<arg>${text}</arg>
<status status="NOT RUN" starttime="20240118 22:53:08.028" endtime="20240118 22:53:08.028"/>
</kw>
<kw name="Click For Element" library="common">
<arg>${CONFIRMATION_BUTTON}</arg>
<status status="NOT RUN" starttime="20240118 22:53:08.028" endtime="20240118 22:53:08.028"/>
</kw>
<kw name="Exit For Loop" library="BuiltIn">
<doc>Stops executing the enclosing FOR loop.</doc>
<status status="NOT RUN" starttime="20240118 22:53:08.028" endtime="20240118 22:53:08.028"/>
</kw>
<status status="NOT RUN" starttime="20240118 22:53:08.020" endtime="20240118 22:53:08.028"/>
</branch>
<status status="PASS" starttime="20240118 22:53:08.020" endtime="20240118 22:53:08.032"/>
</if>
<status status="PASS" starttime="20240118 22:53:08.004" endtime="20240118 22:53:08.032"/>
</iter>
<iter>
<var name="${element}">&lt;selenium.webdriver.remote.webelement.WebElement (session="83b8e098-e46d-4b64-9138-9823199f73eb", element="3c7b237b-193a-4135-9763-0cb87cb1892c")&gt;</var>
<kw name="Get Text" library="SeleniumLibrary">
<var>${text}</var>
<arg>${element}</arg>
<doc>Returns the text value of the element identified by ``locator``.</doc>
<msg timestamp="20240118 22:53:08.040" level="INFO">${text} = test02_02
0</msg>
<status status="PASS" starttime="20240118 22:53:08.032" endtime="20240118 22:53:08.040"/>
</kw>
<kw name="Set Variable" library="BuiltIn">
<var>${str}</var>
<arg>${text}</arg>
<doc>Returns the given values which can then be assigned to a variables.</doc>
<msg timestamp="20240118 22:53:08.044" level="INFO">${str} = test02_02
0</msg>
<status status="PASS" starttime="20240118 22:53:08.044" endtime="20240118 22:53:08.044"/>
</kw>
<kw name="Split String" library="String">
<var>${Id}</var>
<arg>${str}</arg>
<arg>\n</arg>
<doc>Splits the ``string`` using ``separator`` as a delimiter string.</doc>
<msg timestamp="20240118 22:53:08.048" level="INFO">${Id} = ['test02_02', '0']</msg>
<status status="PASS" starttime="20240118 22:53:08.044" endtime="20240118 22:53:08.048"/>
</kw>
<kw name="Log To Console" library="BuiltIn">
<arg>${Id}[0]</arg>
<doc>Logs the given message to the console.</doc>
<status status="PASS" starttime="20240118 22:53:08.048" endtime="20240118 22:53:08.048"/>
</kw>
<if>
<branch type="IF" condition="&quot;${Id}[0]&quot; == &quot;${WorkspaceName}&quot;">
<kw name="Click For Element" library="common">
<arg>//*[text()='${Id}[0]']</arg>
<status status="NOT RUN" starttime="20240118 22:53:08.052" endtime="20240118 22:53:08.052"/>
</kw>
<kw name="Log To Console" library="BuiltIn">
<arg>"Workspace Selected"</arg>
<doc>Logs the given message to the console.</doc>
<status status="NOT RUN" starttime="20240118 22:53:08.052" endtime="20240118 22:53:08.052"/>
</kw>
<kw name="Wait Until Page Contains Element" library="SeleniumLibrary">
<arg>${RATING}</arg>
<doc>Waits until the element ``locator`` appears on the current page.</doc>
<status status="NOT RUN" starttime="20240118 22:53:08.052" endtime="20240118 22:53:08.052"/>
</kw>
<kw name="Click For Element" library="common">
<arg>${RATING}</arg>
<status status="NOT RUN" starttime="20240118 22:53:08.052" endtime="20240118 22:53:08.052"/>
</kw>
<kw name="Sleep" library="BuiltIn">
<arg>2s</arg>
<doc>Pauses the test executed for the given time.</doc>
<status status="NOT RUN" starttime="20240118 22:53:08.052" endtime="20240118 22:53:08.056"/>
</kw>
<kw name="Click For Element" library="common">
<arg>${WORKSPACE_EDIT_BUTTON}</arg>
<status status="NOT RUN" starttime="20240118 22:53:08.056" endtime="20240118 22:53:08.056"/>
</kw>
<kw name="Click For Element" library="common">
<arg>${DELETE_WORKSPACE_BUTTON}</arg>
<status status="NOT RUN" starttime="20240118 22:53:08.056" endtime="20240118 22:53:08.056"/>
</kw>
<kw name="Get Element Attribute" library="SeleniumLibrary">
<var>${text}</var>
<arg>${DELETE_WORKSPACE_FIELD}</arg>
<arg>placeholder</arg>
<doc>Returns the value of ``attribute`` from the element ``locator``.</doc>
<status status="NOT RUN" starttime="20240118 22:53:08.056" endtime="20240118 22:53:08.056"/>
</kw>
<kw name="Log To Console" library="BuiltIn">
<arg>${text}</arg>
<doc>Logs the given message to the console.</doc>
<status status="NOT RUN" starttime="20240118 22:53:08.056" endtime="20240118 22:53:08.056"/>
</kw>
<kw name="Input For Text" library="common">
<arg>${DELETE_WORKSPACE_FIELD}</arg>
<arg>${text}</arg>
<status status="NOT RUN" starttime="20240118 22:53:08.056" endtime="20240118 22:53:08.056"/>
</kw>
<kw name="Click For Element" library="common">
<arg>${CONFIRMATION_BUTTON}</arg>
<status status="NOT RUN" starttime="20240118 22:53:08.056" endtime="20240118 22:53:08.056"/>
</kw>
<kw name="Exit For Loop" library="BuiltIn">
<doc>Stops executing the enclosing FOR loop.</doc>
<status status="NOT RUN" starttime="20240118 22:53:08.056" endtime="20240118 22:53:08.056"/>
</kw>
<status status="NOT RUN" starttime="20240118 22:53:08.052" endtime="20240118 22:53:08.060"/>
</branch>
<status status="PASS" starttime="20240118 22:53:08.052" endtime="20240118 22:53:08.060"/>
</if>
<status status="PASS" starttime="20240118 22:53:08.032" endtime="20240118 22:53:08.060"/>
</iter>
<iter>
<var name="${element}">&lt;selenium.webdriver.remote.webelement.WebElement (session="83b8e098-e46d-4b64-9138-9823199f73eb", element="8049dc58-0aa4-4b88-9664-f4627e943553")&gt;</var>
<kw name="Get Text" library="SeleniumLibrary">
<var>${text}</var>
<arg>${element}</arg>
<doc>Returns the text value of the element identified by ``locator``.</doc>
<msg timestamp="20240118 22:53:08.068" level="INFO">${text} = test02_03
0</msg>
<status status="PASS" starttime="20240118 22:53:08.060" endtime="20240118 22:53:08.068"/>
</kw>
<kw name="Set Variable" library="BuiltIn">
<var>${str}</var>
<arg>${text}</arg>
<doc>Returns the given values which can then be assigned to a variables.</doc>
<msg timestamp="20240118 22:53:08.068" level="INFO">${str} = test02_03
0</msg>
<status status="PASS" starttime="20240118 22:53:08.068" endtime="20240118 22:53:08.068"/>
</kw>
<kw name="Split String" library="String">
<var>${Id}</var>
<arg>${str}</arg>
<arg>\n</arg>
<doc>Splits the ``string`` using ``separator`` as a delimiter string.</doc>
<msg timestamp="20240118 22:53:08.072" level="INFO">${Id} = ['test02_03', '0']</msg>
<status status="PASS" starttime="20240118 22:53:08.068" endtime="20240118 22:53:08.072"/>
</kw>
<kw name="Log To Console" library="BuiltIn">
<arg>${Id}[0]</arg>
<doc>Logs the given message to the console.</doc>
<status status="PASS" starttime="20240118 22:53:08.072" endtime="20240118 22:53:08.072"/>
</kw>
<if>
<branch type="IF" condition="&quot;${Id}[0]&quot; == &quot;${WorkspaceName}&quot;">
<kw name="Click For Element" library="common">
<arg>//*[text()='${Id}[0]']</arg>
<status status="NOT RUN" starttime="20240118 22:53:08.076" endtime="20240118 22:53:08.076"/>
</kw>
<kw name="Log To Console" library="BuiltIn">
<arg>"Workspace Selected"</arg>
<doc>Logs the given message to the console.</doc>
<status status="NOT RUN" starttime="20240118 22:53:08.076" endtime="20240118 22:53:08.076"/>
</kw>
<kw name="Wait Until Page Contains Element" library="SeleniumLibrary">
<arg>${RATING}</arg>
<doc>Waits until the element ``locator`` appears on the current page.</doc>
<status status="NOT RUN" starttime="20240118 22:53:08.076" endtime="20240118 22:53:08.076"/>
</kw>
<kw name="Click For Element" library="common">
<arg>${RATING}</arg>
<status status="NOT RUN" starttime="20240118 22:53:08.076" endtime="20240118 22:53:08.076"/>
</kw>
<kw name="Sleep" library="BuiltIn">
<arg>2s</arg>
<doc>Pauses the test executed for the given time.</doc>
<status status="NOT RUN" starttime="20240118 22:53:08.076" endtime="20240118 22:53:08.080"/>
</kw>
<kw name="Click For Element" library="common">
<arg>${WORKSPACE_EDIT_BUTTON}</arg>
<status status="NOT RUN" starttime="20240118 22:53:08.080" endtime="20240118 22:53:08.080"/>
</kw>
<kw name="Click For Element" library="common">
<arg>${DELETE_WORKSPACE_BUTTON}</arg>
<status status="NOT RUN" starttime="20240118 22:53:08.080" endtime="20240118 22:53:08.080"/>
</kw>
<kw name="Get Element Attribute" library="SeleniumLibrary">
<var>${text}</var>
<arg>${DELETE_WORKSPACE_FIELD}</arg>
<arg>placeholder</arg>
<doc>Returns the value of ``attribute`` from the element ``locator``.</doc>
<status status="NOT RUN" starttime="20240118 22:53:08.080" endtime="20240118 22:53:08.080"/>
</kw>
<kw name="Log To Console" library="BuiltIn">
<arg>${text}</arg>
<doc>Logs the given message to the console.</doc>
<status status="NOT RUN" starttime="20240118 22:53:08.080" endtime="20240118 22:53:08.080"/>
</kw>
<kw name="Input For Text" library="common">
<arg>${DELETE_WORKSPACE_FIELD}</arg>
<arg>${text}</arg>
<status status="NOT RUN" starttime="20240118 22:53:08.080" endtime="20240118 22:53:08.080"/>
</kw>
<kw name="Click For Element" library="common">
<arg>${CONFIRMATION_BUTTON}</arg>
<status status="NOT RUN" starttime="20240118 22:53:08.084" endtime="20240118 22:53:08.084"/>
</kw>
<kw name="Exit For Loop" library="BuiltIn">
<doc>Stops executing the enclosing FOR loop.</doc>
<status status="NOT RUN" starttime="20240118 22:53:08.084" endtime="20240118 22:53:08.084"/>
</kw>
<status status="NOT RUN" starttime="20240118 22:53:08.076" endtime="20240118 22:53:08.084"/>
</branch>
<status status="PASS" starttime="20240118 22:53:08.076" endtime="20240118 22:53:08.084"/>
</if>
<status status="PASS" starttime="20240118 22:53:08.060" endtime="20240118 22:53:08.084"/>
</iter>
<iter>
<var name="${element}">&lt;selenium.webdriver.remote.webelement.WebElement (session="83b8e098-e46d-4b64-9138-9823199f73eb", element="8e60f94e-0ad2-4af0-b595-2b5faa913f81")&gt;</var>
<kw name="Get Text" library="SeleniumLibrary">
<var>${text}</var>
<arg>${element}</arg>
<doc>Returns the text value of the element identified by ``locator``.</doc>
<msg timestamp="20240118 22:53:08.104" level="INFO">${text} = test02_43
0</msg>
<status status="PASS" starttime="20240118 22:53:08.084" endtime="20240118 22:53:08.104"/>
</kw>
<kw name="Set Variable" library="BuiltIn">
<var>${str}</var>
<arg>${text}</arg>
<doc>Returns the given values which can then be assigned to a variables.</doc>
<msg timestamp="20240118 22:53:08.108" level="INFO">${str} = test02_43
0</msg>
<status status="PASS" starttime="20240118 22:53:08.108" endtime="20240118 22:53:08.108"/>
</kw>
<kw name="Split String" library="String">
<var>${Id}</var>
<arg>${str}</arg>
<arg>\n</arg>
<doc>Splits the ``string`` using ``separator`` as a delimiter string.</doc>
<msg timestamp="20240118 22:53:08.112" level="INFO">${Id} = ['test02_43', '0']</msg>
<status status="PASS" starttime="20240118 22:53:08.112" endtime="20240118 22:53:08.112"/>
</kw>
<kw name="Log To Console" library="BuiltIn">
<arg>${Id}[0]</arg>
<doc>Logs the given message to the console.</doc>
<status status="PASS" starttime="20240118 22:53:08.112" endtime="20240118 22:53:08.112"/>
</kw>
<if>
<branch type="IF" condition="&quot;${Id}[0]&quot; == &quot;${WorkspaceName}&quot;">
<kw name="Click For Element" library="common">
<arg>//*[text()='${Id}[0]']</arg>
<status status="NOT RUN" starttime="20240118 22:53:08.116" endtime="20240118 22:53:08.116"/>
</kw>
<kw name="Log To Console" library="BuiltIn">
<arg>"Workspace Selected"</arg>
<doc>Logs the given message to the console.</doc>
<status status="NOT RUN" starttime="20240118 22:53:08.116" endtime="20240118 22:53:08.116"/>
</kw>
<kw name="Wait Until Page Contains Element" library="SeleniumLibrary">
<arg>${RATING}</arg>
<doc>Waits until the element ``locator`` appears on the current page.</doc>
<status status="NOT RUN" starttime="20240118 22:53:08.116" endtime="20240118 22:53:08.116"/>
</kw>
<kw name="Click For Element" library="common">
<arg>${RATING}</arg>
<status status="NOT RUN" starttime="20240118 22:53:08.116" endtime="20240118 22:53:08.116"/>
</kw>
<kw name="Sleep" library="BuiltIn">
<arg>2s</arg>
<doc>Pauses the test executed for the given time.</doc>
<status status="NOT RUN" starttime="20240118 22:53:08.116" endtime="20240118 22:53:08.120"/>
</kw>
<kw name="Click For Element" library="common">
<arg>${WORKSPACE_EDIT_BUTTON}</arg>
<status status="NOT RUN" starttime="20240118 22:53:08.120" endtime="20240118 22:53:08.120"/>
</kw>
<kw name="Click For Element" library="common">
<arg>${DELETE_WORKSPACE_BUTTON}</arg>
<status status="NOT RUN" starttime="20240118 22:53:08.120" endtime="20240118 22:53:08.120"/>
</kw>
<kw name="Get Element Attribute" library="SeleniumLibrary">
<var>${text}</var>
<arg>${DELETE_WORKSPACE_FIELD}</arg>
<arg>placeholder</arg>
<doc>Returns the value of ``attribute`` from the element ``locator``.</doc>
<status status="NOT RUN" starttime="20240118 22:53:08.120" endtime="20240118 22:53:08.120"/>
</kw>
<kw name="Log To Console" library="BuiltIn">
<arg>${text}</arg>
<doc>Logs the given message to the console.</doc>
<status status="NOT RUN" starttime="20240118 22:53:08.120" endtime="20240118 22:53:08.124"/>
</kw>
<kw name="Input For Text" library="common">
<arg>${DELETE_WORKSPACE_FIELD}</arg>
<arg>${text}</arg>
<status status="NOT RUN" starttime="20240118 22:53:08.124" endtime="20240118 22:53:08.124"/>
</kw>
<kw name="Click For Element" library="common">
<arg>${CONFIRMATION_BUTTON}</arg>
<status status="NOT RUN" starttime="20240118 22:53:08.124" endtime="20240118 22:53:08.124"/>
</kw>
<kw name="Exit For Loop" library="BuiltIn">
<doc>Stops executing the enclosing FOR loop.</doc>
<status status="NOT RUN" starttime="20240118 22:53:08.124" endtime="20240118 22:53:08.124"/>
</kw>
<status status="NOT RUN" starttime="20240118 22:53:08.112" endtime="20240118 22:53:08.124"/>
</branch>
<status status="PASS" starttime="20240118 22:53:08.112" endtime="20240118 22:53:08.124"/>
</if>
<status status="PASS" starttime="20240118 22:53:08.084" endtime="20240118 22:53:08.124"/>
</iter>
<iter>
<var name="${element}">&lt;selenium.webdriver.remote.webelement.WebElement (session="83b8e098-e46d-4b64-9138-9823199f73eb", element="f5a755b2-c067-4f1b-94f0-961cb09c7a8f")&gt;</var>
<kw name="Get Text" library="SeleniumLibrary">
<var>${text}</var>
<arg>${element}</arg>
<doc>Returns the text value of the element identified by ``locator``.</doc>
<msg timestamp="20240118 22:53:08.136" level="INFO">${text} = test02_43
0</msg>
<status status="PASS" starttime="20240118 22:53:08.128" endtime="20240118 22:53:08.136"/>
</kw>
<kw name="Set Variable" library="BuiltIn">
<var>${str}</var>
<arg>${text}</arg>
<doc>Returns the given values which can then be assigned to a variables.</doc>
<msg timestamp="20240118 22:53:08.136" level="INFO">${str} = test02_43
0</msg>
<status status="PASS" starttime="20240118 22:53:08.136" endtime="20240118 22:53:08.136"/>
</kw>
<kw name="Split String" library="String">
<var>${Id}</var>
<arg>${str}</arg>
<arg>\n</arg>
<doc>Splits the ``string`` using ``separator`` as a delimiter string.</doc>
<msg timestamp="20240118 22:53:08.140" level="INFO">${Id} = ['test02_43', '0']</msg>
<status status="PASS" starttime="20240118 22:53:08.140" endtime="20240118 22:53:08.140"/>
</kw>
<kw name="Log To Console" library="BuiltIn">
<arg>${Id}[0]</arg>
<doc>Logs the given message to the console.</doc>
<status status="PASS" starttime="20240118 22:53:08.140" endtime="20240118 22:53:08.140"/>
</kw>
<if>
<branch type="IF" condition="&quot;${Id}[0]&quot; == &quot;${WorkspaceName}&quot;">
<kw name="Click For Element" library="common">
<arg>//*[text()='${Id}[0]']</arg>
<status status="NOT RUN" starttime="20240118 22:53:08.144" endtime="20240118 22:53:08.144"/>
</kw>
<kw name="Log To Console" library="BuiltIn">
<arg>"Workspace Selected"</arg>
<doc>Logs the given message to the console.</doc>
<status status="NOT RUN" starttime="20240118 22:53:08.144" endtime="20240118 22:53:08.144"/>
</kw>
<kw name="Wait Until Page Contains Element" library="SeleniumLibrary">
<arg>${RATING}</arg>
<doc>Waits until the element ``locator`` appears on the current page.</doc>
<status status="NOT RUN" starttime="20240118 22:53:08.144" endtime="20240118 22:53:08.144"/>
</kw>
<kw name="Click For Element" library="common">
<arg>${RATING}</arg>
<status status="NOT RUN" starttime="20240118 22:53:08.144" endtime="20240118 22:53:08.144"/>
</kw>
<kw name="Sleep" library="BuiltIn">
<arg>2s</arg>
<doc>Pauses the test executed for the given time.</doc>
<status status="NOT RUN" starttime="20240118 22:53:08.144" endtime="20240118 22:53:08.144"/>
</kw>
<kw name="Click For Element" library="common">
<arg>${WORKSPACE_EDIT_BUTTON}</arg>
<status status="NOT RUN" starttime="20240118 22:53:08.144" endtime="20240118 22:53:08.144"/>
</kw>
<kw name="Click For Element" library="common">
<arg>${DELETE_WORKSPACE_BUTTON}</arg>
<status status="NOT RUN" starttime="20240118 22:53:08.144" endtime="20240118 22:53:08.144"/>
</kw>
<kw name="Get Element Attribute" library="SeleniumLibrary">
<var>${text}</var>
<arg>${DELETE_WORKSPACE_FIELD}</arg>
<arg>placeholder</arg>
<doc>Returns the value of ``attribute`` from the element ``locator``.</doc>
<status status="NOT RUN" starttime="20240118 22:53:08.148" endtime="20240118 22:53:08.148"/>
</kw>
<kw name="Log To Console" library="BuiltIn">
<arg>${text}</arg>
<doc>Logs the given message to the console.</doc>
<status status="NOT RUN" starttime="20240118 22:53:08.148" endtime="20240118 22:53:08.148"/>
</kw>
<kw name="Input For Text" library="common">
<arg>${DELETE_WORKSPACE_FIELD}</arg>
<arg>${text}</arg>
<status status="NOT RUN" starttime="20240118 22:53:08.152" endtime="20240118 22:53:08.152"/>
</kw>
<kw name="Click For Element" library="common">
<arg>${CONFIRMATION_BUTTON}</arg>
<status status="NOT RUN" starttime="20240118 22:53:08.152" endtime="20240118 22:53:08.152"/>
</kw>
<kw name="Exit For Loop" library="BuiltIn">
<doc>Stops executing the enclosing FOR loop.</doc>
<status status="NOT RUN" starttime="20240118 22:53:08.152" endtime="20240118 22:53:08.152"/>
</kw>
<status status="NOT RUN" starttime="20240118 22:53:08.140" endtime="20240118 22:53:08.156"/>
</branch>
<status status="PASS" starttime="20240118 22:53:08.140" endtime="20240118 22:53:08.156"/>
</if>
<status status="PASS" starttime="20240118 22:53:08.128" endtime="20240118 22:53:08.156"/>
</iter>
<iter>
<var name="${element}">&lt;selenium.webdriver.remote.webelement.WebElement (session="83b8e098-e46d-4b64-9138-9823199f73eb", element="52169257-3e98-49c7-8e3f-1e81c2e03972")&gt;</var>
<kw name="Get Text" library="SeleniumLibrary">
<var>${text}</var>
<arg>${element}</arg>
<doc>Returns the text value of the element identified by ``locator``.</doc>
<msg timestamp="20240118 22:53:08.172" level="INFO">${text} = test02_50
0</msg>
<status status="PASS" starttime="20240118 22:53:08.156" endtime="20240118 22:53:08.172"/>
</kw>
<kw name="Set Variable" library="BuiltIn">
<var>${str}</var>
<arg>${text}</arg>
<doc>Returns the given values which can then be assigned to a variables.</doc>
<msg timestamp="20240118 22:53:08.172" level="INFO">${str} = test02_50
0</msg>
<status status="PASS" starttime="20240118 22:53:08.172" endtime="20240118 22:53:08.172"/>
</kw>
<kw name="Split String" library="String">
<var>${Id}</var>
<arg>${str}</arg>
<arg>\n</arg>
<doc>Splits the ``string`` using ``separator`` as a delimiter string.</doc>
<msg timestamp="20240118 22:53:08.176" level="INFO">${Id} = ['test02_50', '0']</msg>
<status status="PASS" starttime="20240118 22:53:08.176" endtime="20240118 22:53:08.176"/>
</kw>
<kw name="Log To Console" library="BuiltIn">
<arg>${Id}[0]</arg>
<doc>Logs the given message to the console.</doc>
<status status="PASS" starttime="20240118 22:53:08.176" endtime="20240118 22:53:08.180"/>
</kw>
<if>
<branch type="IF" condition="&quot;${Id}[0]&quot; == &quot;${WorkspaceName}&quot;">
<kw name="Click For Element" library="common">
<arg>//*[text()='${Id}[0]']</arg>
<status status="NOT RUN" starttime="20240118 22:53:08.180" endtime="20240118 22:53:08.180"/>
</kw>
<kw name="Log To Console" library="BuiltIn">
<arg>"Workspace Selected"</arg>
<doc>Logs the given message to the console.</doc>
<status status="NOT RUN" starttime="20240118 22:53:08.180" endtime="20240118 22:53:08.180"/>
</kw>
<kw name="Wait Until Page Contains Element" library="SeleniumLibrary">
<arg>${RATING}</arg>
<doc>Waits until the element ``locator`` appears on the current page.</doc>
<status status="NOT RUN" starttime="20240118 22:53:08.180" endtime="20240118 22:53:08.180"/>
</kw>
<kw name="Click For Element" library="common">
<arg>${RATING}</arg>
<status status="NOT RUN" starttime="20240118 22:53:08.180" endtime="20240118 22:53:08.180"/>
</kw>
<kw name="Sleep" library="BuiltIn">
<arg>2s</arg>
<doc>Pauses the test executed for the given time.</doc>
<status status="NOT RUN" starttime="20240118 22:53:08.180" endtime="20240118 22:53:08.184"/>
</kw>
<kw name="Click For Element" library="common">
<arg>${WORKSPACE_EDIT_BUTTON}</arg>
<status status="NOT RUN" starttime="20240118 22:53:08.184" endtime="20240118 22:53:08.184"/>
</kw>
<kw name="Click For Element" library="common">
<arg>${DELETE_WORKSPACE_BUTTON}</arg>
<status status="NOT RUN" starttime="20240118 22:53:08.184" endtime="20240118 22:53:08.184"/>
</kw>
<kw name="Get Element Attribute" library="SeleniumLibrary">
<var>${text}</var>
<arg>${DELETE_WORKSPACE_FIELD}</arg>
<arg>placeholder</arg>
<doc>Returns the value of ``attribute`` from the element ``locator``.</doc>
<status status="NOT RUN" starttime="20240118 22:53:08.184" endtime="20240118 22:53:08.184"/>
</kw>
<kw name="Log To Console" library="BuiltIn">
<arg>${text}</arg>
<doc>Logs the given message to the console.</doc>
<status status="NOT RUN" starttime="20240118 22:53:08.184" endtime="20240118 22:53:08.184"/>
</kw>
<kw name="Input For Text" library="common">
<arg>${DELETE_WORKSPACE_FIELD}</arg>
<arg>${text}</arg>
<status status="NOT RUN" starttime="20240118 22:53:08.184" endtime="20240118 22:53:08.184"/>
</kw>
<kw name="Click For Element" library="common">
<arg>${CONFIRMATION_BUTTON}</arg>
<status status="NOT RUN" starttime="20240118 22:53:08.184" endtime="20240118 22:53:08.184"/>
</kw>
<kw name="Exit For Loop" library="BuiltIn">
<doc>Stops executing the enclosing FOR loop.</doc>
<status status="NOT RUN" starttime="20240118 22:53:08.184" endtime="20240118 22:53:08.184"/>
</kw>
<status status="NOT RUN" starttime="20240118 22:53:08.180" endtime="20240118 22:53:08.184"/>
</branch>
<status status="PASS" starttime="20240118 22:53:08.180" endtime="20240118 22:53:08.184"/>
</if>
<status status="PASS" starttime="20240118 22:53:08.156" endtime="20240118 22:53:08.188"/>
</iter>
<iter>
<var name="${element}">&lt;selenium.webdriver.remote.webelement.WebElement (session="83b8e098-e46d-4b64-9138-9823199f73eb", element="c5c18c65-171d-4399-bf0d-a735242526ef")&gt;</var>
<kw name="Get Text" library="SeleniumLibrary">
<var>${text}</var>
<arg>${element}</arg>
<doc>Returns the text value of the element identified by ``locator``.</doc>
<msg timestamp="20240118 22:53:08.196" level="INFO">${text} = test03_08
0</msg>
<status status="PASS" starttime="20240118 22:53:08.188" endtime="20240118 22:53:08.196"/>
</kw>
<kw name="Set Variable" library="BuiltIn">
<var>${str}</var>
<arg>${text}</arg>
<doc>Returns the given values which can then be assigned to a variables.</doc>
<msg timestamp="20240118 22:53:08.196" level="INFO">${str} = test03_08
0</msg>
<status status="PASS" starttime="20240118 22:53:08.196" endtime="20240118 22:53:08.196"/>
</kw>
<kw name="Split String" library="String">
<var>${Id}</var>
<arg>${str}</arg>
<arg>\n</arg>
<doc>Splits the ``string`` using ``separator`` as a delimiter string.</doc>
<msg timestamp="20240118 22:53:08.200" level="INFO">${Id} = ['test03_08', '0']</msg>
<status status="PASS" starttime="20240118 22:53:08.200" endtime="20240118 22:53:08.200"/>
</kw>
<kw name="Log To Console" library="BuiltIn">
<arg>${Id}[0]</arg>
<doc>Logs the given message to the console.</doc>
<status status="PASS" starttime="20240118 22:53:08.200" endtime="20240118 22:53:08.204"/>
</kw>
<if>
<branch type="IF" condition="&quot;${Id}[0]&quot; == &quot;${WorkspaceName}&quot;">
<kw name="Click For Element" library="common">
<arg>//*[text()='${Id}[0]']</arg>
<status status="NOT RUN" starttime="20240118 22:53:08.204" endtime="20240118 22:53:08.204"/>
</kw>
<kw name="Log To Console" library="BuiltIn">
<arg>"Workspace Selected"</arg>
<doc>Logs the given message to the console.</doc>
<status status="NOT RUN" starttime="20240118 22:53:08.204" endtime="20240118 22:53:08.204"/>
</kw>
<kw name="Wait Until Page Contains Element" library="SeleniumLibrary">
<arg>${RATING}</arg>
<doc>Waits until the element ``locator`` appears on the current page.</doc>
<status status="NOT RUN" starttime="20240118 22:53:08.204" endtime="20240118 22:53:08.208"/>
</kw>
<kw name="Click For Element" library="common">
<arg>${RATING}</arg>
<status status="NOT RUN" starttime="20240118 22:53:08.208" endtime="20240118 22:53:08.208"/>
</kw>
<kw name="Sleep" library="BuiltIn">
<arg>2s</arg>
<doc>Pauses the test executed for the given time.</doc>
<status status="NOT RUN" starttime="20240118 22:53:08.208" endtime="20240118 22:53:08.208"/>
</kw>
<kw name="Click For Element" library="common">
<arg>${WORKSPACE_EDIT_BUTTON}</arg>
<status status="NOT RUN" starttime="20240118 22:53:08.208" endtime="20240118 22:53:08.208"/>
</kw>
<kw name="Click For Element" library="common">
<arg>${DELETE_WORKSPACE_BUTTON}</arg>
<status status="NOT RUN" starttime="20240118 22:53:08.208" endtime="20240118 22:53:08.208"/>
</kw>
<kw name="Get Element Attribute" library="SeleniumLibrary">
<var>${text}</var>
<arg>${DELETE_WORKSPACE_FIELD}</arg>
<arg>placeholder</arg>
<doc>Returns the value of ``attribute`` from the element ``locator``.</doc>
<status status="NOT RUN" starttime="20240118 22:53:08.212" endtime="20240118 22:53:08.212"/>
</kw>
<kw name="Log To Console" library="BuiltIn">
<arg>${text}</arg>
<doc>Logs the given message to the console.</doc>
<status status="NOT RUN" starttime="20240118 22:53:08.212" endtime="20240118 22:53:08.212"/>
</kw>
<kw name="Input For Text" library="common">
<arg>${DELETE_WORKSPACE_FIELD}</arg>
<arg>${text}</arg>
<status status="NOT RUN" starttime="20240118 22:53:08.212" endtime="20240118 22:53:08.212"/>
</kw>
<kw name="Click For Element" library="common">
<arg>${CONFIRMATION_BUTTON}</arg>
<status status="NOT RUN" starttime="20240118 22:53:08.216" endtime="20240118 22:53:08.216"/>
</kw>
<kw name="Exit For Loop" library="BuiltIn">
<doc>Stops executing the enclosing FOR loop.</doc>
<status status="NOT RUN" starttime="20240118 22:53:08.216" endtime="20240118 22:53:08.216"/>
</kw>
<status status="NOT RUN" starttime="20240118 22:53:08.204" endtime="20240118 22:53:08.216"/>
</branch>
<status status="PASS" starttime="20240118 22:53:08.204" endtime="20240118 22:53:08.216"/>
</if>
<status status="PASS" starttime="20240118 22:53:08.188" endtime="20240118 22:53:08.216"/>
</iter>
<iter>
<var name="${element}">&lt;selenium.webdriver.remote.webelement.WebElement (session="83b8e098-e46d-4b64-9138-9823199f73eb", element="7d1c555a-12ee-4fe3-b5a5-695a19f5ff01")&gt;</var>
<kw name="Get Text" library="SeleniumLibrary">
<var>${text}</var>
<arg>${element}</arg>
<doc>Returns the text value of the element identified by ``locator``.</doc>
<msg timestamp="20240118 22:53:08.224" level="INFO">${text} = test03_11
0</msg>
<status status="PASS" starttime="20240118 22:53:08.216" endtime="20240118 22:53:08.224"/>
</kw>
<kw name="Set Variable" library="BuiltIn">
<var>${str}</var>
<arg>${text}</arg>
<doc>Returns the given values which can then be assigned to a variables.</doc>
<msg timestamp="20240118 22:53:08.224" level="INFO">${str} = test03_11
0</msg>
<status status="PASS" starttime="20240118 22:53:08.224" endtime="20240118 22:53:08.224"/>
</kw>
<kw name="Split String" library="String">
<var>${Id}</var>
<arg>${str}</arg>
<arg>\n</arg>
<doc>Splits the ``string`` using ``separator`` as a delimiter string.</doc>
<msg timestamp="20240118 22:53:08.228" level="INFO">${Id} = ['test03_11', '0']</msg>
<status status="PASS" starttime="20240118 22:53:08.228" endtime="20240118 22:53:08.228"/>
</kw>
<kw name="Log To Console" library="BuiltIn">
<arg>${Id}[0]</arg>
<doc>Logs the given message to the console.</doc>
<status status="PASS" starttime="20240118 22:53:08.228" endtime="20240118 22:53:08.232"/>
</kw>
<if>
<branch type="IF" condition="&quot;${Id}[0]&quot; == &quot;${WorkspaceName}&quot;">
<kw name="Click For Element" library="common">
<arg>//*[text()='${Id}[0]']</arg>
<status status="NOT RUN" starttime="20240118 22:53:08.232" endtime="20240118 22:53:08.232"/>
</kw>
<kw name="Log To Console" library="BuiltIn">
<arg>"Workspace Selected"</arg>
<doc>Logs the given message to the console.</doc>
<status status="NOT RUN" starttime="20240118 22:53:08.232" endtime="20240118 22:53:08.232"/>
</kw>
<kw name="Wait Until Page Contains Element" library="SeleniumLibrary">
<arg>${RATING}</arg>
<doc>Waits until the element ``locator`` appears on the current page.</doc>
<status status="NOT RUN" starttime="20240118 22:53:08.236" endtime="20240118 22:53:08.236"/>
</kw>
<kw name="Click For Element" library="common">
<arg>${RATING}</arg>
<status status="NOT RUN" starttime="20240118 22:53:08.236" endtime="20240118 22:53:08.236"/>
</kw>
<kw name="Sleep" library="BuiltIn">
<arg>2s</arg>
<doc>Pauses the test executed for the given time.</doc>
<status status="NOT RUN" starttime="20240118 22:53:08.236" endtime="20240118 22:53:08.236"/>
</kw>
<kw name="Click For Element" library="common">
<arg>${WORKSPACE_EDIT_BUTTON}</arg>
<status status="NOT RUN" starttime="20240118 22:53:08.236" endtime="20240118 22:53:08.236"/>
</kw>
<kw name="Click For Element" library="common">
<arg>${DELETE_WORKSPACE_BUTTON}</arg>
<status status="NOT RUN" starttime="20240118 22:53:08.236" endtime="20240118 22:53:08.236"/>
</kw>
<kw name="Get Element Attribute" library="SeleniumLibrary">
<var>${text}</var>
<arg>${DELETE_WORKSPACE_FIELD}</arg>
<arg>placeholder</arg>
<doc>Returns the value of ``attribute`` from the element ``locator``.</doc>
<status status="NOT RUN" starttime="20240118 22:53:08.236" endtime="20240118 22:53:08.236"/>
</kw>
<kw name="Log To Console" library="BuiltIn">
<arg>${text}</arg>
<doc>Logs the given message to the console.</doc>
<status status="NOT RUN" starttime="20240118 22:53:08.236" endtime="20240118 22:53:08.236"/>
</kw>
<kw name="Input For Text" library="common">
<arg>${DELETE_WORKSPACE_FIELD}</arg>
<arg>${text}</arg>
<status status="NOT RUN" starttime="20240118 22:53:08.236" endtime="20240118 22:53:08.236"/>
</kw>
<kw name="Click For Element" library="common">
<arg>${CONFIRMATION_BUTTON}</arg>
<status status="NOT RUN" starttime="20240118 22:53:08.240" endtime="20240118 22:53:08.240"/>
</kw>
<kw name="Exit For Loop" library="BuiltIn">
<doc>Stops executing the enclosing FOR loop.</doc>
<status status="NOT RUN" starttime="20240118 22:53:08.240" endtime="20240118 22:53:08.240"/>
</kw>
<status status="NOT RUN" starttime="20240118 22:53:08.232" endtime="20240118 22:53:08.240"/>
</branch>
<status status="PASS" starttime="20240118 22:53:08.232" endtime="20240118 22:53:08.240"/>
</if>
<status status="PASS" starttime="20240118 22:53:08.216" endtime="20240118 22:53:08.240"/>
</iter>
<iter>
<var name="${element}">&lt;selenium.webdriver.remote.webelement.WebElement (session="83b8e098-e46d-4b64-9138-9823199f73eb", element="b3007acf-e585-49b9-987f-67c1e5dd3470")&gt;</var>
<kw name="Get Text" library="SeleniumLibrary">
<var>${text}</var>
<arg>${element}</arg>
<doc>Returns the text value of the element identified by ``locator``.</doc>
<msg timestamp="20240118 22:53:08.248" level="INFO">${text} = test03_37
0</msg>
<status status="PASS" starttime="20240118 22:53:08.240" endtime="20240118 22:53:08.248"/>
</kw>
<kw name="Set Variable" library="BuiltIn">
<var>${str}</var>
<arg>${text}</arg>
<doc>Returns the given values which can then be assigned to a variables.</doc>
<msg timestamp="20240118 22:53:08.252" level="INFO">${str} = test03_37
0</msg>
<status status="PASS" starttime="20240118 22:53:08.252" endtime="20240118 22:53:08.252"/>
</kw>
<kw name="Split String" library="String">
<var>${Id}</var>
<arg>${str}</arg>
<arg>\n</arg>
<doc>Splits the ``string`` using ``separator`` as a delimiter string.</doc>
<msg timestamp="20240118 22:53:08.252" level="INFO">${Id} = ['test03_37', '0']</msg>
<status status="PASS" starttime="20240118 22:53:08.252" endtime="20240118 22:53:08.252"/>
</kw>
<kw name="Log To Console" library="BuiltIn">
<arg>${Id}[0]</arg>
<doc>Logs the given message to the console.</doc>
<status status="PASS" starttime="20240118 22:53:08.252" endtime="20240118 22:53:08.256"/>
</kw>
<if>
<branch type="IF" condition="&quot;${Id}[0]&quot; == &quot;${WorkspaceName}&quot;">
<kw name="Click For Element" library="common">
<arg>//*[text()='${Id}[0]']</arg>
<status status="NOT RUN" starttime="20240118 22:53:08.256" endtime="20240118 22:53:08.256"/>
</kw>
<kw name="Log To Console" library="BuiltIn">
<arg>"Workspace Selected"</arg>
<doc>Logs the given message to the console.</doc>
<status status="NOT RUN" starttime="20240118 22:53:08.256" endtime="20240118 22:53:08.256"/>
</kw>
<kw name="Wait Until Page Contains Element" library="SeleniumLibrary">
<arg>${RATING}</arg>
<doc>Waits until the element ``locator`` appears on the current page.</doc>
<status status="NOT RUN" starttime="20240118 22:53:08.256" endtime="20240118 22:53:08.256"/>
</kw>
<kw name="Click For Element" library="common">
<arg>${RATING}</arg>
<status status="NOT RUN" starttime="20240118 22:53:08.256" endtime="20240118 22:53:08.256"/>
</kw>
<kw name="Sleep" library="BuiltIn">
<arg>2s</arg>
<doc>Pauses the test executed for the given time.</doc>
<status status="NOT RUN" starttime="20240118 22:53:08.256" endtime="20240118 22:53:08.256"/>
</kw>
<kw name="Click For Element" library="common">
<arg>${WORKSPACE_EDIT_BUTTON}</arg>
<status status="NOT RUN" starttime="20240118 22:53:08.256" endtime="20240118 22:53:08.256"/>
</kw>
<kw name="Click For Element" library="common">
<arg>${DELETE_WORKSPACE_BUTTON}</arg>
<status status="NOT RUN" starttime="20240118 22:53:08.256" endtime="20240118 22:53:08.256"/>
</kw>
<kw name="Get Element Attribute" library="SeleniumLibrary">
<var>${text}</var>
<arg>${DELETE_WORKSPACE_FIELD}</arg>
<arg>placeholder</arg>
<doc>Returns the value of ``attribute`` from the element ``locator``.</doc>
<status status="NOT RUN" starttime="20240118 22:53:08.260" endtime="20240118 22:53:08.260"/>
</kw>
<kw name="Log To Console" library="BuiltIn">
<arg>${text}</arg>
<doc>Logs the given message to the console.</doc>
<status status="NOT RUN" starttime="20240118 22:53:08.260" endtime="20240118 22:53:08.260"/>
</kw>
<kw name="Input For Text" library="common">
<arg>${DELETE_WORKSPACE_FIELD}</arg>
<arg>${text}</arg>
<status status="NOT RUN" starttime="20240118 22:53:08.260" endtime="20240118 22:53:08.260"/>
</kw>
<kw name="Click For Element" library="common">
<arg>${CONFIRMATION_BUTTON}</arg>
<status status="NOT RUN" starttime="20240118 22:53:08.260" endtime="20240118 22:53:08.260"/>
</kw>
<kw name="Exit For Loop" library="BuiltIn">
<doc>Stops executing the enclosing FOR loop.</doc>
<status status="NOT RUN" starttime="20240118 22:53:08.260" endtime="20240118 22:53:08.260"/>
</kw>
<status status="NOT RUN" starttime="20240118 22:53:08.256" endtime="20240118 22:53:08.260"/>
</branch>
<status status="PASS" starttime="20240118 22:53:08.256" endtime="20240118 22:53:08.260"/>
</if>
<status status="PASS" starttime="20240118 22:53:08.240" endtime="20240118 22:53:08.260"/>
</iter>
<iter>
<var name="${element}">&lt;selenium.webdriver.remote.webelement.WebElement (session="83b8e098-e46d-4b64-9138-9823199f73eb", element="fc2b06a8-dd6d-48d4-a088-c4cc5a170dca")&gt;</var>
<kw name="Get Text" library="SeleniumLibrary">
<var>${text}</var>
<arg>${element}</arg>
<doc>Returns the text value of the element identified by ``locator``.</doc>
<msg timestamp="20240118 22:53:08.276" level="INFO">${text} = test03_38
0</msg>
<status status="PASS" starttime="20240118 22:53:08.260" endtime="20240118 22:53:08.276"/>
</kw>
<kw name="Set Variable" library="BuiltIn">
<var>${str}</var>
<arg>${text}</arg>
<doc>Returns the given values which can then be assigned to a variables.</doc>
<msg timestamp="20240118 22:53:08.276" level="INFO">${str} = test03_38
0</msg>
<status status="PASS" starttime="20240118 22:53:08.276" endtime="20240118 22:53:08.276"/>
</kw>
<kw name="Split String" library="String">
<var>${Id}</var>
<arg>${str}</arg>
<arg>\n</arg>
<doc>Splits the ``string`` using ``separator`` as a delimiter string.</doc>
<msg timestamp="20240118 22:53:08.280" level="INFO">${Id} = ['test03_38', '0']</msg>
<status status="PASS" starttime="20240118 22:53:08.280" endtime="20240118 22:53:08.280"/>
</kw>
<kw name="Log To Console" library="BuiltIn">
<arg>${Id}[0]</arg>
<doc>Logs the given message to the console.</doc>
<status status="PASS" starttime="20240118 22:53:08.284" endtime="20240118 22:53:08.284"/>
</kw>
<if>
<branch type="IF" condition="&quot;${Id}[0]&quot; == &quot;${WorkspaceName}&quot;">
<kw name="Click For Element" library="common">
<arg>//*[text()='${Id}[0]']</arg>
<status status="NOT RUN" starttime="20240118 22:53:08.284" endtime="20240118 22:53:08.288"/>
</kw>
<kw name="Log To Console" library="BuiltIn">
<arg>"Workspace Selected"</arg>
<doc>Logs the given message to the console.</doc>
<status status="NOT RUN" starttime="20240118 22:53:08.288" endtime="20240118 22:53:08.288"/>
</kw>
<kw name="Wait Until Page Contains Element" library="SeleniumLibrary">
<arg>${RATING}</arg>
<doc>Waits until the element ``locator`` appears on the current page.</doc>
<status status="NOT RUN" starttime="20240118 22:53:08.288" endtime="20240118 22:53:08.288"/>
</kw>
<kw name="Click For Element" library="common">
<arg>${RATING}</arg>
<status status="NOT RUN" starttime="20240118 22:53:08.288" endtime="20240118 22:53:08.292"/>
</kw>
<kw name="Sleep" library="BuiltIn">
<arg>2s</arg>
<doc>Pauses the test executed for the given time.</doc>
<status status="NOT RUN" starttime="20240118 22:53:08.292" endtime="20240118 22:53:08.292"/>
</kw>
<kw name="Click For Element" library="common">
<arg>${WORKSPACE_EDIT_BUTTON}</arg>
<status status="NOT RUN" starttime="20240118 22:53:08.292" endtime="20240118 22:53:08.292"/>
</kw>
<kw name="Click For Element" library="common">
<arg>${DELETE_WORKSPACE_BUTTON}</arg>
<status status="NOT RUN" starttime="20240118 22:53:08.292" endtime="20240118 22:53:08.292"/>
</kw>
<kw name="Get Element Attribute" library="SeleniumLibrary">
<var>${text}</var>
<arg>${DELETE_WORKSPACE_FIELD}</arg>
<arg>placeholder</arg>
<doc>Returns the value of ``attribute`` from the element ``locator``.</doc>
<status status="NOT RUN" starttime="20240118 22:53:08.296" endtime="20240118 22:53:08.296"/>
</kw>
<kw name="Log To Console" library="BuiltIn">
<arg>${text}</arg>
<doc>Logs the given message to the console.</doc>
<status status="NOT RUN" starttime="20240118 22:53:08.296" endtime="20240118 22:53:08.296"/>
</kw>
<kw name="Input For Text" library="common">
<arg>${DELETE_WORKSPACE_FIELD}</arg>
<arg>${text}</arg>
<status status="NOT RUN" starttime="20240118 22:53:08.300" endtime="20240118 22:53:08.300"/>
</kw>
<kw name="Click For Element" library="common">
<arg>${CONFIRMATION_BUTTON}</arg>
<status status="NOT RUN" starttime="20240118 22:53:08.300" endtime="20240118 22:53:08.300"/>
</kw>
<kw name="Exit For Loop" library="BuiltIn">
<doc>Stops executing the enclosing FOR loop.</doc>
<status status="NOT RUN" starttime="20240118 22:53:08.300" endtime="20240118 22:53:08.300"/>
</kw>
<status status="NOT RUN" starttime="20240118 22:53:08.284" endtime="20240118 22:53:08.304"/>
</branch>
<status status="PASS" starttime="20240118 22:53:08.284" endtime="20240118 22:53:08.304"/>
</if>
<status status="PASS" starttime="20240118 22:53:08.260" endtime="20240118 22:53:08.304"/>
</iter>
<iter>
<var name="${element}">&lt;selenium.webdriver.remote.webelement.WebElement (session="83b8e098-e46d-4b64-9138-9823199f73eb", element="87656c8c-3f18-4dbf-9fb3-3f63b3dd9c06")&gt;</var>
<kw name="Get Text" library="SeleniumLibrary">
<var>${text}</var>
<arg>${element}</arg>
<doc>Returns the text value of the element identified by ``locator``.</doc>
<msg timestamp="20240118 22:53:08.316" level="INFO">${text} = test03_41
0</msg>
<status status="PASS" starttime="20240118 22:53:08.304" endtime="20240118 22:53:08.316"/>
</kw>
<kw name="Set Variable" library="BuiltIn">
<var>${str}</var>
<arg>${text}</arg>
<doc>Returns the given values which can then be assigned to a variables.</doc>
<msg timestamp="20240118 22:53:08.316" level="INFO">${str} = test03_41
0</msg>
<status status="PASS" starttime="20240118 22:53:08.316" endtime="20240118 22:53:08.316"/>
</kw>
<kw name="Split String" library="String">
<var>${Id}</var>
<arg>${str}</arg>
<arg>\n</arg>
<doc>Splits the ``string`` using ``separator`` as a delimiter string.</doc>
<msg timestamp="20240118 22:53:08.320" level="INFO">${Id} = ['test03_41', '0']</msg>
<status status="PASS" starttime="20240118 22:53:08.320" endtime="20240118 22:53:08.320"/>
</kw>
<kw name="Log To Console" library="BuiltIn">
<arg>${Id}[0]</arg>
<doc>Logs the given message to the console.</doc>
<status status="PASS" starttime="20240118 22:53:08.320" endtime="20240118 22:53:08.320"/>
</kw>
<if>
<branch type="IF" condition="&quot;${Id}[0]&quot; == &quot;${WorkspaceName}&quot;">
<kw name="Click For Element" library="common">
<arg>//*[text()='${Id}[0]']</arg>
<status status="NOT RUN" starttime="20240118 22:53:08.324" endtime="20240118 22:53:08.324"/>
</kw>
<kw name="Log To Console" library="BuiltIn">
<arg>"Workspace Selected"</arg>
<doc>Logs the given message to the console.</doc>
<status status="NOT RUN" starttime="20240118 22:53:08.324" endtime="20240118 22:53:08.324"/>
</kw>
<kw name="Wait Until Page Contains Element" library="SeleniumLibrary">
<arg>${RATING}</arg>
<doc>Waits until the element ``locator`` appears on the current page.</doc>
<status status="NOT RUN" starttime="20240118 22:53:08.324" endtime="20240118 22:53:08.324"/>
</kw>
<kw name="Click For Element" library="common">
<arg>${RATING}</arg>
<status status="NOT RUN" starttime="20240118 22:53:08.324" endtime="20240118 22:53:08.324"/>
</kw>
<kw name="Sleep" library="BuiltIn">
<arg>2s</arg>
<doc>Pauses the test executed for the given time.</doc>
<status status="NOT RUN" starttime="20240118 22:53:08.324" endtime="20240118 22:53:08.324"/>
</kw>
<kw name="Click For Element" library="common">
<arg>${WORKSPACE_EDIT_BUTTON}</arg>
<status status="NOT RUN" starttime="20240118 22:53:08.324" endtime="20240118 22:53:08.324"/>
</kw>
<kw name="Click For Element" library="common">
<arg>${DELETE_WORKSPACE_BUTTON}</arg>
<status status="NOT RUN" starttime="20240118 22:53:08.324" endtime="20240118 22:53:08.324"/>
</kw>
<kw name="Get Element Attribute" library="SeleniumLibrary">
<var>${text}</var>
<arg>${DELETE_WORKSPACE_FIELD}</arg>
<arg>placeholder</arg>
<doc>Returns the value of ``attribute`` from the element ``locator``.</doc>
<status status="NOT RUN" starttime="20240118 22:53:08.324" endtime="20240118 22:53:08.324"/>
</kw>
<kw name="Log To Console" library="BuiltIn">
<arg>${text}</arg>
<doc>Logs the given message to the console.</doc>
<status status="NOT RUN" starttime="20240118 22:53:08.328" endtime="20240118 22:53:08.328"/>
</kw>
<kw name="Input For Text" library="common">
<arg>${DELETE_WORKSPACE_FIELD}</arg>
<arg>${text}</arg>
<status status="NOT RUN" starttime="20240118 22:53:08.328" endtime="20240118 22:53:08.328"/>
</kw>
<kw name="Click For Element" library="common">
<arg>${CONFIRMATION_BUTTON}</arg>
<status status="NOT RUN" starttime="20240118 22:53:08.328" endtime="20240118 22:53:08.328"/>
</kw>
<kw name="Exit For Loop" library="BuiltIn">
<doc>Stops executing the enclosing FOR loop.</doc>
<status status="NOT RUN" starttime="20240118 22:53:08.328" endtime="20240118 22:53:08.328"/>
</kw>
<status status="NOT RUN" starttime="20240118 22:53:08.320" endtime="20240118 22:53:08.328"/>
</branch>
<status status="PASS" starttime="20240118 22:53:08.320" endtime="20240118 22:53:08.332"/>
</if>
<status status="PASS" starttime="20240118 22:53:08.304" endtime="20240118 22:53:08.332"/>
</iter>
<iter>
<var name="${element}">&lt;selenium.webdriver.remote.webelement.WebElement (session="83b8e098-e46d-4b64-9138-9823199f73eb", element="f1d09959-9c20-4bad-bc24-560b4ee5f28d")&gt;</var>
<kw name="Get Text" library="SeleniumLibrary">
<var>${text}</var>
<arg>${element}</arg>
<doc>Returns the text value of the element identified by ``locator``.</doc>
<msg timestamp="20240118 22:53:08.340" level="INFO">${text} = test03_42
0</msg>
<status status="PASS" starttime="20240118 22:53:08.332" endtime="20240118 22:53:08.340"/>
</kw>
<kw name="Set Variable" library="BuiltIn">
<var>${str}</var>
<arg>${text}</arg>
<doc>Returns the given values which can then be assigned to a variables.</doc>
<msg timestamp="20240118 22:53:08.344" level="INFO">${str} = test03_42
0</msg>
<status status="PASS" starttime="20240118 22:53:08.340" endtime="20240118 22:53:08.344"/>
</kw>
<kw name="Split String" library="String">
<var>${Id}</var>
<arg>${str}</arg>
<arg>\n</arg>
<doc>Splits the ``string`` using ``separator`` as a delimiter string.</doc>
<msg timestamp="20240118 22:53:08.344" level="INFO">${Id} = ['test03_42', '0']</msg>
<status status="PASS" starttime="20240118 22:53:08.344" endtime="20240118 22:53:08.344"/>
</kw>
<kw name="Log To Console" library="BuiltIn">
<arg>${Id}[0]</arg>
<doc>Logs the given message to the console.</doc>
<status status="PASS" starttime="20240118 22:53:08.348" endtime="20240118 22:53:08.348"/>
</kw>
<if>
<branch type="IF" condition="&quot;${Id}[0]&quot; == &quot;${WorkspaceName}&quot;">
<kw name="Click For Element" library="common">
<arg>//*[text()='${Id}[0]']</arg>
<status status="NOT RUN" starttime="20240118 22:53:08.352" endtime="20240118 22:53:08.352"/>
</kw>
<kw name="Log To Console" library="BuiltIn">
<arg>"Workspace Selected"</arg>
<doc>Logs the given message to the console.</doc>
<status status="NOT RUN" starttime="20240118 22:53:08.352" endtime="20240118 22:53:08.352"/>
</kw>
<kw name="Wait Until Page Contains Element" library="SeleniumLibrary">
<arg>${RATING}</arg>
<doc>Waits until the element ``locator`` appears on the current page.</doc>
<status status="NOT RUN" starttime="20240118 22:53:08.352" endtime="20240118 22:53:08.352"/>
</kw>
<kw name="Click For Element" library="common">
<arg>${RATING}</arg>
<status status="NOT RUN" starttime="20240118 22:53:08.352" endtime="20240118 22:53:08.352"/>
</kw>
<kw name="Sleep" library="BuiltIn">
<arg>2s</arg>
<doc>Pauses the test executed for the given time.</doc>
<status status="NOT RUN" starttime="20240118 22:53:08.356" endtime="20240118 22:53:08.356"/>
</kw>
<kw name="Click For Element" library="common">
<arg>${WORKSPACE_EDIT_BUTTON}</arg>
[...]
<var>${text}</var>
<arg>${DELETE_WORKSPACE_FIELD}</arg>
<arg>placeholder</arg>
<doc>Returns the value of ``attribute`` from the element ``locator``.</doc>
<status status="NOT RUN" starttime="20240118 22:53:10.325" endtime="20240118 22:53:10.325"/>
</kw>
<kw name="Log To Console" library="BuiltIn">
<arg>${text}</arg>
<doc>Logs the given message to the console.</doc>
<status status="NOT RUN" starttime="20240118 22:53:10.325" endtime="20240118 22:53:10.325"/>
</kw>
<kw name="Input For Text" library="common">
<arg>${DELETE_WORKSPACE_FIELD}</arg>
<arg>${text}</arg>
<status status="NOT RUN" starttime="20240118 22:53:10.325" endtime="20240118 22:53:10.325"/>
</kw>
<kw name="Click For Element" library="common">
<arg>${CONFIRMATION_BUTTON}</arg>
<status status="NOT RUN" starttime="20240118 22:53:10.329" endtime="20240118 22:53:10.329"/>
</kw>
<kw name="Exit For Loop" library="BuiltIn">
<doc>Stops executing the enclosing FOR loop.</doc>
<status status="NOT RUN" starttime="20240118 22:53:10.329" endtime="20240118 22:53:10.329"/>
</kw>
<status status="NOT RUN" starttime="20240118 22:53:10.315" endtime="20240118 22:53:10.329"/>
</branch>
<status status="PASS" starttime="20240118 22:53:10.315" endtime="20240118 22:53:10.329"/>
</if>
<status status="PASS" starttime="20240118 22:53:10.291" endtime="20240118 22:53:10.329"/>
</iter>
<iter>
<var name="${element}">&lt;selenium.webdriver.remote.webelement.WebElement (session="83b8e098-e46d-4b64-9138-9823199f73eb", element="fc7c7310-678b-4487-bd53-c0dd1ad11d38")&gt;</var>
<kw name="Get Text" library="SeleniumLibrary">
<var>${text}</var>
<arg>${element}</arg>
<doc>Returns the text value of the element identified by ``locator``.</doc>
<msg timestamp="20240118 22:53:10.341" level="INFO">${text} = test23_44
0</msg>
<status status="PASS" starttime="20240118 22:53:10.333" endtime="20240118 22:53:10.341"/>
</kw>
<kw name="Set Variable" library="BuiltIn">
<var>${str}</var>
<arg>${text}</arg>
<doc>Returns the given values which can then be assigned to a variables.</doc>
<msg timestamp="20240118 22:53:10.345" level="INFO">${str} = test23_44
0</msg>
<status status="PASS" starttime="20240118 22:53:10.341" endtime="20240118 22:53:10.345"/>
</kw>
<kw name="Split String" library="String">
<var>${Id}</var>
<arg>${str}</arg>
<arg>\n</arg>
<doc>Splits the ``string`` using ``separator`` as a delimiter string.</doc>
<msg timestamp="20240118 22:53:10.345" level="INFO">${Id} = ['test23_44', '0']</msg>
<status status="PASS" starttime="20240118 22:53:10.345" endtime="20240118 22:53:10.345"/>
</kw>
<kw name="Log To Console" library="BuiltIn">
<arg>${Id}[0]</arg>
<doc>Logs the given message to the console.</doc>
<status status="PASS" starttime="20240118 22:53:10.349" endtime="20240118 22:53:10.349"/>
</kw>
<if>
<branch type="IF" condition="&quot;${Id}[0]&quot; == &quot;${WorkspaceName}&quot;">
<kw name="Click For Element" library="common">
<arg>//*[text()='${Id}[0]']</arg>
<status status="NOT RUN" starttime="20240118 22:53:10.353" endtime="20240118 22:53:10.353"/>
</kw>
<kw name="Log To Console" library="BuiltIn">
<arg>"Workspace Selected"</arg>
<doc>Logs the given message to the console.</doc>
<status status="NOT RUN" starttime="20240118 22:53:10.353" endtime="20240118 22:53:10.353"/>
</kw>
<kw name="Wait Until Page Contains Element" library="SeleniumLibrary">
<arg>${RATING}</arg>
<doc>Waits until the element ``locator`` appears on the current page.</doc>
<status status="NOT RUN" starttime="20240118 22:53:10.353" endtime="20240118 22:53:10.353"/>
</kw>
<kw name="Click For Element" library="common">
<arg>${RATING}</arg>
<status status="NOT RUN" starttime="20240118 22:53:10.353" endtime="20240118 22:53:10.353"/>
</kw>
<kw name="Sleep" library="BuiltIn">
<arg>2s</arg>
<doc>Pauses the test executed for the given time.</doc>
<status status="NOT RUN" starttime="20240118 22:53:10.357" endtime="20240118 22:53:10.357"/>
</kw>
<kw name="Click For Element" library="common">
<arg>${WORKSPACE_EDIT_BUTTON}</arg>
<status status="NOT RUN" starttime="20240118 22:53:10.357" endtime="20240118 22:53:10.357"/>
</kw>
<kw name="Click For Element" library="common">
<arg>${DELETE_WORKSPACE_BUTTON}</arg>
<status status="NOT RUN" starttime="20240118 22:53:10.357" endtime="20240118 22:53:10.357"/>
</kw>
<kw name="Get Element Attribute" library="SeleniumLibrary">
<var>${text}</var>
<arg>${DELETE_WORKSPACE_FIELD}</arg>
<arg>placeholder</arg>
<doc>Returns the value of ``attribute`` from the element ``locator``.</doc>
<status status="NOT RUN" starttime="20240118 22:53:10.357" endtime="20240118 22:53:10.357"/>
</kw>
<kw name="Log To Console" library="BuiltIn">
<arg>${text}</arg>
<doc>Logs the given message to the console.</doc>
<status status="NOT RUN" starttime="20240118 22:53:10.357" endtime="20240118 22:53:10.357"/>
</kw>
<kw name="Input For Text" library="common">
<arg>${DELETE_WORKSPACE_FIELD}</arg>
<arg>${text}</arg>
<status status="NOT RUN" starttime="20240118 22:53:10.361" endtime="20240118 22:53:10.361"/>
</kw>
<kw name="Click For Element" library="common">
<arg>${CONFIRMATION_BUTTON}</arg>
<status status="NOT RUN" starttime="20240118 22:53:10.361" endtime="20240118 22:53:10.361"/>
</kw>
<kw name="Exit For Loop" library="BuiltIn">
<doc>Stops executing the enclosing FOR loop.</doc>
<status status="NOT RUN" starttime="20240118 22:53:10.365" endtime="20240118 22:53:10.365"/>
</kw>
<status status="NOT RUN" starttime="20240118 22:53:10.349" endtime="20240118 22:53:10.365"/>
</branch>
<status status="PASS" starttime="20240118 22:53:10.349" endtime="20240118 22:53:10.365"/>
</if>
<status status="PASS" starttime="20240118 22:53:10.329" endtime="20240118 22:53:10.365"/>
</iter>
<iter>
<var name="${element}">&lt;selenium.webdriver.remote.webelement.WebElement (session="83b8e098-e46d-4b64-9138-9823199f73eb", element="d4d41989-dfcb-4453-805d-580902f014bf")&gt;</var>
<kw name="Get Text" library="SeleniumLibrary">
<var>${text}</var>
<arg>${element}</arg>
<doc>Returns the text value of the element identified by ``locator``.</doc>
<msg timestamp="20240118 22:53:10.381" level="INFO">${text} = test23_49
0</msg>
<status status="PASS" starttime="20240118 22:53:10.365" endtime="20240118 22:53:10.381"/>
</kw>
<kw name="Set Variable" library="BuiltIn">
<var>${str}</var>
<arg>${text}</arg>
<doc>Returns the given values which can then be assigned to a variables.</doc>
<msg timestamp="20240118 22:53:10.385" level="INFO">${str} = test23_49
0</msg>
<status status="PASS" starttime="20240118 22:53:10.385" endtime="20240118 22:53:10.385"/>
</kw>
<kw name="Split String" library="String">
<var>${Id}</var>
<arg>${str}</arg>
<arg>\n</arg>
<doc>Splits the ``string`` using ``separator`` as a delimiter string.</doc>
<msg timestamp="20240118 22:53:10.393" level="INFO">${Id} = ['test23_49', '0']</msg>
<status status="PASS" starttime="20240118 22:53:10.389" endtime="20240118 22:53:10.393"/>
</kw>
<kw name="Log To Console" library="BuiltIn">
<arg>${Id}[0]</arg>
<doc>Logs the given message to the console.</doc>
<status status="PASS" starttime="20240118 22:53:10.393" endtime="20240118 22:53:10.397"/>
</kw>
<if>
<branch type="IF" condition="&quot;${Id}[0]&quot; == &quot;${WorkspaceName}&quot;">
<kw name="Click For Element" library="common">
<arg>//*[text()='${Id}[0]']</arg>
<status status="NOT RUN" starttime="20240118 22:53:10.397" endtime="20240118 22:53:10.397"/>
</kw>
<kw name="Log To Console" library="BuiltIn">
<arg>"Workspace Selected"</arg>
<doc>Logs the given message to the console.</doc>
<status status="NOT RUN" starttime="20240118 22:53:10.397" endtime="20240118 22:53:10.397"/>
</kw>
<kw name="Wait Until Page Contains Element" library="SeleniumLibrary">
<arg>${RATING}</arg>
<doc>Waits until the element ``locator`` appears on the current page.</doc>
<status status="NOT RUN" starttime="20240118 22:53:10.401" endtime="20240118 22:53:10.401"/>
</kw>
<kw name="Click For Element" library="common">
<arg>${RATING}</arg>
<status status="NOT RUN" starttime="20240118 22:53:10.401" endtime="20240118 22:53:10.401"/>
</kw>
<kw name="Sleep" library="BuiltIn">
<arg>2s</arg>
<doc>Pauses the test executed for the given time.</doc>
<status status="NOT RUN" starttime="20240118 22:53:10.401" endtime="20240118 22:53:10.401"/>
</kw>
<kw name="Click For Element" library="common">
<arg>${WORKSPACE_EDIT_BUTTON}</arg>
<status status="NOT RUN" starttime="20240118 22:53:10.401" endtime="20240118 22:53:10.401"/>
</kw>
<kw name="Click For Element" library="common">
<arg>${DELETE_WORKSPACE_BUTTON}</arg>
<status status="NOT RUN" starttime="20240118 22:53:10.405" endtime="20240118 22:53:10.405"/>
</kw>
<kw name="Get Element Attribute" library="SeleniumLibrary">
<var>${text}</var>
<arg>${DELETE_WORKSPACE_FIELD}</arg>
<arg>placeholder</arg>
<doc>Returns the value of ``attribute`` from the element ``locator``.</doc>
<status status="NOT RUN" starttime="20240118 22:53:10.405" endtime="20240118 22:53:10.405"/>
</kw>
<kw name="Log To Console" library="BuiltIn">
<arg>${text}</arg>
<doc>Logs the given message to the console.</doc>
<status status="NOT RUN" starttime="20240118 22:53:10.405" endtime="20240118 22:53:10.405"/>
</kw>
<kw name="Input For Text" library="common">
<arg>${DELETE_WORKSPACE_FIELD}</arg>
<arg>${text}</arg>
<status status="NOT RUN" starttime="20240118 22:53:10.405" endtime="20240118 22:53:10.409"/>
</kw>
<kw name="Click For Element" library="common">
<arg>${CONFIRMATION_BUTTON}</arg>
<status status="NOT RUN" starttime="20240118 22:53:10.409" endtime="20240118 22:53:10.409"/>
</kw>
<kw name="Exit For Loop" library="BuiltIn">
<doc>Stops executing the enclosing FOR loop.</doc>
<status status="NOT RUN" starttime="20240118 22:53:10.409" endtime="20240118 22:53:10.409"/>
</kw>
<status status="NOT RUN" starttime="20240118 22:53:10.397" endtime="20240118 22:53:10.409"/>
</branch>
<status status="PASS" starttime="20240118 22:53:10.397" endtime="20240118 22:53:10.413"/>
</if>
<status status="PASS" starttime="20240118 22:53:10.365" endtime="20240118 22:53:10.413"/>
</iter>
<iter>
<var name="${element}">&lt;selenium.webdriver.remote.webelement.WebElement (session="83b8e098-e46d-4b64-9138-9823199f73eb", element="7441bb71-de76-44d7-9642-f5058f78c64d")&gt;</var>
<kw name="Get Text" library="SeleniumLibrary">
<var>${text}</var>
<arg>${element}</arg>
<doc>Returns the text value of the element identified by ``locator``.</doc>
<msg timestamp="20240118 22:53:10.421" level="INFO">${text} = test23_50
0</msg>
<status status="PASS" starttime="20240118 22:53:10.413" endtime="20240118 22:53:10.421"/>
</kw>
<kw name="Set Variable" library="BuiltIn">
<var>${str}</var>
<arg>${text}</arg>
<doc>Returns the given values which can then be assigned to a variables.</doc>
<msg timestamp="20240118 22:53:10.425" level="INFO">${str} = test23_50
0</msg>
<status status="PASS" starttime="20240118 22:53:10.421" endtime="20240118 22:53:10.425"/>
</kw>
<kw name="Split String" library="String">
<var>${Id}</var>
<arg>${str}</arg>
<arg>\n</arg>
<doc>Splits the ``string`` using ``separator`` as a delimiter string.</doc>
<msg timestamp="20240118 22:53:10.425" level="INFO">${Id} = ['test23_50', '0']</msg>
<status status="PASS" starttime="20240118 22:53:10.425" endtime="20240118 22:53:10.425"/>
</kw>
<kw name="Log To Console" library="BuiltIn">
<arg>${Id}[0]</arg>
<doc>Logs the given message to the console.</doc>
<status status="PASS" starttime="20240118 22:53:10.429" endtime="20240118 22:53:10.429"/>
</kw>
<if>
<branch type="IF" condition="&quot;${Id}[0]&quot; == &quot;${WorkspaceName}&quot;">
<kw name="Click For Element" library="common">
<arg>//*[text()='${Id}[0]']</arg>
<status status="NOT RUN" starttime="20240118 22:53:10.429" endtime="20240118 22:53:10.429"/>
</kw>
<kw name="Log To Console" library="BuiltIn">
<arg>"Workspace Selected"</arg>
<doc>Logs the given message to the console.</doc>
<status status="NOT RUN" starttime="20240118 22:53:10.429" endtime="20240118 22:53:10.429"/>
</kw>
<kw name="Wait Until Page Contains Element" library="SeleniumLibrary">
<arg>${RATING}</arg>
<doc>Waits until the element ``locator`` appears on the current page.</doc>
<status status="NOT RUN" starttime="20240118 22:53:10.429" endtime="20240118 22:53:10.429"/>
</kw>
<kw name="Click For Element" library="common">
<arg>${RATING}</arg>
<status status="NOT RUN" starttime="20240118 22:53:10.429" endtime="20240118 22:53:10.429"/>
</kw>
<kw name="Sleep" library="BuiltIn">
<arg>2s</arg>
<doc>Pauses the test executed for the given time.</doc>
<status status="NOT RUN" starttime="20240118 22:53:10.433" endtime="20240118 22:53:10.433"/>
</kw>
<kw name="Click For Element" library="common">
<arg>${WORKSPACE_EDIT_BUTTON}</arg>
<status status="NOT RUN" starttime="20240118 22:53:10.433" endtime="20240118 22:53:10.433"/>
</kw>
<kw name="Click For Element" library="common">
<arg>${DELETE_WORKSPACE_BUTTON}</arg>
<status status="NOT RUN" starttime="20240118 22:53:10.433" endtime="20240118 22:53:10.433"/>
</kw>
<kw name="Get Element Attribute" library="SeleniumLibrary">
<var>${text}</var>
<arg>${DELETE_WORKSPACE_FIELD}</arg>
<arg>placeholder</arg>
<doc>Returns the value of ``attribute`` from the element ``locator``.</doc>
<status status="NOT RUN" starttime="20240118 22:53:10.433" endtime="20240118 22:53:10.433"/>
</kw>
<kw name="Log To Console" library="BuiltIn">
<arg>${text}</arg>
<doc>Logs the given message to the console.</doc>
<status status="NOT RUN" starttime="20240118 22:53:10.433" endtime="20240118 22:53:10.433"/>
</kw>
<kw name="Input For Text" library="common">
<arg>${DELETE_WORKSPACE_FIELD}</arg>
<arg>${text}</arg>
<status status="NOT RUN" starttime="20240118 22:53:10.433" endtime="20240118 22:53:10.433"/>
</kw>
<kw name="Click For Element" library="common">
<arg>${CONFIRMATION_BUTTON}</arg>
<status status="NOT RUN" starttime="20240118 22:53:10.437" endtime="20240118 22:53:10.437"/>
</kw>
<kw name="Exit For Loop" library="BuiltIn">
<doc>Stops executing the enclosing FOR loop.</doc>
<status status="NOT RUN" starttime="20240118 22:53:10.437" endtime="20240118 22:53:10.437"/>
</kw>
<status status="NOT RUN" starttime="20240118 22:53:10.429" endtime="20240118 22:53:10.437"/>
</branch>
<status status="PASS" starttime="20240118 22:53:10.429" endtime="20240118 22:53:10.437"/>
</if>
<status status="PASS" starttime="20240118 22:53:10.413" endtime="20240118 22:53:10.437"/>
</iter>
<iter>
<var name="${element}">&lt;selenium.webdriver.remote.webelement.WebElement (session="83b8e098-e46d-4b64-9138-9823199f73eb", element="69afff0f-a78d-4c69-943c-3f87b161cea9")&gt;</var>
<kw name="Get Text" library="SeleniumLibrary">
<var>${text}</var>
<arg>${element}</arg>
<doc>Returns the text value of the element identified by ``locator``.</doc>
<msg timestamp="20240118 22:53:10.449" level="INFO">${text} = workspace
1</msg>
<status status="PASS" starttime="20240118 22:53:10.441" endtime="20240118 22:53:10.449"/>
</kw>
<kw name="Set Variable" library="BuiltIn">
<var>${str}</var>
<arg>${text}</arg>
<doc>Returns the given values which can then be assigned to a variables.</doc>
<msg timestamp="20240118 22:53:10.449" level="INFO">${str} = workspace
1</msg>
<status status="PASS" starttime="20240118 22:53:10.449" endtime="20240118 22:53:10.449"/>
</kw>
<kw name="Split String" library="String">
<var>${Id}</var>
<arg>${str}</arg>
<arg>\n</arg>
<doc>Splits the ``string`` using ``separator`` as a delimiter string.</doc>
<msg timestamp="20240118 22:53:10.453" level="INFO">${Id} = ['workspace', '1']</msg>
<status status="PASS" starttime="20240118 22:53:10.453" endtime="20240118 22:53:10.453"/>
</kw>
<kw name="Log To Console" library="BuiltIn">
<arg>${Id}[0]</arg>
<doc>Logs the given message to the console.</doc>
<status status="PASS" starttime="20240118 22:53:10.453" endtime="20240118 22:53:10.453"/>
</kw>
<if>
<branch type="IF" condition="&quot;${Id}[0]&quot; == &quot;${WorkspaceName}&quot;">
<kw name="Click For Element" library="common">
<arg>//*[text()='${Id}[0]']</arg>
<status status="NOT RUN" starttime="20240118 22:53:10.457" endtime="20240118 22:53:10.457"/>
</kw>
<kw name="Log To Console" library="BuiltIn">
<arg>"Workspace Selected"</arg>
<doc>Logs the given message to the console.</doc>
<status status="NOT RUN" starttime="20240118 22:53:10.457" endtime="20240118 22:53:10.457"/>
</kw>
<kw name="Wait Until Page Contains Element" library="SeleniumLibrary">
<arg>${RATING}</arg>
<doc>Waits until the element ``locator`` appears on the current page.</doc>
<status status="NOT RUN" starttime="20240118 22:53:10.457" endtime="20240118 22:53:10.457"/>
</kw>
<kw name="Click For Element" library="common">
<arg>${RATING}</arg>
<status status="NOT RUN" starttime="20240118 22:53:10.457" endtime="20240118 22:53:10.457"/>
</kw>
<kw name="Sleep" library="BuiltIn">
<arg>2s</arg>
<doc>Pauses the test executed for the given time.</doc>
<status status="NOT RUN" starttime="20240118 22:53:10.461" endtime="20240118 22:53:10.461"/>
</kw>
<kw name="Click For Element" library="common">
<arg>${WORKSPACE_EDIT_BUTTON}</arg>
<status status="NOT RUN" starttime="20240118 22:53:10.461" endtime="20240118 22:53:10.461"/>
</kw>
<kw name="Click For Element" library="common">
<arg>${DELETE_WORKSPACE_BUTTON}</arg>
<status status="NOT RUN" starttime="20240118 22:53:10.461" endtime="20240118 22:53:10.461"/>
</kw>
<kw name="Get Element Attribute" library="SeleniumLibrary">
<var>${text}</var>
<arg>${DELETE_WORKSPACE_FIELD}</arg>
<arg>placeholder</arg>
<doc>Returns the value of ``attribute`` from the element ``locator``.</doc>
<status status="NOT RUN" starttime="20240118 22:53:10.465" endtime="20240118 22:53:10.465"/>
</kw>
<kw name="Log To Console" library="BuiltIn">
<arg>${text}</arg>
<doc>Logs the given message to the console.</doc>
<status status="NOT RUN" starttime="20240118 22:53:10.466" endtime="20240118 22:53:10.466"/>
</kw>
<kw name="Input For Text" library="common">
<arg>${DELETE_WORKSPACE_FIELD}</arg>
<arg>${text}</arg>
<status status="NOT RUN" starttime="20240118 22:53:10.467" endtime="20240118 22:53:10.468"/>
</kw>
<kw name="Click For Element" library="common">
<arg>${CONFIRMATION_BUTTON}</arg>
<status status="NOT RUN" starttime="20240118 22:53:10.468" endtime="20240118 22:53:10.468"/>
</kw>
<kw name="Exit For Loop" library="BuiltIn">
<doc>Stops executing the enclosing FOR loop.</doc>
<status status="NOT RUN" starttime="20240118 22:53:10.468" endtime="20240118 22:53:10.468"/>
</kw>
<status status="NOT RUN" starttime="20240118 22:53:10.457" endtime="20240118 22:53:10.468"/>
</branch>
<status status="PASS" starttime="20240118 22:53:10.457" endtime="20240118 22:53:10.468"/>
</if>
<status status="PASS" starttime="20240118 22:53:10.437" endtime="20240118 22:53:10.468"/>
</iter>
<status status="PASS" starttime="20240118 22:53:07.764" endtime="20240118 22:53:10.468"/>
</for>
<status status="PASS" starttime="20240118 22:53:05.695" endtime="20240118 22:53:10.468"/>
</kw>
<kw name="Close My Browser" library="common" type="TEARDOWN">
<kw name="Sleep" library="BuiltIn">
<arg>2s</arg>
<doc>Pauses the test executed for the given time.</doc>
<msg timestamp="20240118 22:53:12.479" level="INFO">Slept 2 seconds</msg>
<status status="PASS" starttime="20240118 22:53:10.468" endtime="20240118 22:53:12.479"/>
</kw>
<kw name="Close All Browsers" library="SeleniumLibrary">
<doc>Closes all open browsers and resets the browser cache.</doc>
<status status="PASS" starttime="20240118 22:53:12.483" endtime="20240118 22:53:15.620"/>
</kw>
<status status="PASS" starttime="20240118 22:53:10.468" endtime="20240118 22:53:15.620"/>
</kw>
<tag>Delete</tag>
<status status="PASS" starttime="20240118 22:52:55.056" endtime="20240118 22:53:15.620"/>
</test>
<doc>Workspace</doc>
<status status="PASS" starttime="20240118 22:52:54.431" endtime="20240118 22:53:15.667"/>
</suite>
<statistics>
<total>
<stat pass="1" fail="0" skip="0">All Tests</stat>
</total>
<tag>
<stat pass="1" fail="0" skip="0">Delete</stat>
</tag>
<suite>
<stat pass="1" fail="0" skip="0" id="s1" name="WorkspaceTC">WorkspaceTC</stat>
</suite>
</statistics>
<errors>
</errors>
</robot>
