<?xml version="1.0" encoding="UTF-8"?>
<robot generator="Robot 6.0.2 (Python 3.8.5 on win32)" generated="20230601 23:16:51.342" rpa="false" schemaversion="3">
<suite id="s1" name="WorkspaceTC" source="C:\Users\User\PycharmProjects\InvolvemeRobotFramework\TestCases\Workspaces\WorkspaceTC.robot">
<test id="s1-t1" name="01 Create workspace" line="13">
<kw name="Start" library="common" type="SETUP">
<if>
<branch type="IF" condition="&quot;${browser}&quot; == &quot;chrome&quot;">
<kw name="Evaluate" library="BuiltIn">
<var>${options}</var>
<arg>sys.modules['selenium.webdriver'].ChromeOptions()</arg>
<arg>sys, selenium.webdriver</arg>
<doc>Evaluates the given expression in Python and returns the result.</doc>
<status status="NOT RUN" starttime="20230601 23:16:52.031" endtime="20230601 23:16:52.031"/>
</kw>
<kw name="Log To Console" library="BuiltIn">
<arg>${options}</arg>
<doc>Logs the given message to the console.</doc>
<status status="NOT RUN" starttime="20230601 23:16:52.031" endtime="20230601 23:16:52.031"/>
</kw>
<kw name="Create Webdriver" library="SeleniumLibrary">
<arg>Chrome</arg>
<arg>chrome_options=${options}</arg>
<doc>Creates an instance of Selenium WebDriver.</doc>
<status status="NOT RUN" starttime="20230601 23:16:52.031" endtime="20230601 23:16:52.031"/>
</kw>
<kw name="Go To" library="SeleniumLibrary">
<arg>${URL}</arg>
<doc>Navigates the current browser window to the provided ``url``.</doc>
<status status="NOT RUN" starttime="20230601 23:16:52.031" endtime="20230601 23:16:52.031"/>
</kw>
<status status="NOT RUN" starttime="20230601 23:16:52.031" endtime="20230601 23:16:52.031"/>
</branch>
<branch type="ELSE">
<kw name="Disable Download Dialog" library="browser">
<var>${driver_path}</var>
<msg timestamp="20230601 23:16:52.031" level="INFO">
</msg>
<msg timestamp="20230601 23:16:52.031" level="INFO">====== WebDriver manager ======</msg>
<msg timestamp="20230601 23:16:52.679" level="INFO">Driver [C:\WINDOWS\system32\config\systemprofile\.wdm\drivers\geckodriver\win64\v0.33.0\geckodriver.exe] found in cache</msg>
<msg timestamp="20230601 23:16:52.679" level="INFO">C:\WINDOWS\system32\config\systemprofile\.wdm\drivers\geckodriver\win64\v0.33.0\geckodriver.exe</msg>
<msg timestamp="20230601 23:16:52.680" level="INFO">====== WebDriver manager ======
Driver [C:\WINDOWS\system32\config\systemprofile\.wdm\drivers\geckodriver\win64\v0.33.0\geckodriver.exe] found in cache</msg>
<msg timestamp="20230601 23:16:52.680" level="INFO">${driver_path} = C:\WINDOWS\system32\config\systemprofile\.wdm\drivers\geckodriver\win64\v0.33.0\geckodriver.exe</msg>
<status status="PASS" starttime="20230601 23:16:52.031" endtime="20230601 23:16:52.680"/>
</kw>
<kw name="Open Browser" library="SeleniumLibrary">
<arg>${URL}</arg>
<arg>firefox</arg>
<arg>executable_path=${driver_path}</arg>
<doc>Opens a new browser instance to the optional ``url``.</doc>
<msg timestamp="20230601 23:16:52.684" level="INFO">Opening browser 'firefox' to base url 'https://www.involve.me/'.</msg>
<msg timestamp="20230601 23:16:52.691" level="INFO">Firefox driver log is always forced to to: C:\Users\User\PycharmProjects\InvolvemeRobotFramework\TestCases\Workspaces\geckodriver-28.log</msg>
<status status="PASS" starttime="20230601 23:16:52.682" endtime="20230601 23:17:03.487"/>
</kw>
<status status="PASS" starttime="20230601 23:16:52.031" endtime="20230601 23:17:03.489"/>
</branch>
<status status="PASS" starttime="20230601 23:16:52.031" endtime="20230601 23:17:03.489"/>
</if>
<kw name="Get Window Handles" library="SeleniumLibrary">
<var>${handles}</var>
<doc>Returns all child window handles of the selected browser as a list.</doc>
<msg timestamp="20230601 23:17:03.495" level="INFO">${handles} = ['7af346bd-5bda-4002-bd3d-290b86498f19']</msg>
<status status="PASS" starttime="20230601 23:17:03.489" endtime="20230601 23:17:03.495"/>
</kw>
<kw name="Maximize Browser Window" library="SeleniumLibrary">
<doc>Maximizes current browser window.</doc>
<status status="PASS" starttime="20230601 23:17:03.498" endtime="20230601 23:17:03.511"/>
</kw>
<kw name="Verify Current URL" library="common">
<kw name="Get Location" library="SeleniumLibrary">
<var>${curURL}</var>
<doc>Returns the current browser window URL.</doc>
<msg timestamp="20230601 23:17:03.515" level="INFO">${curURL} = https://www.involve.me/</msg>
<status status="PASS" starttime="20230601 23:17:03.512" endtime="20230601 23:17:03.516"/>
</kw>
<kw name="Log To Console" library="BuiltIn">
<arg>${curURL}</arg>
<doc>Logs the given message to the console.</doc>
<status status="PASS" starttime="20230601 23:17:03.518" endtime="20230601 23:17:03.518"/>
</kw>
<status status="PASS" starttime="20230601 23:17:03.512" endtime="20230601 23:17:03.519"/>
</kw>
<kw name="Read Json" library="common">
<var>${SCREEN_TEXTS}</var>
<arg>../../TestData/Involve_Test.json</arg>
<doc>The function, with its' own keyword reads the json files.</doc>
<kw name="Get File" library="OperatingSystem">
<var>${JSONContent}</var>
<arg>${file_path}</arg>
<doc>Returns the contents of a specified file.</doc>
<msg timestamp="20230601 23:17:03.521" level="INFO" html="true">Getting file '&lt;a href="file://C:\Users\User\PycharmProjects\InvolvemeRobotFramework\TestData\Involve_Test.json"&gt;C:\Users\User\PycharmProjects\InvolvemeRobotFramework\TestData\Involve_Test.json&lt;/a&gt;'.</msg>
<msg timestamp="20230601 23:17:03.523" level="INFO">${JSONContent} = {
    "name": "test",
    "new_name": "another test",
    "project_type": "score-based outcomes",
    "template_type": "Start from scratch",
    "project_name": "test project",
    "final_slide": "Tha...</msg>
<status status="PASS" starttime="20230601 23:17:03.520" endtime="20230601 23:17:03.523"/>
</kw>
<kw name="Evaluate" library="BuiltIn">
<var>${page}</var>
<arg>json.loads("""${JSONContent}""")</arg>
<arg>json</arg>
<doc>Evaluates the given expression in Python and returns the result.</doc>
<msg timestamp="20230601 23:17:03.526" level="INFO">${page} = {'name': 'test', 'new_name': 'another test', 'project_type': 'score-based outcomes', 'template_type': 'Start from scratch', 'project_name': 'test project', 'final_slide': 'Thank You page', 'no_project...</msg>
<status status="PASS" starttime="20230601 23:17:03.525" endtime="20230601 23:17:03.526"/>
</kw>
<msg timestamp="20230601 23:17:03.529" level="INFO">${SCREEN_TEXTS} = {'name': 'test', 'new_name': 'another test', 'project_type': 'score-based outcomes', 'template_type': 'Start from scratch', 'project_name': 'test project', 'final_slide': 'Thank You page', 'no_project...</msg>
<status status="PASS" starttime="20230601 23:17:03.519" endtime="20230601 23:17:03.529"/>
</kw>
<kw name="Set Global Variable" library="BuiltIn">
<arg>${SCREEN_TEXTS}</arg>
<doc>Makes a variable available globally in all tests and suites.</doc>
<msg timestamp="20230601 23:17:03.532" level="INFO">${SCREEN_TEXTS} = {'name': 'test', 'new_name': 'another test', 'project_type': 'score-based outcomes', 'template_type': 'Start from scratch', 'project_name': 'test project', 'final_slide': 'Thank You page', 'no_project...</msg>
<status status="PASS" starttime="20230601 23:17:03.531" endtime="20230601 23:17:03.532"/>
</kw>
<status status="PASS" starttime="20230601 23:16:52.031" endtime="20230601 23:17:03.535"/>
</kw>
<kw name="Login to the Application" library="common">
<kw name="Wait Until Page Contains Element" library="SeleniumLibrary">
<arg>${CLICK_COOKIE}</arg>
<doc>Waits until the element ``locator`` appears on the current page.</doc>
<status status="PASS" starttime="20230601 23:17:03.536" endtime="20230601 23:17:03.619"/>
</kw>
<kw name="Click Cookie" library="LoginKW">
<kw name="Click For Element" library="common">
<arg>${CLICK_COOKIE}</arg>
<kw name="Get WebElement" library="SeleniumLibrary">
<var>${element1}</var>
<arg>${element}</arg>
<doc>Returns the first WebElement matching the given ``locator``.</doc>
<msg timestamp="20230601 23:17:03.628" level="INFO">${element1} = &lt;selenium.webdriver.remote.webelement.WebElement (session="e2b34df0-d871-4483-abd9-38c244600170", element="668962c7-5e66-499e-9463-0fb4589afdc0")&gt;</msg>
<status status="PASS" starttime="20230601 23:17:03.622" endtime="20230601 23:17:03.629"/>
</kw>
<kw name="Highlight" library="highlight">
<arg>${element1}</arg>
<doc>Highlights (blinks) a Selenium Webdriver element</doc>
<msg timestamp="20230601 23:17:03.977" level="INFO">Value:::    &lt;selenium.webdriver.remote.webelement.WebElement (session="e2b34df0-d871-4483-abd9-38c244600170", element="668962c7-5e66-499e-9463-0fb4589afdc0")&gt;</msg>
<status status="PASS" starttime="20230601 23:17:03.631" endtime="20230601 23:17:03.978"/>
</kw>
<kw name="Wait Until Element Is Visible" library="SeleniumLibrary">
<arg>${element1}</arg>
<doc>Waits until the element ``locator`` is visible.</doc>
<status status="PASS" starttime="20230601 23:17:03.980" endtime="20230601 23:17:04.019"/>
</kw>
<kw name="Click Element" library="SeleniumLibrary">
<arg>${element1}</arg>
<doc>Click the element identified by ``locator``.</doc>
<msg timestamp="20230601 23:17:04.022" level="INFO">Clicking element '&lt;selenium.webdriver.remote.webelement.WebElement (session="e2b34df0-d871-4483-abd9-38c244600170", element="668962c7-5e66-499e-9463-0fb4589afdc0")&gt;'.</msg>
<status status="PASS" starttime="20230601 23:17:04.020" endtime="20230601 23:17:04.348"/>
</kw>
<status status="PASS" starttime="20230601 23:17:03.621" endtime="20230601 23:17:04.350"/>
</kw>
<status status="PASS" starttime="20230601 23:17:03.620" endtime="20230601 23:17:04.351"/>
</kw>
<kw name="Click On Link Login" library="LoginKW">
<kw name="Click For Element" library="common">
<arg>${LOGIN_LINK}</arg>
<kw name="Get WebElement" library="SeleniumLibrary">
<var>${element1}</var>
<arg>${element}</arg>
<doc>Returns the first WebElement matching the given ``locator``.</doc>
<msg timestamp="20230601 23:17:04.375" level="INFO">${element1} = &lt;selenium.webdriver.remote.webelement.WebElement (session="e2b34df0-d871-4483-abd9-38c244600170", element="3cbcfaec-a534-45ab-87bd-fbbadefe5cbe")&gt;</msg>
<status status="PASS" starttime="20230601 23:17:04.354" endtime="20230601 23:17:04.376"/>
</kw>
<kw name="Highlight" library="highlight">
<arg>${element1}</arg>
<doc>Highlights (blinks) a Selenium Webdriver element</doc>
<msg timestamp="20230601 23:17:04.797" level="INFO">Value:::    &lt;selenium.webdriver.remote.webelement.WebElement (session="e2b34df0-d871-4483-abd9-38c244600170", element="3cbcfaec-a534-45ab-87bd-fbbadefe5cbe")&gt;</msg>
<status status="PASS" starttime="20230601 23:17:04.378" endtime="20230601 23:17:04.797"/>
</kw>
<kw name="Wait Until Element Is Visible" library="SeleniumLibrary">
<arg>${element1}</arg>
<doc>Waits until the element ``locator`` is visible.</doc>
<status status="PASS" starttime="20230601 23:17:04.799" endtime="20230601 23:17:04.844"/>
</kw>
<kw name="Click Element" library="SeleniumLibrary">
<arg>${element1}</arg>
<doc>Click the element identified by ``locator``.</doc>
<msg timestamp="20230601 23:17:04.846" level="INFO">Clicking element '&lt;selenium.webdriver.remote.webelement.WebElement (session="e2b34df0-d871-4483-abd9-38c244600170", element="3cbcfaec-a534-45ab-87bd-fbbadefe5cbe")&gt;'.</msg>
<status status="PASS" starttime="20230601 23:17:04.845" endtime="20230601 23:17:06.300"/>
</kw>
<status status="PASS" starttime="20230601 23:17:04.353" endtime="20230601 23:17:06.303"/>
</kw>
<status status="PASS" starttime="20230601 23:17:04.352" endtime="20230601 23:17:06.305"/>
</kw>
<kw name="Enter Email" library="LoginKW">
<arg>sabree4u2@gmail.com</arg>
<kw name="Input For Text" library="common">
<arg>${USERNAME_FIELD}</arg>
<arg>${nameInput}</arg>
<kw name="Get WebElement" library="SeleniumLibrary">
<var>${element1}</var>
<arg>${element}</arg>
<doc>Returns the first WebElement matching the given ``locator``.</doc>
<msg timestamp="20230601 23:17:06.354" level="INFO">${element1} = &lt;selenium.webdriver.remote.webelement.WebElement (session="e2b34df0-d871-4483-abd9-38c244600170", element="40555fd7-9b81-4faf-859f-a4726672c28f")&gt;</msg>
<status status="PASS" starttime="20230601 23:17:06.308" endtime="20230601 23:17:06.354"/>
</kw>
<kw name="Highlight" library="highlight">
<arg>${element1}</arg>
<doc>Highlights (blinks) a Selenium Webdriver element</doc>
<msg timestamp="20230601 23:17:06.873" level="INFO">Value:::    &lt;selenium.webdriver.remote.webelement.WebElement (session="e2b34df0-d871-4483-abd9-38c244600170", element="40555fd7-9b81-4faf-859f-a4726672c28f")&gt;</msg>
<status status="PASS" starttime="20230601 23:17:06.357" endtime="20230601 23:17:06.873"/>
</kw>
<kw name="Wait Until Element Is Visible" library="SeleniumLibrary">
<arg>${element1}</arg>
<doc>Waits until the element ``locator`` is visible.</doc>
<status status="PASS" starttime="20230601 23:17:06.880" endtime="20230601 23:17:06.902"/>
</kw>
<kw name="Input Text" library="SeleniumLibrary">
<arg>${element1}</arg>
<arg>${input}</arg>
<doc>Types the given ``text`` into the text field identified by ``locator``.</doc>
<msg timestamp="20230601 23:17:06.903" level="INFO">Typing text 'sabree4u2@gmail.com' into text field '&lt;selenium.webdriver.remote.webelement.WebElement (session="e2b34df0-d871-4483-abd9-38c244600170", element="40555fd7-9b81-4faf-859f-a4726672c28f")&gt;'.</msg>
<status status="PASS" starttime="20230601 23:17:06.903" endtime="20230601 23:17:06.956"/>
</kw>
<status status="PASS" starttime="20230601 23:17:06.307" endtime="20230601 23:17:06.958"/>
</kw>
<status status="PASS" starttime="20230601 23:17:06.306" endtime="20230601 23:17:06.959"/>
</kw>
<kw name="Enter Password" library="LoginKW">
<arg>Nausheen4Only</arg>
<kw name="Input For Text" library="common">
<arg>${PASSWORD_FIELD}</arg>
<arg>${passwordInput}</arg>
<kw name="Get WebElement" library="SeleniumLibrary">
<var>${element1}</var>
<arg>${element}</arg>
<doc>Returns the first WebElement matching the given ``locator``.</doc>
<msg timestamp="20230601 23:17:06.971" level="INFO">${element1} = &lt;selenium.webdriver.remote.webelement.WebElement (session="e2b34df0-d871-4483-abd9-38c244600170", element="77c21b7d-c74d-45ac-ae28-b61ccaf7a9e3")&gt;</msg>
<status status="PASS" starttime="20230601 23:17:06.962" endtime="20230601 23:17:06.971"/>
</kw>
<kw name="Highlight" library="highlight">
<arg>${element1}</arg>
<doc>Highlights (blinks) a Selenium Webdriver element</doc>
<msg timestamp="20230601 23:17:07.324" level="INFO">Value:::    &lt;selenium.webdriver.remote.webelement.WebElement (session="e2b34df0-d871-4483-abd9-38c244600170", element="77c21b7d-c74d-45ac-ae28-b61ccaf7a9e3")&gt;</msg>
<status status="PASS" starttime="20230601 23:17:06.974" endtime="20230601 23:17:07.324"/>
</kw>
<kw name="Wait Until Element Is Visible" library="SeleniumLibrary">
<arg>${element1}</arg>
<doc>Waits until the element ``locator`` is visible.</doc>
<status status="PASS" starttime="20230601 23:17:07.326" endtime="20230601 23:17:07.349"/>
</kw>
<kw name="Input Text" library="SeleniumLibrary">
<arg>${element1}</arg>
<arg>${input}</arg>
<doc>Types the given ``text`` into the text field identified by ``locator``.</doc>
<msg timestamp="20230601 23:17:07.353" level="INFO">Typing text 'Nausheen4Only' into text field '&lt;selenium.webdriver.remote.webelement.WebElement (session="e2b34df0-d871-4483-abd9-38c244600170", element="77c21b7d-c74d-45ac-ae28-b61ccaf7a9e3")&gt;'.</msg>
<status status="PASS" starttime="20230601 23:17:07.350" endtime="20230601 23:17:07.385"/>
</kw>
<status status="PASS" starttime="20230601 23:17:06.961" endtime="20230601 23:17:07.388"/>
</kw>
<status status="PASS" starttime="20230601 23:17:06.960" endtime="20230601 23:17:07.389"/>
</kw>
<kw name="Click On Sign in button" library="LoginKW">
<kw name="Click For Element" library="common">
<arg>${LOGIN_BUTTON}</arg>
<kw name="Get WebElement" library="SeleniumLibrary">
<var>${element1}</var>
<arg>${element}</arg>
<doc>Returns the first WebElement matching the given ``locator``.</doc>
<msg timestamp="20230601 23:17:07.397" level="INFO">${element1} = &lt;selenium.webdriver.remote.webelement.WebElement (session="e2b34df0-d871-4483-abd9-38c244600170", element="4e2d23a7-d856-4bd8-9df9-6e0a3fe1cac0")&gt;</msg>
<status status="PASS" starttime="20230601 23:17:07.392" endtime="20230601 23:17:07.398"/>
</kw>
<kw name="Highlight" library="highlight">
<arg>${element1}</arg>
<doc>Highlights (blinks) a Selenium Webdriver element</doc>
<msg timestamp="20230601 23:17:07.738" level="INFO">Value:::    &lt;selenium.webdriver.remote.webelement.WebElement (session="e2b34df0-d871-4483-abd9-38c244600170", element="4e2d23a7-d856-4bd8-9df9-6e0a3fe1cac0")&gt;</msg>
<status status="PASS" starttime="20230601 23:17:07.400" endtime="20230601 23:17:07.738"/>
</kw>
<kw name="Wait Until Element Is Visible" library="SeleniumLibrary">
<arg>${element1}</arg>
<doc>Waits until the element ``locator`` is visible.</doc>
<status status="PASS" starttime="20230601 23:17:07.741" endtime="20230601 23:17:07.760"/>
</kw>
<kw name="Click Element" library="SeleniumLibrary">
<arg>${element1}</arg>
<doc>Click the element identified by ``locator``.</doc>
<msg timestamp="20230601 23:17:07.762" level="INFO">Clicking element '&lt;selenium.webdriver.remote.webelement.WebElement (session="e2b34df0-d871-4483-abd9-38c244600170", element="4e2d23a7-d856-4bd8-9df9-6e0a3fe1cac0")&gt;'.</msg>
<status status="PASS" starttime="20230601 23:17:07.761" endtime="20230601 23:17:08.015"/>
</kw>
<status status="PASS" starttime="20230601 23:17:07.391" endtime="20230601 23:17:08.018"/>
</kw>
<status status="PASS" starttime="20230601 23:17:07.390" endtime="20230601 23:17:08.018"/>
</kw>
<status status="PASS" starttime="20230601 23:17:03.535" endtime="20230601 23:17:08.019"/>
</kw>
<kw name="create_workspace" library="WorkspaceKW">
<arg>test</arg>
<kw name="Sleep" library="BuiltIn">
<arg>2s</arg>
<doc>Pauses the test executed for the given time.</doc>
<msg timestamp="20230601 23:17:10.030" level="INFO">Slept 2 seconds</msg>
<status status="PASS" starttime="20230601 23:17:08.021" endtime="20230601 23:17:10.030"/>
</kw>
<kw name="Wait Until Page Contains Element" library="SeleniumLibrary">
<arg>${RATING}</arg>
<doc>Waits until the element ``locator`` appears on the current page.</doc>
<status status="PASS" starttime="20230601 23:17:10.033" endtime="20230601 23:17:13.698"/>
</kw>
<kw name="Click For Element" library="common">
<arg>${RATING}</arg>
<kw name="Get WebElement" library="SeleniumLibrary">
<var>${element1}</var>
<arg>${element}</arg>
<doc>Returns the first WebElement matching the given ``locator``.</doc>
<msg timestamp="20230601 23:17:13.713" level="INFO">${element1} = &lt;selenium.webdriver.remote.webelement.WebElement (session="e2b34df0-d871-4483-abd9-38c244600170", element="8530cff5-fdfe-46c6-b09c-b47cdbfabc59")&gt;</msg>
<status status="PASS" starttime="20230601 23:17:13.701" endtime="20230601 23:17:13.713"/>
</kw>
<kw name="Highlight" library="highlight">
<arg>${element1}</arg>
<doc>Highlights (blinks) a Selenium Webdriver element</doc>
<msg timestamp="20230601 23:17:14.050" level="INFO">Value:::    &lt;selenium.webdriver.remote.webelement.WebElement (session="e2b34df0-d871-4483-abd9-38c244600170", element="8530cff5-fdfe-46c6-b09c-b47cdbfabc59")&gt;</msg>
<status status="PASS" starttime="20230601 23:17:13.715" endtime="20230601 23:17:14.051"/>
</kw>
<kw name="Wait Until Element Is Visible" library="SeleniumLibrary">
<arg>${element1}</arg>
<doc>Waits until the element ``locator`` is visible.</doc>
<status status="PASS" starttime="20230601 23:17:14.054" endtime="20230601 23:17:14.083"/>
</kw>
<kw name="Click Element" library="SeleniumLibrary">
<arg>${element1}</arg>
<doc>Click the element identified by ``locator``.</doc>
<msg timestamp="20230601 23:17:14.085" level="INFO">Clicking element '&lt;selenium.webdriver.remote.webelement.WebElement (session="e2b34df0-d871-4483-abd9-38c244600170", element="8530cff5-fdfe-46c6-b09c-b47cdbfabc59")&gt;'.</msg>
<status status="PASS" starttime="20230601 23:17:14.084" endtime="20230601 23:17:14.321"/>
</kw>
<status status="PASS" starttime="20230601 23:17:13.699" endtime="20230601 23:17:14.326"/>
</kw>
<kw name="Sleep" library="BuiltIn">
<arg>2s</arg>
<doc>Pauses the test executed for the given time.</doc>
<msg timestamp="20230601 23:17:16.340" level="INFO">Slept 2 seconds</msg>
<status status="PASS" starttime="20230601 23:17:14.328" endtime="20230601 23:17:16.341"/>
</kw>
<kw name="Click For Element" library="common">
<arg>${CREATE_NEW_WORKSPACE_BUTTON}</arg>
<kw name="Get WebElement" library="SeleniumLibrary">
<var>${element1}</var>
<arg>${element}</arg>
<doc>Returns the first WebElement matching the given ``locator``.</doc>
<msg timestamp="20230601 23:17:16.358" level="INFO">${element1} = &lt;selenium.webdriver.remote.webelement.WebElement (session="e2b34df0-d871-4483-abd9-38c244600170", element="72bbabd9-46eb-48f0-b532-6f9dca499362")&gt;</msg>
<status status="PASS" starttime="20230601 23:17:16.347" endtime="20230601 23:17:16.358"/>
</kw>
<kw name="Highlight" library="highlight">
<arg>${element1}</arg>
<doc>Highlights (blinks) a Selenium Webdriver element</doc>
<msg timestamp="20230601 23:17:16.744" level="INFO">Value:::    &lt;selenium.webdriver.remote.webelement.WebElement (session="e2b34df0-d871-4483-abd9-38c244600170", element="72bbabd9-46eb-48f0-b532-6f9dca499362")&gt;</msg>
<status status="PASS" starttime="20230601 23:17:16.361" endtime="20230601 23:17:16.744"/>
</kw>
<kw name="Wait Until Element Is Visible" library="SeleniumLibrary">
<arg>${element1}</arg>
<doc>Waits until the element ``locator`` is visible.</doc>
<status status="PASS" starttime="20230601 23:17:16.754" endtime="20230601 23:17:16.829"/>
</kw>
<kw name="Click Element" library="SeleniumLibrary">
<arg>${element1}</arg>
<doc>Click the element identified by ``locator``.</doc>
<msg timestamp="20230601 23:17:16.832" level="INFO">Clicking element '&lt;selenium.webdriver.remote.webelement.WebElement (session="e2b34df0-d871-4483-abd9-38c244600170", element="72bbabd9-46eb-48f0-b532-6f9dca499362")&gt;'.</msg>
<status status="PASS" starttime="20230601 23:17:16.830" endtime="20230601 23:17:17.208"/>
</kw>
<status status="PASS" starttime="20230601 23:17:16.346" endtime="20230601 23:17:17.214"/>
</kw>
<kw name="Get Count of Elements" library="common">
<var>${before}</var>
<arg>${WORKSPACE_LIST}</arg>
<kw name="Get WebElement" library="SeleniumLibrary">
<var>${element1}</var>
<arg>${element}</arg>
<doc>Returns the first WebElement matching the given ``locator``.</doc>
<msg timestamp="20230601 23:17:17.250" level="INFO">${element1} = &lt;selenium.webdriver.remote.webelement.WebElement (session="e2b34df0-d871-4483-abd9-38c244600170", element="4925416c-b117-42ff-a436-01c63489c2d4")&gt;</msg>
<status status="PASS" starttime="20230601 23:17:17.222" endtime="20230601 23:17:17.250"/>
</kw>
<kw name="Highlight" library="highlight">
<arg>${element1}</arg>
<doc>Highlights (blinks) a Selenium Webdriver element</doc>
<msg timestamp="20230601 23:17:17.611" level="INFO">Value:::    &lt;selenium.webdriver.remote.webelement.WebElement (session="e2b34df0-d871-4483-abd9-38c244600170", element="4925416c-b117-42ff-a436-01c63489c2d4")&gt;</msg>
<status status="PASS" starttime="20230601 23:17:17.256" endtime="20230601 23:17:17.612"/>
</kw>
<kw name="Get Element Count" library="SeleniumLibrary">
<var>${my_list}</var>
<arg>${element}</arg>
<doc>Returns the number of elements matching ``locator``.</doc>
<msg timestamp="20230601 23:17:17.656" level="INFO">${my_list} = 7</msg>
<status status="PASS" starttime="20230601 23:17:17.622" endtime="20230601 23:17:17.657"/>
</kw>
<kw name="Log To Console" library="BuiltIn">
<arg>${my_list}</arg>
<doc>Logs the given message to the console.</doc>
<status status="PASS" starttime="20230601 23:17:17.663" endtime="20230601 23:17:17.665"/>
</kw>
<msg timestamp="20230601 23:17:17.671" level="INFO">${before} = 7</msg>
<status status="PASS" starttime="20230601 23:17:17.216" endtime="20230601 23:17:17.671"/>
</kw>
<kw name="Sleep" library="BuiltIn">
<arg>1s</arg>
<doc>Pauses the test executed for the given time.</doc>
<msg timestamp="20230601 23:17:18.682" level="INFO">Slept 1 second</msg>
<status status="PASS" starttime="20230601 23:17:17.678" endtime="20230601 23:17:18.683"/>
</kw>
<kw name="Log To Console" library="BuiltIn">
<arg>${before}</arg>
<doc>Logs the given message to the console.</doc>
<status status="PASS" starttime="20230601 23:17:18.685" endtime="20230601 23:17:18.686"/>
</kw>
<kw name="Sleep" library="BuiltIn">
<arg>1s</arg>
<doc>Pauses the test executed for the given time.</doc>
<msg timestamp="20230601 23:17:19.697" level="INFO">Slept 1 second</msg>
<status status="PASS" starttime="20230601 23:17:18.687" endtime="20230601 23:17:19.700"/>
</kw>
<kw name="Input For Text" library="common">
<arg>${NEW_WORKSPACE_NAME_FIELD}</arg>
<arg>${nameC}</arg>
<kw name="Get WebElement" library="SeleniumLibrary">
<var>${element1}</var>
<arg>${element}</arg>
<doc>Returns the first WebElement matching the given ``locator``.</doc>
<msg timestamp="20230601 23:17:19.723" level="INFO">${element1} = &lt;selenium.webdriver.remote.webelement.WebElement (session="e2b34df0-d871-4483-abd9-38c244600170", element="dcd905d4-d0d8-4189-b77e-8f28a6e1c642")&gt;</msg>
<status status="PASS" starttime="20230601 23:17:19.706" endtime="20230601 23:17:19.723"/>
</kw>
<kw name="Highlight" library="highlight">
<arg>${element1}</arg>
<doc>Highlights (blinks) a Selenium Webdriver element</doc>
<msg timestamp="20230601 23:17:20.096" level="INFO">Value:::    &lt;selenium.webdriver.remote.webelement.WebElement (session="e2b34df0-d871-4483-abd9-38c244600170", element="dcd905d4-d0d8-4189-b77e-8f28a6e1c642")&gt;</msg>
<status status="PASS" starttime="20230601 23:17:19.731" endtime="20230601 23:17:20.097"/>
</kw>
<kw name="Wait Until Element Is Visible" library="SeleniumLibrary">
<arg>${element1}</arg>
<doc>Waits until the element ``locator`` is visible.</doc>
<status status="PASS" starttime="20230601 23:17:20.104" endtime="20230601 23:17:20.146"/>
</kw>
<kw name="Input Text" library="SeleniumLibrary">
<arg>${element1}</arg>
<arg>${input}</arg>
<doc>Types the given ``text`` into the text field identified by ``locator``.</doc>
<msg timestamp="20230601 23:17:20.151" level="INFO">Typing text 'test' into text field '&lt;selenium.webdriver.remote.webelement.WebElement (session="e2b34df0-d871-4483-abd9-38c244600170", element="dcd905d4-d0d8-4189-b77e-8f28a6e1c642")&gt;'.</msg>
<status status="PASS" starttime="20230601 23:17:20.148" endtime="20230601 23:17:20.194"/>
</kw>
<status status="PASS" starttime="20230601 23:17:19.704" endtime="20230601 23:17:20.197"/>
</kw>
<kw name="Click For Element" library="common">
<arg>${CONFIRMATION_BUTTON}</arg>
<kw name="Get WebElement" library="SeleniumLibrary">
<var>${element1}</var>
<arg>${element}</arg>
<doc>Returns the first WebElement matching the given ``locator``.</doc>
<msg timestamp="20230601 23:17:20.207" level="INFO">${element1} = &lt;selenium.webdriver.remote.webelement.WebElement (session="e2b34df0-d871-4483-abd9-38c244600170", element="37536979-7929-4afd-a4eb-df12c86c1c26")&gt;</msg>
<status status="PASS" starttime="20230601 23:17:20.201" endtime="20230601 23:17:20.207"/>
</kw>
<kw name="Highlight" library="highlight">
<arg>${element1}</arg>
<doc>Highlights (blinks) a Selenium Webdriver element</doc>
<msg timestamp="20230601 23:17:20.561" level="INFO">Value:::    &lt;selenium.webdriver.remote.webelement.WebElement (session="e2b34df0-d871-4483-abd9-38c244600170", element="37536979-7929-4afd-a4eb-df12c86c1c26")&gt;</msg>
<status status="PASS" starttime="20230601 23:17:20.209" endtime="20230601 23:17:20.562"/>
</kw>
<kw name="Wait Until Element Is Visible" library="SeleniumLibrary">
<arg>${element1}</arg>
<doc>Waits until the element ``locator`` is visible.</doc>
<status status="PASS" starttime="20230601 23:17:20.570" endtime="20230601 23:17:20.621"/>
</kw>
<kw name="Click Element" library="SeleniumLibrary">
<arg>${element1}</arg>
<doc>Click the element identified by ``locator``.</doc>
<msg timestamp="20230601 23:17:20.624" level="INFO">Clicking element '&lt;selenium.webdriver.remote.webelement.WebElement (session="e2b34df0-d871-4483-abd9-38c244600170", element="37536979-7929-4afd-a4eb-df12c86c1c26")&gt;'.</msg>
<status status="PASS" starttime="20230601 23:17:20.622" endtime="20230601 23:17:21.024"/>
</kw>
<status status="PASS" starttime="20230601 23:17:20.199" endtime="20230601 23:17:21.031"/>
</kw>
<kw name="Sleep" library="BuiltIn">
<arg>2s</arg>
<doc>Pauses the test executed for the given time.</doc>
<msg timestamp="20230601 23:17:23.050" level="INFO">Slept 2 seconds</msg>
<status status="PASS" starttime="20230601 23:17:21.035" endtime="20230601 23:17:23.051"/>
</kw>
<kw name="Get Count of Elements" library="common">
<var>${after}</var>
<arg>${WORKSPACE_LIST}</arg>
<kw name="Get WebElement" library="SeleniumLibrary">
<var>${element1}</var>
<arg>${element}</arg>
<doc>Returns the first WebElement matching the given ``locator``.</doc>
<msg timestamp="20230601 23:17:23.082" level="INFO">${element1} = &lt;selenium.webdriver.remote.webelement.WebElement (session="e2b34df0-d871-4483-abd9-38c244600170", element="075d2374-1223-4ca7-8169-4930a9d7a413")&gt;</msg>
<status status="PASS" starttime="20230601 23:17:23.059" endtime="20230601 23:17:23.083"/>
</kw>
<kw name="Highlight" library="highlight">
<arg>${element1}</arg>
<doc>Highlights (blinks) a Selenium Webdriver element</doc>
<msg timestamp="20230601 23:17:23.464" level="INFO">Value:::    &lt;selenium.webdriver.remote.webelement.WebElement (session="e2b34df0-d871-4483-abd9-38c244600170", element="075d2374-1223-4ca7-8169-4930a9d7a413")&gt;</msg>
<status status="PASS" starttime="20230601 23:17:23.085" endtime="20230601 23:17:23.464"/>
</kw>
<kw name="Get Element Count" library="SeleniumLibrary">
<var>${my_list}</var>
<arg>${element}</arg>
<doc>Returns the number of elements matching ``locator``.</doc>
<msg timestamp="20230601 23:17:23.481" level="INFO">${my_list} = 8</msg>
<status status="PASS" starttime="20230601 23:17:23.467" endtime="20230601 23:17:23.481"/>
</kw>
<kw name="Log To Console" library="BuiltIn">
<arg>${my_list}</arg>
<doc>Logs the given message to the console.</doc>
<status status="PASS" starttime="20230601 23:17:23.484" endtime="20230601 23:17:23.485"/>
</kw>
<msg timestamp="20230601 23:17:23.486" level="INFO">${after} = 8</msg>
<status status="PASS" starttime="20230601 23:17:23.057" endtime="20230601 23:17:23.486"/>
</kw>
<kw name="Log To Console" library="BuiltIn">
<arg>${after}</arg>
<doc>Logs the given message to the console.</doc>
<status status="PASS" starttime="20230601 23:17:23.489" endtime="20230601 23:17:23.490"/>
</kw>
<status status="PASS" starttime="20230601 23:17:08.020" endtime="20230601 23:17:23.492"/>
</kw>
<kw name="Close My Browser" library="common" type="TEARDOWN">
<kw name="Sleep" library="BuiltIn">
<arg>2s</arg>
<doc>Pauses the test executed for the given time.</doc>
<msg timestamp="20230601 23:17:25.507" level="INFO">Slept 2 seconds</msg>
<status status="PASS" starttime="20230601 23:17:23.495" endtime="20230601 23:17:25.507"/>
</kw>
<kw name="Close All Browsers" library="SeleniumLibrary">
<doc>Closes all open browsers and resets the browser cache.</doc>
<status status="PASS" starttime="20230601 23:17:25.510" endtime="20230601 23:17:29.154"/>
</kw>
<status status="PASS" starttime="20230601 23:17:23.494" endtime="20230601 23:17:29.155"/>
</kw>
<tag>Create</tag>
<status status="PASS" starttime="20230601 23:16:52.031" endtime="20230601 23:17:29.155"/>
</test>
<doc>Workspace</doc>
<status status="PASS" starttime="20230601 23:16:51.461" endtime="20230601 23:17:29.208"/>
</suite>
<statistics>
<total>
<stat pass="1" fail="0" skip="0">All Tests</stat>
</total>
<tag>
<stat pass="1" fail="0" skip="0">Create</stat>
</tag>
<suite>
<stat pass="1" fail="0" skip="0" id="s1" name="WorkspaceTC">WorkspaceTC</stat>
</suite>
</statistics>
<errors>
</errors>
</robot>
