<?xml version="1.0" encoding="UTF-8"?>
<robot generator="Robot 6.0.2 (Python 3.8.5 on win32)" generated="20230607 18:47:36.486" rpa="false" schemaversion="3">
<suite id="s1" name="WorkspaceTC" source="C:\Users\User\PycharmProjects\InvolvemeRobotFramework\TestCases\Workspaces\WorkspaceTC.robot">
<test id="s1-t1" name="03 Delete Workspace" line="25">
<kw name="Start" library="common" type="SETUP">
<if>
<branch type="IF" condition="&quot;${browser}&quot; == &quot;chrome&quot;">
<kw name="Evaluate" library="BuiltIn">
<var>${options}</var>
<arg>sys.modules['selenium.webdriver'].ChromeOptions()</arg>
<arg>sys, selenium.webdriver</arg>
<doc>Evaluates the given expression in Python and returns the result.</doc>
<status status="NOT RUN" starttime="20230607 18:47:37.390" endtime="20230607 18:47:37.390"/>
</kw>
<kw name="Log To Console" library="BuiltIn">
<arg>${options}</arg>
<doc>Logs the given message to the console.</doc>
<status status="NOT RUN" starttime="20230607 18:47:37.390" endtime="20230607 18:47:37.390"/>
</kw>
<kw name="Create Webdriver" library="SeleniumLibrary">
<arg>Chrome</arg>
<arg>chrome_options=${options}</arg>
<doc>Creates an instance of Selenium WebDriver.</doc>
<status status="NOT RUN" starttime="20230607 18:47:37.390" endtime="20230607 18:47:37.390"/>
</kw>
<kw name="Go To" library="SeleniumLibrary">
<arg>${URL}</arg>
<doc>Navigates the current browser window to the provided ``url``.</doc>
<status status="NOT RUN" starttime="20230607 18:47:37.390" endtime="20230607 18:47:37.390"/>
</kw>
<status status="NOT RUN" starttime="20230607 18:47:37.389" endtime="20230607 18:47:37.390"/>
</branch>
<branch type="ELSE">
<kw name="Disable Download Dialog" library="browser">
<var>${driver_path}</var>
<msg timestamp="20230607 18:47:37.390" level="INFO">
</msg>
<msg timestamp="20230607 18:47:37.390" level="INFO">====== WebDriver manager ======</msg>
<msg timestamp="20230607 18:47:37.702" level="INFO">Driver [C:\Users\User\.wdm\drivers\geckodriver\win64\v0.33.0\geckodriver.exe] found in cache</msg>
<msg timestamp="20230607 18:47:37.702" level="INFO">C:\Users\User\.wdm\drivers\geckodriver\win64\v0.33.0\geckodriver.exe</msg>
<msg timestamp="20230607 18:47:37.702" level="INFO">====== WebDriver manager ======
Driver [C:\Users\User\.wdm\drivers\geckodriver\win64\v0.33.0\geckodriver.exe] found in cache</msg>
<msg timestamp="20230607 18:47:37.705" level="INFO">${driver_path} = C:\Users\User\.wdm\drivers\geckodriver\win64\v0.33.0\geckodriver.exe</msg>
<status status="PASS" starttime="20230607 18:47:37.390" endtime="20230607 18:47:37.705"/>
</kw>
<kw name="Open Browser" library="SeleniumLibrary">
<arg>${URL}</arg>
<arg>firefox</arg>
<arg>executable_path=${driver_path}</arg>
<doc>Opens a new browser instance to the optional ``url``.</doc>
<msg timestamp="20230607 18:47:37.706" level="INFO">Opening browser 'firefox' to base url 'https://www.involve.me/'.</msg>
<msg timestamp="20230607 18:47:37.718" level="INFO">Firefox driver log is always forced to to: C:\Users\User\PycharmProjects\InvolvemeRobotFramework\TestCases\Workspaces\geckodriver-89.log</msg>
<status status="PASS" starttime="20230607 18:47:37.705" endtime="20230607 18:47:48.089"/>
</kw>
<status status="PASS" starttime="20230607 18:47:37.390" endtime="20230607 18:47:48.089"/>
</branch>
<status status="PASS" starttime="20230607 18:47:37.389" endtime="20230607 18:47:48.089"/>
</if>
<kw name="Get Window Handles" library="SeleniumLibrary">
<var>${handles}</var>
<doc>Returns all child window handles of the selected browser as a list.</doc>
<msg timestamp="20230607 18:47:48.094" level="INFO">${handles} = ['360c94ec-58a1-4e7f-9f33-d73a21f5083f']</msg>
<status status="PASS" starttime="20230607 18:47:48.090" endtime="20230607 18:47:48.094"/>
</kw>
<kw name="Maximize Browser Window" library="SeleniumLibrary">
<doc>Maximizes current browser window.</doc>
<status status="PASS" starttime="20230607 18:47:48.094" endtime="20230607 18:47:48.104"/>
</kw>
<kw name="Verify Current URL" library="common">
<kw name="Get Location" library="SeleniumLibrary">
<var>${curURL}</var>
<doc>Returns the current browser window URL.</doc>
<msg timestamp="20230607 18:47:48.108" level="INFO">${curURL} = https://www.involve.me/</msg>
<status status="PASS" starttime="20230607 18:47:48.105" endtime="20230607 18:47:48.109"/>
</kw>
<kw name="Log To Console" library="BuiltIn">
<arg>${curURL}</arg>
<doc>Logs the given message to the console.</doc>
<status status="PASS" starttime="20230607 18:47:48.109" endtime="20230607 18:47:48.110"/>
</kw>
<status status="PASS" starttime="20230607 18:47:48.104" endtime="20230607 18:47:48.111"/>
</kw>
<kw name="Read Json" library="common">
<var>${SCREEN_TEXTS}</var>
<arg>C:/Users/User/PycharmProjects/InvolvemeRobotFramework/TestData/Involve_Test.json</arg>
<doc>The function, with its' own keyword reads the json files.</doc>
<kw name="Get File" library="OperatingSystem">
<var>${JSONContent}</var>
<arg>${file_path}</arg>
<doc>Returns the contents of a specified file.</doc>
<msg timestamp="20230607 18:47:48.113" level="INFO" html="true">Getting file '&lt;a href="file://C:\Users\User\PycharmProjects\InvolvemeRobotFramework\TestData\Involve_Test.json"&gt;C:\Users\User\PycharmProjects\InvolvemeRobotFramework\TestData\Involve_Test.json&lt;/a&gt;'.</msg>
<msg timestamp="20230607 18:47:48.114" level="INFO">${JSONContent} = {
    "name": "test",
    "new_name": "another test",
    "project_type": "score-based outcomes",
    "template_type": "Start from scratch",
    "project_name": "test project",
    "final_slide": "Tha...</msg>
<status status="PASS" starttime="20230607 18:47:48.112" endtime="20230607 18:47:48.114"/>
</kw>
<kw name="Evaluate" library="BuiltIn">
<var>${page}</var>
<arg>json.loads("""${JSONContent}""")</arg>
<arg>json</arg>
<doc>Evaluates the given expression in Python and returns the result.</doc>
<msg timestamp="20230607 18:47:48.115" level="INFO">${page} = {'name': 'test', 'new_name': 'another test', 'project_type': 'score-based outcomes', 'template_type': 'Start from scratch', 'project_name': 'test project', 'final_slide': 'Thank You page', 'no_project...</msg>
<status status="PASS" starttime="20230607 18:47:48.114" endtime="20230607 18:47:48.115"/>
</kw>
<msg timestamp="20230607 18:47:48.116" level="INFO">${SCREEN_TEXTS} = {'name': 'test', 'new_name': 'another test', 'project_type': 'score-based outcomes', 'template_type': 'Start from scratch', 'project_name': 'test project', 'final_slide': 'Thank You page', 'no_project...</msg>
<status status="PASS" starttime="20230607 18:47:48.111" endtime="20230607 18:47:48.116"/>
</kw>
<kw name="Set Global Variable" library="BuiltIn">
<arg>${SCREEN_TEXTS}</arg>
<doc>Makes a variable available globally in all tests and suites.</doc>
<msg timestamp="20230607 18:47:48.118" level="INFO">${SCREEN_TEXTS} = {'name': 'test', 'new_name': 'another test', 'project_type': 'score-based outcomes', 'template_type': 'Start from scratch', 'project_name': 'test project', 'final_slide': 'Thank You page', 'no_project...</msg>
<status status="PASS" starttime="20230607 18:47:48.117" endtime="20230607 18:47:48.119"/>
</kw>
<status status="PASS" starttime="20230607 18:47:37.389" endtime="20230607 18:47:48.119"/>
</kw>
<kw name="Login to the Application" library="common">
<kw name="Wait Until Page Contains Element" library="SeleniumLibrary">
<arg>${CLICK_COOKIE}</arg>
<doc>Waits until the element ``locator`` appears on the current page.</doc>
<status status="PASS" starttime="20230607 18:47:48.122" endtime="20230607 18:47:48.427"/>
</kw>
<kw name="Click Cookie" library="LoginKW">
<kw name="Click For Element" library="common">
<arg>${CLICK_COOKIE}</arg>
<kw name="Get WebElement" library="SeleniumLibrary">
<var>${element1}</var>
<arg>${element}</arg>
<doc>Returns the first WebElement matching the given ``locator``.</doc>
<msg timestamp="20230607 18:47:48.471" level="INFO">${element1} = &lt;selenium.webdriver.remote.webelement.WebElement (session="314b27b6-3d07-4a07-ab5c-8cd0d561ccd6", element="78ab8a11-62c7-45d6-827d-fff2c8e6d56d")&gt;</msg>
<status status="PASS" starttime="20230607 18:47:48.430" endtime="20230607 18:47:48.472"/>
</kw>
<kw name="Highlight" library="highlight">
<arg>${element1}</arg>
<doc>Highlights (blinks) a Selenium Webdriver element</doc>
<msg timestamp="20230607 18:47:48.837" level="INFO">Value:::    &lt;selenium.webdriver.remote.webelement.WebElement (session="314b27b6-3d07-4a07-ab5c-8cd0d561ccd6", element="78ab8a11-62c7-45d6-827d-fff2c8e6d56d")&gt;</msg>
<status status="PASS" starttime="20230607 18:47:48.472" endtime="20230607 18:47:48.837"/>
</kw>
<kw name="Wait Until Element Is Visible" library="SeleniumLibrary">
<arg>${element1}</arg>
<doc>Waits until the element ``locator`` is visible.</doc>
<status status="PASS" starttime="20230607 18:47:48.838" endtime="20230607 18:47:48.871"/>
</kw>
<kw name="Click Element" library="SeleniumLibrary">
<arg>${element1}</arg>
<doc>Click the element identified by ``locator``.</doc>
<msg timestamp="20230607 18:47:48.873" level="INFO">Clicking element '&lt;selenium.webdriver.remote.webelement.WebElement (session="314b27b6-3d07-4a07-ab5c-8cd0d561ccd6", element="78ab8a11-62c7-45d6-827d-fff2c8e6d56d")&gt;'.</msg>
<status status="PASS" starttime="20230607 18:47:48.872" endtime="20230607 18:47:49.214"/>
</kw>
<status status="PASS" starttime="20230607 18:47:48.429" endtime="20230607 18:47:49.214"/>
</kw>
<status status="PASS" starttime="20230607 18:47:48.428" endtime="20230607 18:47:49.215"/>
</kw>
<kw name="Click On Link Login" library="LoginKW">
<kw name="Click For Element" library="common">
<arg>${LOGIN_LINK}</arg>
<kw name="Get WebElement" library="SeleniumLibrary">
<var>${element1}</var>
<arg>${element}</arg>
<doc>Returns the first WebElement matching the given ``locator``.</doc>
<msg timestamp="20230607 18:47:49.223" level="INFO">${element1} = &lt;selenium.webdriver.remote.webelement.WebElement (session="314b27b6-3d07-4a07-ab5c-8cd0d561ccd6", element="2770727d-677c-4f8c-be38-6a1dda7c64ba")&gt;</msg>
<status status="PASS" starttime="20230607 18:47:49.215" endtime="20230607 18:47:49.223"/>
</kw>
<kw name="Highlight" library="highlight">
<arg>${element1}</arg>
<doc>Highlights (blinks) a Selenium Webdriver element</doc>
<msg timestamp="20230607 18:47:49.624" level="INFO">Value:::    &lt;selenium.webdriver.remote.webelement.WebElement (session="314b27b6-3d07-4a07-ab5c-8cd0d561ccd6", element="2770727d-677c-4f8c-be38-6a1dda7c64ba")&gt;</msg>
<status status="PASS" starttime="20230607 18:47:49.223" endtime="20230607 18:47:49.624"/>
</kw>
<kw name="Wait Until Element Is Visible" library="SeleniumLibrary">
<arg>${element1}</arg>
<doc>Waits until the element ``locator`` is visible.</doc>
<status status="PASS" starttime="20230607 18:47:49.624" endtime="20230607 18:47:49.645"/>
</kw>
<kw name="Click Element" library="SeleniumLibrary">
<arg>${element1}</arg>
<doc>Click the element identified by ``locator``.</doc>
<msg timestamp="20230607 18:47:49.646" level="INFO">Clicking element '&lt;selenium.webdriver.remote.webelement.WebElement (session="314b27b6-3d07-4a07-ab5c-8cd0d561ccd6", element="2770727d-677c-4f8c-be38-6a1dda7c64ba")&gt;'.</msg>
<status status="PASS" starttime="20230607 18:47:49.645" endtime="20230607 18:47:51.412"/>
</kw>
<status status="PASS" starttime="20230607 18:47:49.215" endtime="20230607 18:47:51.412"/>
</kw>
<status status="PASS" starttime="20230607 18:47:49.215" endtime="20230607 18:47:51.415"/>
</kw>
<kw name="Enter Email" library="LoginKW">
<arg>sabree4u2@gmail.com</arg>
<kw name="Input For Text" library="common">
<arg>${USERNAME_FIELD}</arg>
<arg>${nameInput}</arg>
<kw name="Get WebElement" library="SeleniumLibrary">
<var>${element1}</var>
<arg>${element}</arg>
<doc>Returns the first WebElement matching the given ``locator``.</doc>
<msg timestamp="20230607 18:47:51.445" level="INFO">${element1} = &lt;selenium.webdriver.remote.webelement.WebElement (session="314b27b6-3d07-4a07-ab5c-8cd0d561ccd6", element="1e8873fc-eaf4-48f8-bfda-60be25d3012f")&gt;</msg>
<status status="PASS" starttime="20230607 18:47:51.420" endtime="20230607 18:47:51.445"/>
</kw>
<kw name="Highlight" library="highlight">
<arg>${element1}</arg>
<doc>Highlights (blinks) a Selenium Webdriver element</doc>
<msg timestamp="20230607 18:47:51.852" level="INFO">Value:::    &lt;selenium.webdriver.remote.webelement.WebElement (session="314b27b6-3d07-4a07-ab5c-8cd0d561ccd6", element="1e8873fc-eaf4-48f8-bfda-60be25d3012f")&gt;</msg>
<status status="PASS" starttime="20230607 18:47:51.446" endtime="20230607 18:47:51.853"/>
</kw>
<kw name="Wait Until Element Is Visible" library="SeleniumLibrary">
<arg>${element1}</arg>
<doc>Waits until the element ``locator`` is visible.</doc>
<status status="PASS" starttime="20230607 18:47:51.855" endtime="20230607 18:47:51.901"/>
</kw>
<kw name="Input Text" library="SeleniumLibrary">
<arg>${element1}</arg>
<arg>${input}</arg>
<doc>Types the given ``text`` into the text field identified by ``locator``.</doc>
<msg timestamp="20230607 18:47:51.904" level="INFO">Typing text 'sabree4u2@gmail.com' into text field '&lt;selenium.webdriver.remote.webelement.WebElement (session="314b27b6-3d07-4a07-ab5c-8cd0d561ccd6", element="1e8873fc-eaf4-48f8-bfda-60be25d3012f")&gt;'.</msg>
<status status="PASS" starttime="20230607 18:47:51.901" endtime="20230607 18:47:52.004"/>
</kw>
<status status="PASS" starttime="20230607 18:47:51.416" endtime="20230607 18:47:52.005"/>
</kw>
<status status="PASS" starttime="20230607 18:47:51.415" endtime="20230607 18:47:52.006"/>
</kw>
<kw name="Enter Password" library="LoginKW">
<arg>Nausheen4Only</arg>
<kw name="Input For Text" library="common">
<arg>${PASSWORD_FIELD}</arg>
<arg>${passwordInput}</arg>
<kw name="Get WebElement" library="SeleniumLibrary">
<var>${element1}</var>
<arg>${element}</arg>
<doc>Returns the first WebElement matching the given ``locator``.</doc>
<msg timestamp="20230607 18:47:52.017" level="INFO">${element1} = &lt;selenium.webdriver.remote.webelement.WebElement (session="314b27b6-3d07-4a07-ab5c-8cd0d561ccd6", element="c0a797c2-1a5b-4f8b-98ce-f5dba0a56709")&gt;</msg>
<status status="PASS" starttime="20230607 18:47:52.009" endtime="20230607 18:47:52.017"/>
</kw>
<kw name="Highlight" library="highlight">
<arg>${element1}</arg>
<doc>Highlights (blinks) a Selenium Webdriver element</doc>
<msg timestamp="20230607 18:47:52.384" level="INFO">Value:::    &lt;selenium.webdriver.remote.webelement.WebElement (session="314b27b6-3d07-4a07-ab5c-8cd0d561ccd6", element="c0a797c2-1a5b-4f8b-98ce-f5dba0a56709")&gt;</msg>
<status status="PASS" starttime="20230607 18:47:52.017" endtime="20230607 18:47:52.384"/>
</kw>
<kw name="Wait Until Element Is Visible" library="SeleniumLibrary">
<arg>${element1}</arg>
<doc>Waits until the element ``locator`` is visible.</doc>
<status status="PASS" starttime="20230607 18:47:52.384" endtime="20230607 18:47:52.427"/>
</kw>
<kw name="Input Text" library="SeleniumLibrary">
<arg>${element1}</arg>
<arg>${input}</arg>
<doc>Types the given ``text`` into the text field identified by ``locator``.</doc>
<msg timestamp="20230607 18:47:52.430" level="INFO">Typing text 'Nausheen4Only' into text field '&lt;selenium.webdriver.remote.webelement.WebElement (session="314b27b6-3d07-4a07-ab5c-8cd0d561ccd6", element="c0a797c2-1a5b-4f8b-98ce-f5dba0a56709")&gt;'.</msg>
<status status="PASS" starttime="20230607 18:47:52.427" endtime="20230607 18:47:52.503"/>
</kw>
<status status="PASS" starttime="20230607 18:47:52.009" endtime="20230607 18:47:52.503"/>
</kw>
<status status="PASS" starttime="20230607 18:47:52.007" endtime="20230607 18:47:52.504"/>
</kw>
<kw name="Click On Sign in button" library="LoginKW">
<kw name="Click For Element" library="common">
<arg>${LOGIN_BUTTON}</arg>
<kw name="Get WebElement" library="SeleniumLibrary">
<var>${element1}</var>
<arg>${element}</arg>
<doc>Returns the first WebElement matching the given ``locator``.</doc>
<msg timestamp="20230607 18:47:52.518" level="INFO">${element1} = &lt;selenium.webdriver.remote.webelement.WebElement (session="314b27b6-3d07-4a07-ab5c-8cd0d561ccd6", element="82cbf912-88a5-4397-a3e5-9315b8b1cb97")&gt;</msg>
<status status="PASS" starttime="20230607 18:47:52.508" endtime="20230607 18:47:52.518"/>
</kw>
<kw name="Highlight" library="highlight">
<arg>${element1}</arg>
<doc>Highlights (blinks) a Selenium Webdriver element</doc>
<msg timestamp="20230607 18:47:52.860" level="INFO">Value:::    &lt;selenium.webdriver.remote.webelement.WebElement (session="314b27b6-3d07-4a07-ab5c-8cd0d561ccd6", element="82cbf912-88a5-4397-a3e5-9315b8b1cb97")&gt;</msg>
<status status="PASS" starttime="20230607 18:47:52.519" endtime="20230607 18:47:52.861"/>
</kw>
<kw name="Wait Until Element Is Visible" library="SeleniumLibrary">
<arg>${element1}</arg>
<doc>Waits until the element ``locator`` is visible.</doc>
<status status="PASS" starttime="20230607 18:47:52.861" endtime="20230607 18:47:52.904"/>
</kw>
<kw name="Click Element" library="SeleniumLibrary">
<arg>${element1}</arg>
<doc>Click the element identified by ``locator``.</doc>
<msg timestamp="20230607 18:47:52.904" level="INFO">Clicking element '&lt;selenium.webdriver.remote.webelement.WebElement (session="314b27b6-3d07-4a07-ab5c-8cd0d561ccd6", element="82cbf912-88a5-4397-a3e5-9315b8b1cb97")&gt;'.</msg>
<status status="PASS" starttime="20230607 18:47:52.904" endtime="20230607 18:47:53.225"/>
</kw>
<status status="PASS" starttime="20230607 18:47:52.506" endtime="20230607 18:47:53.225"/>
</kw>
<status status="PASS" starttime="20230607 18:47:52.504" endtime="20230607 18:47:53.225"/>
</kw>
<status status="PASS" starttime="20230607 18:47:48.121" endtime="20230607 18:47:53.225"/>
</kw>
<kw name="Delete workspace" library="WorkspaceKW">
<arg>test</arg>
<kw name="Sleep" library="BuiltIn">
<arg>2s</arg>
<doc>Pauses the test executed for the given time.</doc>
<msg timestamp="20230607 18:47:55.240" level="INFO">Slept 2 seconds</msg>
<status status="PASS" starttime="20230607 18:47:53.225" endtime="20230607 18:47:55.240"/>
</kw>
<kw name="Get WebElements" library="SeleniumLibrary">
<var>@{my_list}</var>
<arg>${WORKSPACE_LIST}</arg>
<doc>Returns a list of WebElement objects matching the ``locator``.</doc>
<msg timestamp="20230607 18:47:55.310" level="INFO">@{my_list} = [ &lt;selenium.webdriver.remote.webelement.WebElement (session="314b27b6-3d07-4a07-ab5c-8cd0d561ccd6", element="8c00d4df-76b7-4430-bce1-7e835cc3820b")&gt; | &lt;selenium.webdriver.remote.webelement.WebElement ...</msg>
<status status="PASS" starttime="20230607 18:47:55.240" endtime="20230607 18:47:55.310"/>
</kw>
<for flavor="IN">
<var>${element}</var>
<value>@{my_list}</value>
<iter>
<var name="${element}">&lt;selenium.webdriver.remote.webelement.WebElement (session="314b27b6-3d07-4a07-ab5c-8cd0d561ccd6", element="8c00d4df-76b7-4430-bce1-7e835cc3820b")&gt;</var>
<kw name="Get Text" library="SeleniumLibrary">
<var>${text}</var>
<arg>${element}</arg>
<doc>Returns the text value of the element identified by ``locator``.</doc>
<msg timestamp="20230607 18:47:55.354" level="INFO">${text} = Another test
18</msg>
<status status="PASS" starttime="20230607 18:47:55.311" endtime="20230607 18:47:55.354"/>
</kw>
<kw name="Set Variable" library="BuiltIn">
<var>${str}</var>
<arg>${text}</arg>
<doc>Returns the given values which can then be assigned to a variables.</doc>
<msg timestamp="20230607 18:47:55.355" level="INFO">${str} = Another test
18</msg>
<status status="PASS" starttime="20230607 18:47:55.354" endtime="20230607 18:47:55.355"/>
</kw>
<kw name="Split String" library="String">
<var>${Id}</var>
<arg>${str}</arg>
<arg>\n</arg>
<doc>Splits the ``string`` using ``separator`` as a delimiter string.</doc>
<msg timestamp="20230607 18:47:55.355" level="INFO">${Id} = ['Another test', '18']</msg>
<status status="PASS" starttime="20230607 18:47:55.355" endtime="20230607 18:47:55.355"/>
</kw>
<kw name="Log To Console" library="BuiltIn">
<arg>${Id}[0]</arg>
<doc>Logs the given message to the console.</doc>
<status status="PASS" starttime="20230607 18:47:55.355" endtime="20230607 18:47:55.356"/>
</kw>
<if>
<branch type="IF" condition="&quot;${Id}[0]&quot; == &quot;${WorkspaceName}&quot;">
<kw name="Click For Element" library="common">
<arg>//*[text()='${Id}[0]']</arg>
<status status="NOT RUN" starttime="20230607 18:47:55.357" endtime="20230607 18:47:55.357"/>
</kw>
<kw name="Log To Console" library="BuiltIn">
<arg>"Workspace Selected"</arg>
<doc>Logs the given message to the console.</doc>
<status status="NOT RUN" starttime="20230607 18:47:55.357" endtime="20230607 18:47:55.357"/>
</kw>
<kw name="Wait Until Page Contains Element" library="SeleniumLibrary">
<arg>${RATING}</arg>
<doc>Waits until the element ``locator`` appears on the current page.</doc>
<status status="NOT RUN" starttime="20230607 18:47:55.357" endtime="20230607 18:47:55.357"/>
</kw>
<kw name="Click For Element" library="common">
<arg>${RATING}</arg>
<status status="NOT RUN" starttime="20230607 18:47:55.357" endtime="20230607 18:47:55.358"/>
</kw>
<kw name="Sleep" library="BuiltIn">
<arg>2s</arg>
<doc>Pauses the test executed for the given time.</doc>
<status status="NOT RUN" starttime="20230607 18:47:55.358" endtime="20230607 18:47:55.358"/>
</kw>
<kw name="Click For Element" library="common">
<arg>${WORKSPACE_EDIT_BUTTON}</arg>
<status status="NOT RUN" starttime="20230607 18:47:55.359" endtime="20230607 18:47:55.359"/>
</kw>
<kw name="Click For Element" library="common">
<arg>${DELETE_WORKSPACE_BUTTON}</arg>
<status status="NOT RUN" starttime="20230607 18:47:55.359" endtime="20230607 18:47:55.359"/>
</kw>
<kw name="Get Element Attribute" library="SeleniumLibrary">
<var>${text}</var>
<arg>${DELETE_WORKSPACE_FIELD}</arg>
<arg>placeholder</arg>
<doc>Returns the value of ``attribute`` from the element ``locator``.</doc>
<status status="NOT RUN" starttime="20230607 18:47:55.359" endtime="20230607 18:47:55.359"/>
</kw>
<kw name="Log To Console" library="BuiltIn">
<arg>${text}</arg>
<doc>Logs the given message to the console.</doc>
<status status="NOT RUN" starttime="20230607 18:47:55.359" endtime="20230607 18:47:55.359"/>
</kw>
<kw name="Input For Text" library="common">
<arg>${DELETE_WORKSPACE_FIELD}</arg>
<arg>${text}</arg>
<status status="NOT RUN" starttime="20230607 18:47:55.359" endtime="20230607 18:47:55.359"/>
</kw>
<kw name="Click For Element" library="common">
<arg>${CONFIRMATION_BUTTON}</arg>
<status status="NOT RUN" starttime="20230607 18:47:55.359" endtime="20230607 18:47:55.360"/>
</kw>
<kw name="Exit For Loop" library="BuiltIn">
<doc>Stops executing the enclosing FOR loop.</doc>
<status status="NOT RUN" starttime="20230607 18:47:55.360" endtime="20230607 18:47:55.360"/>
</kw>
<status status="NOT RUN" starttime="20230607 18:47:55.357" endtime="20230607 18:47:55.360"/>
</branch>
<status status="PASS" starttime="20230607 18:47:55.357" endtime="20230607 18:47:55.360"/>
</if>
<status status="PASS" starttime="20230607 18:47:55.310" endtime="20230607 18:47:55.360"/>
</iter>
<iter>
<var name="${element}">&lt;selenium.webdriver.remote.webelement.WebElement (session="314b27b6-3d07-4a07-ab5c-8cd0d561ccd6", element="0d01ffed-cb84-489e-b2d9-b6b30351111f")&gt;</var>
<kw name="Get Text" library="SeleniumLibrary">
<var>${text}</var>
<arg>${element}</arg>
<doc>Returns the text value of the element identified by ``locator``.</doc>
<msg timestamp="20230607 18:47:55.415" level="INFO">${text} = test
0</msg>
<status status="PASS" starttime="20230607 18:47:55.361" endtime="20230607 18:47:55.415"/>
</kw>
<kw name="Set Variable" library="BuiltIn">
<var>${str}</var>
<arg>${text}</arg>
<doc>Returns the given values which can then be assigned to a variables.</doc>
<msg timestamp="20230607 18:47:55.416" level="INFO">${str} = test
0</msg>
<status status="PASS" starttime="20230607 18:47:55.416" endtime="20230607 18:47:55.417"/>
</kw>
<kw name="Split String" library="String">
<var>${Id}</var>
<arg>${str}</arg>
<arg>\n</arg>
<doc>Splits the ``string`` using ``separator`` as a delimiter string.</doc>
<msg timestamp="20230607 18:47:55.418" level="INFO">${Id} = ['test', '0']</msg>
<status status="PASS" starttime="20230607 18:47:55.417" endtime="20230607 18:47:55.418"/>
</kw>
<kw name="Log To Console" library="BuiltIn">
<arg>${Id}[0]</arg>
<doc>Logs the given message to the console.</doc>
<status status="PASS" starttime="20230607 18:47:55.418" endtime="20230607 18:47:55.420"/>
</kw>
<if>
<branch type="IF" condition="&quot;${Id}[0]&quot; == &quot;${WorkspaceName}&quot;">
<kw name="Click For Element" library="common">
<arg>//*[text()='${Id}[0]']</arg>
<kw name="Get WebElement" library="SeleniumLibrary">
<var>${element1}</var>
<arg>${element}</arg>
<doc>Returns the first WebElement matching the given ``locator``.</doc>
<msg timestamp="20230607 18:47:55.433" level="INFO">${element1} = &lt;selenium.webdriver.remote.webelement.WebElement (session="314b27b6-3d07-4a07-ab5c-8cd0d561ccd6", element="ffb568af-8e76-4f60-ad7e-7256849d8e19")&gt;</msg>
<status status="PASS" starttime="20230607 18:47:55.422" endtime="20230607 18:47:55.433"/>
</kw>
<kw name="Highlight" library="highlight">
<arg>${element1}</arg>
<doc>Highlights (blinks) a Selenium Webdriver element</doc>
<msg timestamp="20230607 18:47:55.804" level="INFO">Value:::    &lt;selenium.webdriver.remote.webelement.WebElement (session="314b27b6-3d07-4a07-ab5c-8cd0d561ccd6", element="ffb568af-8e76-4f60-ad7e-7256849d8e19")&gt;</msg>
<status status="PASS" starttime="20230607 18:47:55.434" endtime="20230607 18:47:55.804"/>
</kw>
<kw name="Wait Until Element Is Visible" library="SeleniumLibrary">
<arg>${element1}</arg>
<doc>Waits until the element ``locator`` is visible.</doc>
<status status="PASS" starttime="20230607 18:47:55.805" endtime="20230607 18:47:55.829"/>
</kw>
<kw name="Click Element" library="SeleniumLibrary">
<arg>${element1}</arg>
<doc>Click the element identified by ``locator``.</doc>
<msg timestamp="20230607 18:47:55.830" level="INFO">Clicking element '&lt;selenium.webdriver.remote.webelement.WebElement (session="314b27b6-3d07-4a07-ab5c-8cd0d561ccd6", element="ffb568af-8e76-4f60-ad7e-7256849d8e19")&gt;'.</msg>
<status status="PASS" starttime="20230607 18:47:55.829" endtime="20230607 18:47:56.196"/>
</kw>
<status status="PASS" starttime="20230607 18:47:55.421" endtime="20230607 18:47:56.196"/>
</kw>
<kw name="Log To Console" library="BuiltIn">
<arg>"Workspace Selected"</arg>
<doc>Logs the given message to the console.</doc>
<status status="PASS" starttime="20230607 18:47:56.197" endtime="20230607 18:47:56.198"/>
</kw>
<kw name="Wait Until Page Contains Element" library="SeleniumLibrary">
<arg>${RATING}</arg>
<doc>Waits until the element ``locator`` appears on the current page.</doc>
<status status="PASS" starttime="20230607 18:47:56.198" endtime="20230607 18:47:58.869"/>
</kw>
<kw name="Click For Element" library="common">
<arg>${RATING}</arg>
<kw name="Get WebElement" library="SeleniumLibrary">
<var>${element1}</var>
<arg>${element}</arg>
<doc>Returns the first WebElement matching the given ``locator``.</doc>
<msg timestamp="20230607 18:47:58.881" level="INFO">${element1} = &lt;selenium.webdriver.remote.webelement.WebElement (session="314b27b6-3d07-4a07-ab5c-8cd0d561ccd6", element="312d48ff-3ea3-46d7-aa12-8e1263a96791")&gt;</msg>
<status status="PASS" starttime="20230607 18:47:58.871" endtime="20230607 18:47:58.881"/>
</kw>
<kw name="Highlight" library="highlight">
<arg>${element1}</arg>
<doc>Highlights (blinks) a Selenium Webdriver element</doc>
<msg timestamp="20230607 18:47:59.230" level="INFO">Value:::    &lt;selenium.webdriver.remote.webelement.WebElement (session="314b27b6-3d07-4a07-ab5c-8cd0d561ccd6", element="312d48ff-3ea3-46d7-aa12-8e1263a96791")&gt;</msg>
<status status="PASS" starttime="20230607 18:47:58.882" endtime="20230607 18:47:59.230"/>
</kw>
<kw name="Wait Until Element Is Visible" library="SeleniumLibrary">
<arg>${element1}</arg>
<doc>Waits until the element ``locator`` is visible.</doc>
<status status="PASS" starttime="20230607 18:47:59.231" endtime="20230607 18:47:59.251"/>
</kw>
<kw name="Click Element" library="SeleniumLibrary">
<arg>${element1}</arg>
<doc>Click the element identified by ``locator``.</doc>
<msg timestamp="20230607 18:47:59.252" level="INFO">Clicking element '&lt;selenium.webdriver.remote.webelement.WebElement (session="314b27b6-3d07-4a07-ab5c-8cd0d561ccd6", element="312d48ff-3ea3-46d7-aa12-8e1263a96791")&gt;'.</msg>
<status status="PASS" starttime="20230607 18:47:59.251" endtime="20230607 18:47:59.480"/>
</kw>
<status status="PASS" starttime="20230607 18:47:58.869" endtime="20230607 18:47:59.480"/>
</kw>
<kw name="Sleep" library="BuiltIn">
<arg>2s</arg>
<doc>Pauses the test executed for the given time.</doc>
<msg timestamp="20230607 18:48:01.482" level="INFO">Slept 2 seconds</msg>
<status status="PASS" starttime="20230607 18:47:59.481" endtime="20230607 18:48:01.483"/>
</kw>
<kw name="Click For Element" library="common">
<arg>${WORKSPACE_EDIT_BUTTON}</arg>
<kw name="Get WebElement" library="SeleniumLibrary">
<var>${element1}</var>
<arg>${element}</arg>
<doc>Returns the first WebElement matching the given ``locator``.</doc>
<msg timestamp="20230607 18:48:01.505" level="INFO">${element1} = &lt;selenium.webdriver.remote.webelement.WebElement (session="314b27b6-3d07-4a07-ab5c-8cd0d561ccd6", element="26a9c115-ce1c-436a-8fe9-0f839dfb5f90")&gt;</msg>
<status status="PASS" starttime="20230607 18:48:01.485" endtime="20230607 18:48:01.505"/>
</kw>
<kw name="Highlight" library="highlight">
<arg>${element1}</arg>
<doc>Highlights (blinks) a Selenium Webdriver element</doc>
<msg timestamp="20230607 18:48:01.885" level="INFO">Value:::    &lt;selenium.webdriver.remote.webelement.WebElement (session="314b27b6-3d07-4a07-ab5c-8cd0d561ccd6", element="26a9c115-ce1c-436a-8fe9-0f839dfb5f90")&gt;</msg>
<status status="PASS" starttime="20230607 18:48:01.506" endtime="20230607 18:48:01.885"/>
</kw>
<kw name="Wait Until Element Is Visible" library="SeleniumLibrary">
<arg>${element1}</arg>
<doc>Waits until the element ``locator`` is visible.</doc>
<status status="PASS" starttime="20230607 18:48:01.886" endtime="20230607 18:48:01.944"/>
</kw>
<kw name="Click Element" library="SeleniumLibrary">
<arg>${element1}</arg>
<doc>Click the element identified by ``locator``.</doc>
<msg timestamp="20230607 18:48:01.947" level="INFO">Clicking element '&lt;selenium.webdriver.remote.webelement.WebElement (session="314b27b6-3d07-4a07-ab5c-8cd0d561ccd6", element="26a9c115-ce1c-436a-8fe9-0f839dfb5f90")&gt;'.</msg>
<status status="PASS" starttime="20230607 18:48:01.944" endtime="20230607 18:48:02.217"/>
</kw>
<status status="PASS" starttime="20230607 18:48:01.483" endtime="20230607 18:48:02.218"/>
</kw>
<kw name="Click For Element" library="common">
<arg>${DELETE_WORKSPACE_BUTTON}</arg>
<kw name="Get WebElement" library="SeleniumLibrary">
<var>${element1}</var>
<arg>${element}</arg>
<doc>Returns the first WebElement matching the given ``locator``.</doc>
<msg timestamp="20230607 18:48:02.239" level="INFO">${element1} = &lt;selenium.webdriver.remote.webelement.WebElement (session="314b27b6-3d07-4a07-ab5c-8cd0d561ccd6", element="17b15cb5-f6af-4dec-bbb3-959146654f61")&gt;</msg>
<status status="PASS" starttime="20230607 18:48:02.223" endtime="20230607 18:48:02.239"/>
</kw>
<kw name="Highlight" library="highlight">
<arg>${element1}</arg>
<doc>Highlights (blinks) a Selenium Webdriver element</doc>
<msg timestamp="20230607 18:48:02.610" level="INFO">Value:::    &lt;selenium.webdriver.remote.webelement.WebElement (session="314b27b6-3d07-4a07-ab5c-8cd0d561ccd6", element="17b15cb5-f6af-4dec-bbb3-959146654f61")&gt;</msg>
<status status="PASS" starttime="20230607 18:48:02.240" endtime="20230607 18:48:02.610"/>
</kw>
<kw name="Wait Until Element Is Visible" library="SeleniumLibrary">
<arg>${element1}</arg>
<doc>Waits until the element ``locator`` is visible.</doc>
<status status="PASS" starttime="20230607 18:48:02.610" endtime="20230607 18:48:02.643"/>
</kw>
<kw name="Click Element" library="SeleniumLibrary">
<arg>${element1}</arg>
<doc>Click the element identified by ``locator``.</doc>
<msg timestamp="20230607 18:48:02.646" level="INFO">Clicking element '&lt;selenium.webdriver.remote.webelement.WebElement (session="314b27b6-3d07-4a07-ab5c-8cd0d561ccd6", element="17b15cb5-f6af-4dec-bbb3-959146654f61")&gt;'.</msg>
<status status="PASS" starttime="20230607 18:48:02.644" endtime="20230607 18:48:03.014"/>
</kw>
<status status="PASS" starttime="20230607 18:48:02.220" endtime="20230607 18:48:03.014"/>
</kw>
<kw name="Get Element Attribute" library="SeleniumLibrary">
<var>${text}</var>
<arg>${DELETE_WORKSPACE_FIELD}</arg>
<arg>placeholder</arg>
<doc>Returns the value of ``attribute`` from the element ``locator``.</doc>
<msg timestamp="20230607 18:48:03.037" level="INFO">${text} = test</msg>
<status status="PASS" starttime="20230607 18:48:03.015" endtime="20230607 18:48:03.037"/>
</kw>
<kw name="Log To Console" library="BuiltIn">
<arg>${text}</arg>
<doc>Logs the given message to the console.</doc>
<status status="PASS" starttime="20230607 18:48:03.038" endtime="20230607 18:48:03.038"/>
</kw>
<kw name="Input For Text" library="common">
<arg>${DELETE_WORKSPACE_FIELD}</arg>
<arg>${text}</arg>
<kw name="Get WebElement" library="SeleniumLibrary">
<var>${element1}</var>
<arg>${element}</arg>
<doc>Returns the first WebElement matching the given ``locator``.</doc>
<msg timestamp="20230607 18:48:03.045" level="INFO">${element1} = &lt;selenium.webdriver.remote.webelement.WebElement (session="314b27b6-3d07-4a07-ab5c-8cd0d561ccd6", element="338a65e1-741a-43c6-9745-9589236fa503")&gt;</msg>
<status status="PASS" starttime="20230607 18:48:03.040" endtime="20230607 18:48:03.045"/>
</kw>
<kw name="Highlight" library="highlight">
<arg>${element1}</arg>
<doc>Highlights (blinks) a Selenium Webdriver element</doc>
<msg timestamp="20230607 18:48:03.382" level="INFO">Value:::    &lt;selenium.webdriver.remote.webelement.WebElement (session="314b27b6-3d07-4a07-ab5c-8cd0d561ccd6", element="338a65e1-741a-43c6-9745-9589236fa503")&gt;</msg>
<status status="PASS" starttime="20230607 18:48:03.045" endtime="20230607 18:48:03.383"/>
</kw>
<kw name="Wait Until Element Is Visible" library="SeleniumLibrary">
<arg>${element1}</arg>
<doc>Waits until the element ``locator`` is visible.</doc>
<status status="PASS" starttime="20230607 18:48:03.384" endtime="20230607 18:48:03.442"/>
</kw>
<kw name="Input Text" library="SeleniumLibrary">
<arg>${element1}</arg>
<arg>${input}</arg>
<doc>Types the given ``text`` into the text field identified by ``locator``.</doc>
<msg timestamp="20230607 18:48:03.444" level="INFO">Typing text 'test' into text field '&lt;selenium.webdriver.remote.webelement.WebElement (session="314b27b6-3d07-4a07-ab5c-8cd0d561ccd6", element="338a65e1-741a-43c6-9745-9589236fa503")&gt;'.</msg>
<status status="PASS" starttime="20230607 18:48:03.442" endtime="20230607 18:48:03.498"/>
</kw>
<status status="PASS" starttime="20230607 18:48:03.039" endtime="20230607 18:48:03.498"/>
</kw>
<kw name="Click For Element" library="common">
<arg>${CONFIRMATION_BUTTON}</arg>
<kw name="Get WebElement" library="SeleniumLibrary">
<var>${element1}</var>
<arg>${element}</arg>
<doc>Returns the first WebElement matching the given ``locator``.</doc>
<msg timestamp="20230607 18:48:03.514" level="INFO">${element1} = &lt;selenium.webdriver.remote.webelement.WebElement (session="314b27b6-3d07-4a07-ab5c-8cd0d561ccd6", element="1123905a-8162-47f3-bf45-24dc834cdf42")&gt;</msg>
<status status="PASS" starttime="20230607 18:48:03.502" endtime="20230607 18:48:03.514"/>
</kw>
<kw name="Highlight" library="highlight">
<arg>${element1}</arg>
<doc>Highlights (blinks) a Selenium Webdriver element</doc>
<msg timestamp="20230607 18:48:03.892" level="INFO">Value:::    &lt;selenium.webdriver.remote.webelement.WebElement (session="314b27b6-3d07-4a07-ab5c-8cd0d561ccd6", element="1123905a-8162-47f3-bf45-24dc834cdf42")&gt;</msg>
<status status="PASS" starttime="20230607 18:48:03.515" endtime="20230607 18:48:03.892"/>
</kw>
<kw name="Wait Until Element Is Visible" library="SeleniumLibrary">
<arg>${element1}</arg>
<doc>Waits until the element ``locator`` is visible.</doc>
<status status="PASS" starttime="20230607 18:48:03.893" endtime="20230607 18:48:03.946"/>
</kw>
<kw name="Click Element" library="SeleniumLibrary">
<arg>${element1}</arg>
<doc>Click the element identified by ``locator``.</doc>
<msg timestamp="20230607 18:48:03.949" level="INFO">Clicking element '&lt;selenium.webdriver.remote.webelement.WebElement (session="314b27b6-3d07-4a07-ab5c-8cd0d561ccd6", element="1123905a-8162-47f3-bf45-24dc834cdf42")&gt;'.</msg>
<status status="PASS" starttime="20230607 18:48:03.946" endtime="20230607 18:48:04.279"/>
</kw>
<status status="PASS" starttime="20230607 18:48:03.499" endtime="20230607 18:48:04.279"/>
</kw>
<kw name="Exit For Loop" library="BuiltIn">
<doc>Stops executing the enclosing FOR loop.</doc>
<msg timestamp="20230607 18:48:04.280" level="INFO">Exiting for loop altogether.</msg>
<status status="PASS" starttime="20230607 18:48:04.280" endtime="20230607 18:48:04.281"/>
</kw>
<status status="PASS" starttime="20230607 18:47:55.420" endtime="20230607 18:48:04.281"/>
</branch>
<status status="PASS" starttime="20230607 18:47:55.420" endtime="20230607 18:48:04.282"/>
</if>
<status status="PASS" starttime="20230607 18:47:55.360" endtime="20230607 18:48:04.283"/>
</iter>
<status status="PASS" starttime="20230607 18:47:55.310" endtime="20230607 18:48:04.283"/>
</for>
<status status="PASS" starttime="20230607 18:47:53.225" endtime="20230607 18:48:04.285"/>
</kw>
<kw name="Close My Browser" library="common" type="TEARDOWN">
<kw name="Sleep" library="BuiltIn">
<arg>2s</arg>
<doc>Pauses the test executed for the given time.</doc>
<msg timestamp="20230607 18:48:06.298" level="INFO">Slept 2 seconds</msg>
<status status="PASS" starttime="20230607 18:48:04.289" endtime="20230607 18:48:06.298"/>
</kw>
<kw name="Close All Browsers" library="SeleniumLibrary">
<doc>Closes all open browsers and resets the browser cache.</doc>
<status status="PASS" starttime="20230607 18:48:06.298" endtime="20230607 18:48:09.762"/>
</kw>
<status status="PASS" starttime="20230607 18:48:04.287" endtime="20230607 18:48:09.762"/>
</kw>
<tag>Delete</tag>
<status status="PASS" starttime="20230607 18:47:37.387" endtime="20230607 18:48:09.764"/>
</test>
<doc>Workspace</doc>
<status status="PASS" starttime="20230607 18:47:36.490" endtime="20230607 18:48:09.769"/>
</suite>
<statistics>
<total>
<stat pass="1" fail="0" skip="0">All Tests</stat>
</total>
<tag>
<stat pass="1" fail="0" skip="0">Delete</stat>
</tag>
<suite>
<stat pass="1" fail="0" skip="0" id="s1" name="WorkspaceTC">WorkspaceTC</stat>
</suite>
</statistics>
<errors>
</errors>
</robot>
