<?xml version="1.0" encoding="UTF-8"?>
<robot generator="Robot 7.0 (Python 3.8.5 on win32)" generated="2024-01-22T07:21:39.394235" rpa="false" schemaversion="5">
<suite id="s1" name="WorkspaceTC" source="C:\Users\User\PycharmProjects\InvolvemeRobotFramework\TestCases\Workspaces\WorkspaceTC.robot">
<test id="s1-t1" name="10 Delete Allworkspace" line="70">
<kw name="Start" owner="common" type="SETUP">
<if>
<branch type="IF" condition="&quot;${browser}&quot; == &quot;chrome&quot;">
<kw name="Get Chromedriver Path" owner="browser">
<msg time="2024-01-22T07:21:41.230787" level="INFO">====== WebDriver manager ======</msg>
<msg time="2024-01-22T07:21:50.841391" level="INFO">Get LATEST chromedriver version for google-chrome</msg>
<msg time="2024-01-22T07:21:51.014823" level="INFO">Get LATEST chromedriver version for google-chrome</msg>
<msg time="2024-01-22T07:21:51.224149" level="INFO">Get LATEST chromedriver version for google-chrome</msg>
<msg time="2024-01-22T07:21:51.782794" level="INFO">WebDriver version 120.0.6099.109 selected</msg>
<msg time="2024-01-22T07:21:51.782794" level="INFO">Modern chrome version https://edgedl.me.gvt1.com/edgedl/chrome/chrome-for-testing/120.0.6099.109/win32/chromedriver-win32.zip</msg>
<msg time="2024-01-22T07:21:51.782794" level="INFO">About to download new driver from https://edgedl.me.gvt1.com/edgedl/chrome/chrome-for-testing/120.0.6099.109/win32/chromedriver-win32.zip</msg>
<msg time="2024-01-22T07:21:52.053435" level="INFO">Driver downloading response is 200</msg>
<msg time="2024-01-22T07:21:53.026983" level="INFO">Get LATEST chromedriver version for google-chrome</msg>
<msg time="2024-01-22T07:21:53.388486" level="INFO">Driver has been saved in cache [C:\Users\User\.wdm\drivers\chromedriver\win64\120.0.6099.109]</msg>
<msg time="2024-01-22T07:21:53.392829" level="INFO">Chrome path C:\Users\User\.wdm\drivers\chromedriver\win64\120.0.6099.109\chromedriver-win32/chromedriver.exe</msg>
<msg time="2024-01-22T07:21:53.393156" level="INFO">${driver_path} = C:\Users\User\.wdm\drivers\chromedriver\win64\120.0.6099.109\chromedriver-win32/chromedriver.exe</msg>
<var>${driver_path}</var>
<status status="PASS" start="2024-01-22T07:21:41.229432" elapsed="12.163724"/>
</kw>
<kw name="Open Browser" owner="SeleniumLibrary">
<msg time="2024-01-22T07:21:53.394735" level="INFO">Opening browser 'chrome' to base url 'https://www.involve.me/'.</msg>
<arg>${URL}</arg>
<arg>chrome</arg>
<arg>executable_path=${driver_path}</arg>
<doc>Opens a new browser instance to the optional ``url``.</doc>
<status status="PASS" start="2024-01-22T07:21:53.393156" elapsed="4.711111"/>
</kw>
<kw name="Go To" owner="SeleniumLibrary">
<msg time="2024-01-22T07:21:58.106268" level="INFO">Opening url 'https://www.involve.me/'</msg>
<arg>${URL}</arg>
<doc>Navigates the current browser window to the provided ``url``.</doc>
<status status="PASS" start="2024-01-22T07:21:58.105270" elapsed="1.081729"/>
</kw>
<status status="PASS" start="2024-01-22T07:21:41.225410" elapsed="17.961589"/>
</branch>
<branch type="ELSE IF" condition="&quot;${browser}&quot; == &quot;firefox&quot;">
<kw name="Disable Download Dialog" owner="browser">
<var>${driver_path}</var>
<status status="NOT RUN" start="2024-01-22T07:21:59.186999" elapsed="0.000000"/>
</kw>
<kw name="Open Browser" owner="SeleniumLibrary">
<arg>${URL}</arg>
<arg>firefox</arg>
<arg>executable_path=${driver_path}</arg>
<doc>Opens a new browser instance to the optional ``url``.</doc>
<status status="NOT RUN" start="2024-01-22T07:21:59.186999" elapsed="0.000000"/>
</kw>
<status status="NOT RUN" start="2024-01-22T07:21:59.186999" elapsed="0.000000"/>
</branch>
<branch type="ELSE">
<kw name="Disable Download Dialog" owner="browser">
<var>${driver_path}</var>
<status status="NOT RUN" start="2024-01-22T07:21:59.186999" elapsed="0.003253"/>
</kw>
<kw name="Open Browser" owner="SeleniumLibrary">
<arg>${URL}</arg>
<arg>firefox</arg>
<arg>executable_path=${driver_path}</arg>
<doc>Opens a new browser instance to the optional ``url``.</doc>
<status status="NOT RUN" start="2024-01-22T07:21:59.190252" elapsed="0.001000"/>
</kw>
<status status="NOT RUN" start="2024-01-22T07:21:59.186999" elapsed="0.004253"/>
</branch>
<status status="PASS" start="2024-01-22T07:21:41.225410" elapsed="17.966368"/>
</if>
<kw name="Get Window Handles" owner="SeleniumLibrary">
<msg time="2024-01-22T07:21:59.200966" level="INFO">${handles} = ['DD48A19A1AF576D026664995AF867672']</msg>
<var>${handles}</var>
<doc>Returns all child window handles of the selected browser as a list.</doc>
<status status="PASS" start="2024-01-22T07:21:59.191778" elapsed="0.009188"/>
</kw>
<kw name="Maximize Browser Window" owner="SeleniumLibrary">
<doc>Maximizes current browser window.</doc>
<status status="PASS" start="2024-01-22T07:21:59.201967" elapsed="0.553921"/>
</kw>
<kw name="Verify Current URL" owner="common">
<kw name="Get Location" owner="SeleniumLibrary">
<msg time="2024-01-22T07:22:00.010747" level="INFO">${curURL} = https://www.involve.me/</msg>
<var>${curURL}</var>
<doc>Returns the current browser window URL.</doc>
<status status="PASS" start="2024-01-22T07:21:59.757176" elapsed="0.253571"/>
</kw>
<kw name="Log To Console" owner="BuiltIn">
<arg>${curURL}</arg>
<doc>Logs the given message to the console.</doc>
<status status="PASS" start="2024-01-22T07:22:00.011886" elapsed="0.032014"/>
</kw>
<return>
<value>${curURL}</value>
<status status="PASS" start="2024-01-22T07:22:00.043900" elapsed="0.000999"/>
</return>
<status status="PASS" start="2024-01-22T07:21:59.755888" elapsed="0.289011"/>
</kw>
<kw name="Read Json" owner="common">
<kw name="Get File" owner="OperatingSystem">
<msg time="2024-01-22T07:22:00.049255" level="INFO" html="true">Getting file '&lt;a href="file://C:\Users\User\PycharmProjects\InvolvemeRobotFramework\TestData\Involve_Test.json"&gt;C:\Users\User\PycharmProjects\InvolvemeRobotFramework\TestData\Involve_Test.json&lt;/a&gt;'.</msg>
<msg time="2024-01-22T07:22:00.050339" level="INFO">${JSONContent} = {
    "name": "test",
    "new_name": "another test",
    "project_type": "score-based outcomes",
    "template_type": "Start from scratch",
    "project_name": "test project",
    "final_slide": "Tha...</msg>
<var>${JSONContent}</var>
<arg>${file_path}</arg>
<doc>Returns the contents of a specified file.</doc>
<status status="PASS" start="2024-01-22T07:22:00.048259" elapsed="0.002080"/>
</kw>
<kw name="Evaluate" owner="BuiltIn">
<msg time="2024-01-22T07:22:00.051409" level="INFO">${page} = {'name': 'test', 'new_name': 'another test', 'project_type': 'score-based outcomes', 'template_type': 'Start from scratch', 'project_name': 'test project', 'final_slide': 'Thank You page', 'no_project...</msg>
<var>${page}</var>
<arg>json.loads("""${JSONContent}""")</arg>
<arg>json</arg>
<doc>Evaluates the given expression in Python and returns the result.</doc>
<status status="PASS" start="2024-01-22T07:22:00.051409" elapsed="0.000000"/>
</kw>
<return>
<value>${page}</value>
<status status="PASS" start="2024-01-22T07:22:00.051409" elapsed="0.000000"/>
</return>
<msg time="2024-01-22T07:22:00.051409" level="INFO">${SCREEN_TEXTS} = {'name': 'test', 'new_name': 'another test', 'project_type': 'score-based outcomes', 'template_type': 'Start from scratch', 'project_name': 'test project', 'final_slide': 'Thank You page', 'no_project...</msg>
<var>${SCREEN_TEXTS}</var>
<arg>C:/Users/User/PycharmProjects/InvolvemeRobotFramework/TestData/Involve_Test.json</arg>
<doc>The function, with its' own keyword reads the json files.</doc>
<status status="PASS" start="2024-01-22T07:22:00.045899" elapsed="0.005510"/>
</kw>
<kw name="Set Global Variable" owner="BuiltIn">
<msg time="2024-01-22T07:22:00.051409" level="INFO">${SCREEN_TEXTS} = {'name': 'test', 'new_name': 'another test', 'project_type': 'score-based outcomes', 'template_type': 'Start from scratch', 'project_name': 'test project', 'final_slide': 'Thank You page', 'no_project...</msg>
<arg>${SCREEN_TEXTS}</arg>
<doc>Makes a variable available globally in all tests and suites.</doc>
<status status="PASS" start="2024-01-22T07:22:00.051409" elapsed="0.000000"/>
</kw>
<status status="PASS" start="2024-01-22T07:21:41.225410" elapsed="18.830974"/>
</kw>
<kw name="Login to the Application" owner="common">
<kw name="Click On Link Login" owner="LoginKW">
<kw name="Click For Element" owner="common">
<kw name="Get WebElement" owner="SeleniumLibrary">
<msg time="2024-01-22T07:22:00.528928" level="INFO">${element1} = &lt;selenium.webdriver.remote.webelement.WebElement (session="037400b28aff9d9100d087225c138f8b", element="F3F1003110016442D4F8EE4F7BF2A590_element_81")&gt;</msg>
<var>${element1}</var>
<arg>${element}</arg>
<doc>Returns the first WebElement matching the given ``locator``.</doc>
<status status="PASS" start="2024-01-22T07:22:00.397166" elapsed="0.131762"/>
</kw>
<kw name="Highlight" owner="highlight">
<msg time="2024-01-22T07:22:01.284437" level="INFO">Value:::    &lt;selenium.webdriver.remote.webelement.WebElement (session="037400b28aff9d9100d087225c138f8b", element="F3F1003110016442D4F8EE4F7BF2A590_element_81")&gt;</msg>
<arg>${element1}</arg>
<doc>Highlights (blinks) a Selenium Webdriver element</doc>
<status status="PASS" start="2024-01-22T07:22:00.532035" elapsed="0.752402"/>
</kw>
<kw name="Wait Until Element Is Visible" owner="SeleniumLibrary">
<arg>${element1}</arg>
<doc>Waits until the element ``locator`` is visible.</doc>
<status status="PASS" start="2024-01-22T07:22:01.285060" elapsed="0.098778"/>
</kw>
<kw name="Click Element" owner="SeleniumLibrary">
<msg time="2024-01-22T07:22:01.384838" level="INFO">Clicking element '&lt;selenium.webdriver.remote.webelement.WebElement (session="037400b28aff9d9100d087225c138f8b", element="F3F1003110016442D4F8EE4F7BF2A590_element_81")&gt;'.</msg>
<arg>${element1}</arg>
<doc>Click the element identified by ``locator``.</doc>
<status status="PASS" start="2024-01-22T07:22:01.384838" elapsed="2.293963"/>
</kw>
<arg>${LOGIN_LINK}</arg>
<status status="PASS" start="2024-01-22T07:22:00.395904" elapsed="3.282897"/>
</kw>
<status status="PASS" start="2024-01-22T07:22:00.393918" elapsed="3.284883"/>
</kw>
<kw name="Enter Email" owner="LoginKW">
<kw name="Input For Text" owner="common">
<kw name="Get WebElement" owner="SeleniumLibrary">
<msg time="2024-01-22T07:22:03.710645" level="INFO">${element1} = &lt;selenium.webdriver.remote.webelement.WebElement (session="037400b28aff9d9100d087225c138f8b", element="B0CBF4773C52313968E534CDD04812AD_element_124")&gt;</msg>
<var>${element1}</var>
<arg>${element}</arg>
<doc>Returns the first WebElement matching the given ``locator``.</doc>
<status status="PASS" start="2024-01-22T07:22:03.682360" elapsed="0.028285"/>
</kw>
<kw name="Highlight" owner="highlight">
<msg time="2024-01-22T07:22:04.091875" level="INFO">Value:::    &lt;selenium.webdriver.remote.webelement.WebElement (session="037400b28aff9d9100d087225c138f8b", element="B0CBF4773C52313968E534CDD04812AD_element_124")&gt;</msg>
<arg>${element1}</arg>
<doc>Highlights (blinks) a Selenium Webdriver element</doc>
<status status="PASS" start="2024-01-22T07:22:03.711916" elapsed="0.379959"/>
</kw>
<kw name="Wait Until Element Is Visible" owner="SeleniumLibrary">
<arg>${element1}</arg>
<doc>Waits until the element ``locator`` is visible.</doc>
<status status="PASS" start="2024-01-22T07:22:04.091875" elapsed="0.038912"/>
</kw>
<kw name="Input Text" owner="SeleniumLibrary">
<msg time="2024-01-22T07:22:04.133183" level="INFO">Typing text 'sabree4u2@gmail.com' into text field '&lt;selenium.webdriver.remote.webelement.WebElement (session="037400b28aff9d9100d087225c138f8b", element="B0CBF4773C52313968E534CDD04812AD_element_124")&gt;'.</msg>
<arg>${element1}</arg>
<arg>${input}</arg>
<doc>Types the given ``text`` into the text field identified by ``locator``.</doc>
<status status="PASS" start="2024-01-22T07:22:04.131502" elapsed="0.274244"/>
</kw>
<arg>${USERNAME_FIELD}</arg>
<arg>${nameInput}</arg>
<status status="PASS" start="2024-01-22T07:22:03.678801" elapsed="0.726945"/>
</kw>
<arg>sabree4u2@gmail.com</arg>
<status status="PASS" start="2024-01-22T07:22:03.678801" elapsed="0.727946"/>
</kw>
<kw name="Enter Password" owner="LoginKW">
<kw name="Input For Text" owner="common">
<kw name="Get WebElement" owner="SeleniumLibrary">
<msg time="2024-01-22T07:22:04.437881" level="INFO">${element1} = &lt;selenium.webdriver.remote.webelement.WebElement (session="037400b28aff9d9100d087225c138f8b", element="B0CBF4773C52313968E534CDD04812AD_element_122")&gt;</msg>
<var>${element1}</var>
<arg>${element}</arg>
<doc>Returns the first WebElement matching the given ``locator``.</doc>
<status status="PASS" start="2024-01-22T07:22:04.408746" elapsed="0.030135"/>
</kw>
<kw name="Highlight" owner="highlight">
<msg time="2024-01-22T07:22:04.788394" level="INFO">Value:::    &lt;selenium.webdriver.remote.webelement.WebElement (session="037400b28aff9d9100d087225c138f8b", element="B0CBF4773C52313968E534CDD04812AD_element_122")&gt;</msg>
<arg>${element1}</arg>
<doc>Highlights (blinks) a Selenium Webdriver element</doc>
<status status="PASS" start="2024-01-22T07:22:04.439505" elapsed="0.348889"/>
</kw>
<kw name="Wait Until Element Is Visible" owner="SeleniumLibrary">
<arg>${element1}</arg>
<doc>Waits until the element ``locator`` is visible.</doc>
<status status="PASS" start="2024-01-22T07:22:04.789489" elapsed="0.027074"/>
</kw>
<kw name="Input Text" owner="SeleniumLibrary">
<msg time="2024-01-22T07:22:04.816563" level="INFO">Typing text 'Nausheen4Only' into text field '&lt;selenium.webdriver.remote.webelement.WebElement (session="037400b28aff9d9100d087225c138f8b", element="B0CBF4773C52313968E534CDD04812AD_element_122")&gt;'.</msg>
<arg>${element1}</arg>
<arg>${input}</arg>
<doc>Types the given ``text`` into the text field identified by ``locator``.</doc>
<status status="PASS" start="2024-01-22T07:22:04.816563" elapsed="0.210632"/>
</kw>
<arg>${PASSWORD_FIELD}</arg>
<arg>${passwordInput}</arg>
<status status="PASS" start="2024-01-22T07:22:04.408746" elapsed="0.618449"/>
</kw>
<arg>Nausheen4Only</arg>
<status status="PASS" start="2024-01-22T07:22:04.406747" elapsed="0.620448"/>
</kw>
<kw name="Click On Sign in button" owner="LoginKW">
<kw name="Click For Element" owner="common">
<kw name="Get WebElement" owner="SeleniumLibrary">
<msg time="2024-01-22T07:22:05.061585" level="INFO">${element1} = &lt;selenium.webdriver.remote.webelement.WebElement (session="037400b28aff9d9100d087225c138f8b", element="B0CBF4773C52313968E534CDD04812AD_element_134")&gt;</msg>
<var>${element1}</var>
<arg>${element}</arg>
<doc>Returns the first WebElement matching the given ``locator``.</doc>
<status status="PASS" start="2024-01-22T07:22:05.031954" elapsed="0.031187"/>
</kw>
<kw name="Highlight" owner="highlight">
<msg time="2024-01-22T07:22:05.419151" level="INFO">Value:::    &lt;selenium.webdriver.remote.webelement.WebElement (session="037400b28aff9d9100d087225c138f8b", element="B0CBF4773C52313968E534CDD04812AD_element_134")&gt;</msg>
<arg>${element1}</arg>
<doc>Highlights (blinks) a Selenium Webdriver element</doc>
<status status="PASS" start="2024-01-22T07:22:05.063141" elapsed="0.356010"/>
</kw>
<kw name="Wait Until Element Is Visible" owner="SeleniumLibrary">
<arg>${element1}</arg>
<doc>Waits until the element ``locator`` is visible.</doc>
<status status="PASS" start="2024-01-22T07:22:05.420151" elapsed="0.025951"/>
</kw>
<kw name="Click Element" owner="SeleniumLibrary">
<msg time="2024-01-22T07:22:05.446102" level="INFO">Clicking element '&lt;selenium.webdriver.remote.webelement.WebElement (session="037400b28aff9d9100d087225c138f8b", element="B0CBF4773C52313968E534CDD04812AD_element_134")&gt;'.</msg>
<arg>${element1}</arg>
<doc>Click the element identified by ``locator``.</doc>
<status status="PASS" start="2024-01-22T07:22:05.446102" elapsed="0.105290"/>
</kw>
<arg>${LOGIN_BUTTON}</arg>
<status status="PASS" start="2024-01-22T07:22:05.031954" elapsed="0.519438"/>
</kw>
<status status="PASS" start="2024-01-22T07:22:05.029956" elapsed="0.521436"/>
</kw>
<status status="PASS" start="2024-01-22T07:22:00.389025" elapsed="5.162367"/>
</kw>
<kw name="Delete Allworkspace" owner="WorkspaceKW">
<kw name="Sleep" owner="BuiltIn">
<msg time="2024-01-22T07:22:07.580337" level="INFO">Slept 2 seconds.</msg>
<arg>2s</arg>
<doc>Pauses the test executed for the given time.</doc>
<status status="PASS" start="2024-01-22T07:22:05.565531" elapsed="2.015348"/>
</kw>
<kw name="Get WebElements" owner="SeleniumLibrary">
<msg time="2024-01-22T07:22:08.306265" level="INFO">@{my_list} = [ &lt;selenium.webdriver.remote.webelement.WebElement (session="037400b28aff9d9100d087225c138f8b", element="9BE7F13B64BF1CB30BAC0477C219370B_element_185")&gt; | &lt;selenium.webdriver.remote.webelement.WebElem...</msg>
<var>@{my_list}</var>
<arg>${WORKSPACE_LIST}</arg>
<doc>Returns a list of WebElement objects matching the ``locator``.</doc>
<status status="PASS" start="2024-01-22T07:22:07.580879" elapsed="0.725386"/>
</kw>
<kw name="Wait Until Page Contains Element" owner="SeleniumLibrary">
<arg>${RATING}</arg>
<doc>Waits until the element ``locator`` appears on the current page.</doc>
<status status="PASS" start="2024-01-22T07:22:08.306265" elapsed="2.827039"/>
</kw>
<kw name="Click For Element" owner="common">
<kw name="Get WebElement" owner="SeleniumLibrary">
<msg time="2024-01-22T07:22:11.152227" level="INFO">${element1} = &lt;selenium.webdriver.remote.webelement.WebElement (session="037400b28aff9d9100d087225c138f8b", element="9BE7F13B64BF1CB30BAC0477C219370B_element_260")&gt;</msg>
<var>${element1}</var>
<arg>${element}</arg>
<doc>Returns the first WebElement matching the given ``locator``.</doc>
<status status="PASS" start="2024-01-22T07:22:11.136917" elapsed="0.015310"/>
</kw>
<kw name="Highlight" owner="highlight">
<msg time="2024-01-22T07:22:11.497073" level="INFO">Value:::    &lt;selenium.webdriver.remote.webelement.WebElement (session="037400b28aff9d9100d087225c138f8b", element="9BE7F13B64BF1CB30BAC0477C219370B_element_260")&gt;</msg>
<arg>${element1}</arg>
<doc>Highlights (blinks) a Selenium Webdriver element</doc>
<status status="PASS" start="2024-01-22T07:22:11.153228" elapsed="0.343845"/>
</kw>
<kw name="Wait Until Element Is Visible" owner="SeleniumLibrary">
<arg>${element1}</arg>
<doc>Waits until the element ``locator`` is visible.</doc>
<status status="PASS" start="2024-01-22T07:22:11.497073" elapsed="0.030983"/>
</kw>
<kw name="Click Element" owner="SeleniumLibrary">
<msg time="2024-01-22T07:22:11.528056" level="INFO">Clicking element '&lt;selenium.webdriver.remote.webelement.WebElement (session="037400b28aff9d9100d087225c138f8b", element="9BE7F13B64BF1CB30BAC0477C219370B_element_260")&gt;'.</msg>
<arg>${element1}</arg>
<doc>Click the element identified by ``locator``.</doc>
<status status="PASS" start="2024-01-22T07:22:11.528056" elapsed="0.090324"/>
</kw>
<arg>${RATING}</arg>
<status status="PASS" start="2024-01-22T07:22:11.133304" elapsed="0.485076"/>
</kw>
<for flavor="IN">
<iter>
<kw name="Get Text" owner="SeleniumLibrary">
<msg time="2024-01-22T07:22:11.654208" level="INFO">${text} = test00_05
0</msg>
<var>${text}</var>
<arg>${element}</arg>
<doc>Returns the text value of the element identified by ``locator``.</doc>
<status status="PASS" start="2024-01-22T07:22:11.620580" elapsed="0.033628"/>
</kw>
<kw name="Set Variable" owner="BuiltIn">
<msg time="2024-01-22T07:22:11.656298" level="INFO">${str} = test00_05
0</msg>
<var>${str}</var>
<arg>${text}</arg>
<doc>Returns the given values which can then be assigned to a variables.</doc>
<status status="PASS" start="2024-01-22T07:22:11.655319" elapsed="0.000979"/>
</kw>
<kw name="Split String" owner="String">
<msg time="2024-01-22T07:22:11.656298" level="INFO">${Id} = ['test00_05', '0']</msg>
<var>${Id}</var>
<arg>${str}</arg>
<arg>\n</arg>
<doc>Splits the ``string`` using ``separator`` as a delimiter string.</doc>
<status status="PASS" start="2024-01-22T07:22:11.656298" elapsed="0.000000"/>
</kw>
<kw name="Log To Console" owner="BuiltIn">
<arg>${Id}[0]</arg>
<doc>Logs the given message to the console.</doc>
<status status="PASS" start="2024-01-22T07:22:11.656298" elapsed="0.000000"/>
</kw>
<if>
<branch type="IF" condition="&quot;${Id}[0]&quot; == &quot;${Id}[0]&quot;">
<kw name="Click For Element" owner="common">
<kw name="Get WebElement" owner="SeleniumLibrary">
<msg time="2024-01-22T07:22:11.693735" level="INFO">${element1} = &lt;selenium.webdriver.remote.webelement.WebElement (session="037400b28aff9d9100d087225c138f8b", element="9BE7F13B64BF1CB30BAC0477C219370B_element_262")&gt;</msg>
<var>${element1}</var>
<arg>${element}</arg>
<doc>Returns the first WebElement matching the given ``locator``.</doc>
<status status="PASS" start="2024-01-22T07:22:11.664607" elapsed="0.029128"/>
</kw>
<kw name="Highlight" owner="highlight">
<msg time="2024-01-22T07:22:12.342023" level="INFO">Value:::    &lt;selenium.webdriver.remote.webelement.WebElement (session="037400b28aff9d9100d087225c138f8b", element="9BE7F13B64BF1CB30BAC0477C219370B_element_262")&gt;</msg>
<arg>${element1}</arg>
<doc>Highlights (blinks) a Selenium Webdriver element</doc>
<status status="PASS" start="2024-01-22T07:22:11.694737" elapsed="0.647286"/>
</kw>
<kw name="Wait Until Element Is Visible" owner="SeleniumLibrary">
<arg>${element1}</arg>
<doc>Waits until the element ``locator`` is visible.</doc>
<status status="PASS" start="2024-01-22T07:22:12.343024" elapsed="0.030600"/>
</kw>
<kw name="Click Element" owner="SeleniumLibrary">
<msg time="2024-01-22T07:22:12.373624" level="INFO">Clicking element '&lt;selenium.webdriver.remote.webelement.WebElement (session="037400b28aff9d9100d087225c138f8b", element="9BE7F13B64BF1CB30BAC0477C219370B_element_262")&gt;'.</msg>
<arg>${element1}</arg>
<doc>Click the element identified by ``locator``.</doc>
<status status="PASS" start="2024-01-22T07:22:12.373624" elapsed="0.315173"/>
</kw>
<arg>//*[text()='${Id}[0]']</arg>
<status status="PASS" start="2024-01-22T07:22:11.656298" elapsed="1.033502"/>
</kw>
<kw name="Log To Console" owner="BuiltIn">
<arg>"Workspace Selected"</arg>
<doc>Logs the given message to the console.</doc>
<status status="PASS" start="2024-01-22T07:22:12.689800" elapsed="0.003128"/>
</kw>
<kw name="Click For Element" owner="common">
<kw name="Get WebElement" owner="SeleniumLibrary">
<msg time="2024-01-22T07:22:12.727871" level="INFO">${element1} = &lt;selenium.webdriver.remote.webelement.WebElement (session="037400b28aff9d9100d087225c138f8b", element="9BE7F13B64BF1CB30BAC0477C219370B_element_252")&gt;</msg>
<var>${element1}</var>
<arg>${element}</arg>
<doc>Returns the first WebElement matching the given ``locator``.</doc>
<status status="PASS" start="2024-01-22T07:22:12.694926" elapsed="0.034055"/>
</kw>
<kw name="Highlight" owner="highlight">
<msg time="2024-01-22T07:22:13.076509" level="INFO">Value:::    &lt;selenium.webdriver.remote.webelement.WebElement (session="037400b28aff9d9100d087225c138f8b", element="9BE7F13B64BF1CB30BAC0477C219370B_element_252")&gt;</msg>
<arg>${element1}</arg>
<doc>Highlights (blinks) a Selenium Webdriver element</doc>
<status status="PASS" start="2024-01-22T07:22:12.729164" elapsed="0.347345"/>
</kw>
<kw name="Wait Until Element Is Visible" owner="SeleniumLibrary">
<arg>${element1}</arg>
<doc>Waits until the element ``locator`` is visible.</doc>
<status status="PASS" start="2024-01-22T07:22:13.076509" elapsed="0.028682"/>
</kw>
<kw name="Click Element" owner="SeleniumLibrary">
<msg time="2024-01-22T07:22:13.106191" level="INFO">Clicking element '&lt;selenium.webdriver.remote.webelement.WebElement (session="037400b28aff9d9100d087225c138f8b", element="9BE7F13B64BF1CB30BAC0477C219370B_element_252")&gt;'.</msg>
<arg>${element1}</arg>
<doc>Click the element identified by ``locator``.</doc>
<status status="PASS" start="2024-01-22T07:22:13.106191" elapsed="0.092620"/>
</kw>
<arg>${WORKSPACE_EDIT_BUTTON}</arg>
<status status="PASS" start="2024-01-22T07:22:12.693927" elapsed="0.506023"/>
</kw>
<kw name="Click For Element" owner="common">
<kw name="Get WebElement" owner="SeleniumLibrary">
<msg time="2024-01-22T07:22:13.227489" level="INFO">${element1} = &lt;selenium.webdriver.remote.webelement.WebElement (session="037400b28aff9d9100d087225c138f8b", element="9BE7F13B64BF1CB30BAC0477C219370B_element_267")&gt;</msg>
<var>${element1}</var>
<arg>${element}</arg>
<doc>Returns the first WebElement matching the given ``locator``.</doc>
<status status="PASS" start="2024-01-22T07:22:13.202209" elapsed="0.025280"/>
</kw>
<kw name="Highlight" owner="highlight">
<msg time="2024-01-22T07:22:13.584101" level="INFO">Value:::    &lt;selenium.webdriver.remote.webelement.WebElement (session="037400b28aff9d9100d087225c138f8b", element="9BE7F13B64BF1CB30BAC0477C219370B_element_267")&gt;</msg>
<arg>${element1}</arg>
<doc>Highlights (blinks) a Selenium Webdriver element</doc>
<status status="PASS" start="2024-01-22T07:22:13.227489" elapsed="0.356612"/>
</kw>
<kw name="Wait Until Element Is Visible" owner="SeleniumLibrary">
<arg>${element1}</arg>
<doc>Waits until the element ``locator`` is visible.</doc>
<status status="PASS" start="2024-01-22T07:22:13.584101" elapsed="0.033145"/>
</kw>
<kw name="Click Element" owner="SeleniumLibrary">
<msg time="2024-01-22T07:22:13.618256" level="INFO">Clicking element '&lt;selenium.webdriver.remote.webelement.WebElement (session="037400b28aff9d9100d087225c138f8b", element="9BE7F13B64BF1CB30BAC0477C219370B_element_267")&gt;'.</msg>
<arg>${element1}</arg>
<doc>Click the element identified by ``locator``.</doc>
<status status="PASS" start="2024-01-22T07:22:13.618256" elapsed="0.124578"/>
</kw>
<arg>${DELETE_WORKSPACE_BUTTON}</arg>
<status status="PASS" start="2024-01-22T07:22:13.200950" elapsed="0.542491"/>
</kw>
<kw name="Get Element Attribute" owner="SeleniumLibrary">
<msg time="2024-01-22T07:22:13.820952" level="INFO">${text} = test00_05</msg>
<var>${text}</var>
<arg>${DELETE_WORKSPACE_FIELD}</arg>
<arg>placeholder</arg>
<doc>Returns the value of ``attribute`` from the element ``locator``.</doc>
<status status="PASS" start="2024-01-22T07:22:13.743441" elapsed="0.077511"/>
</kw>
<kw name="Log To Console" owner="BuiltIn">
<arg>"Attribute"</arg>
<doc>Logs the given message to the console.</doc>
<status status="PASS" start="2024-01-22T07:22:13.821619" elapsed="0.000995"/>
</kw>
<kw name="Log To Console" owner="BuiltIn">
<arg>${text}</arg>
<doc>Logs the given message to the console.</doc>
<status status="PASS" start="2024-01-22T07:22:13.822614" elapsed="0.000000"/>
</kw>
<kw name="Log To Console" owner="BuiltIn">
<arg>"Attribute"</arg>
<doc>Logs the given message to the console.</doc>
<status status="PASS" start="2024-01-22T07:22:13.822614" elapsed="0.000000"/>
</kw>
<kw name="Input For Text" owner="common">
<kw name="Get WebElement" owner="SeleniumLibrary">
<msg time="2024-01-22T07:22:13.852184" level="INFO">${element1} = &lt;selenium.webdriver.remote.webelement.WebElement (session="037400b28aff9d9100d087225c138f8b", element="9BE7F13B64BF1CB30BAC0477C219370B_element_268")&gt;</msg>
<var>${element1}</var>
<arg>${element}</arg>
<doc>Returns the first WebElement matching the given ``locator``.</doc>
<status status="PASS" start="2024-01-22T07:22:13.831114" elapsed="0.022071"/>
</kw>
<kw name="Highlight" owner="highlight">
<msg time="2024-01-22T07:22:14.202198" level="INFO">Value:::    &lt;selenium.webdriver.remote.webelement.WebElement (session="037400b28aff9d9100d087225c138f8b", element="9BE7F13B64BF1CB30BAC0477C219370B_element_268")&gt;</msg>
<arg>${element1}</arg>
<doc>Highlights (blinks) a Selenium Webdriver element</doc>
<status status="PASS" start="2024-01-22T07:22:13.853185" elapsed="0.349013"/>
</kw>
<kw name="Wait Until Element Is Visible" owner="SeleniumLibrary">
<arg>${element1}</arg>
<doc>Waits until the element ``locator`` is visible.</doc>
<status status="PASS" start="2024-01-22T07:22:14.202198" elapsed="0.033001"/>
</kw>
<kw name="Input Text" owner="SeleniumLibrary">
<msg time="2024-01-22T07:22:14.235199" level="INFO">Typing text 'test00_05' into text field '&lt;selenium.webdriver.remote.webelement.WebElement (session="037400b28aff9d9100d087225c138f8b", element="9BE7F13B64BF1CB30BAC0477C219370B_element_268")&gt;'.</msg>
<arg>${element1}</arg>
<arg>${input}</arg>
<doc>Types the given ``text`` into the text field identified by ``locator``.</doc>
<status status="PASS" start="2024-01-22T07:22:14.235199" elapsed="0.151332"/>
</kw>
<arg>${DELETE_WORKSPACE_FIELD}</arg>
<arg>${Id}[0]</arg>
<status status="PASS" start="2024-01-22T07:22:13.822614" elapsed="0.564182"/>
</kw>
<kw name="Click For Element" owner="common">
<kw name="Get WebElement" owner="SeleniumLibrary">
<msg time="2024-01-22T07:22:14.417587" level="INFO">${element1} = &lt;selenium.webdriver.remote.webelement.WebElement (session="037400b28aff9d9100d087225c138f8b", element="9BE7F13B64BF1CB30BAC0477C219370B_element_272")&gt;</msg>
<var>${element1}</var>
<arg>${element}</arg>
<doc>Returns the first WebElement matching the given ``locator``.</doc>
<status status="PASS" start="2024-01-22T07:22:14.389488" elapsed="0.028099"/>
</kw>
<kw name="Highlight" owner="highlight">
<msg time="2024-01-22T07:22:14.773377" level="INFO">Value:::    &lt;selenium.webdriver.remote.webelement.WebElement (session="037400b28aff9d9100d087225c138f8b", element="9BE7F13B64BF1CB30BAC0477C219370B_element_272")&gt;</msg>
<arg>${element1}</arg>
<doc>Highlights (blinks) a Selenium Webdriver element</doc>
<status status="PASS" start="2024-01-22T07:22:14.417587" elapsed="0.355790"/>
</kw>
<kw name="Wait Until Element Is Visible" owner="SeleniumLibrary">
<arg>${element1}</arg>
<doc>Waits until the element ``locator`` is visible.</doc>
<status status="PASS" start="2024-01-22T07:22:14.773377" elapsed="0.026845"/>
</kw>
<kw name="Click Element" owner="SeleniumLibrary">
<msg time="2024-01-22T07:22:14.802402" level="INFO">Clicking element '&lt;selenium.webdriver.remote.webelement.WebElement (session="037400b28aff9d9100d087225c138f8b", element="9BE7F13B64BF1CB30BAC0477C219370B_element_272")&gt;'.</msg>
<arg>${element1}</arg>
<doc>Click the element identified by ``locator``.</doc>
<status status="PASS" start="2024-01-22T07:22:14.801399" elapsed="0.116223"/>
</kw>
<arg>${CONFIRMATION_BUTTON}</arg>
<status status="PASS" start="2024-01-22T07:22:14.387797" elapsed="0.529825"/>
</kw>
<kw name="Sleep" owner="BuiltIn">
<msg time="2024-01-22T07:22:16.923434" level="INFO">Slept 2 seconds.</msg>
<arg>2s</arg>
<doc>Pauses the test executed for the given time.</doc>
<status status="PASS" start="2024-01-22T07:22:14.917622" elapsed="2.005812"/>
</kw>
<status status="PASS" start="2024-01-22T07:22:11.656298" elapsed="5.267136"/>
</branch>
<status status="PASS" start="2024-01-22T07:22:11.656298" elapsed="5.267136"/>
</if>
<var name="${element}">&lt;selenium.webdriver.remote.webelement.WebElement (session="037400b28aff9d9100d087225c138f8b", element="9BE7F13B64BF1CB30BAC0477C219370B_element_185")&gt;</var>
<status status="PASS" start="2024-01-22T07:22:11.619468" elapsed="5.303966"/>
</iter>
<iter>
<kw name="Get Text" owner="SeleniumLibrary">
<msg time="2024-01-22T07:22:17.100253" level="INFO" html="true">&lt;/td&gt;&lt;/tr&gt;&lt;tr&gt;&lt;td colspan="3"&gt;&lt;a href="selenium-screenshot-5.png"&gt;&lt;img src="selenium-screenshot-5.png" width="800px"&gt;&lt;/a&gt;</msg>
<msg time="2024-01-22T07:22:17.100253" level="FAIL">StaleElementReferenceException: Message: stale element reference: stale element not found
  (Session info: chrome=120.0.6099.225); For documentation on this error, please visit: https://www.selenium.dev/documentation/webdriver/troubleshooting/errors#stale-element-reference-exception
Stacktrace:
	GetHandleVerifier [0x01076EE3+174339]
	(No symbol) [0x00FA0A51]
	(No symbol) [0x00CB6FF6]
	(No symbol) [0x00CC1663]
	(No symbol) [0x00CBB5C0]
	(No symbol) [0x00CBA1F1]
	(No symbol) [0x00CBC585]
	(No symbol) [0x00CBC622]
	(No symbol) [0x00CE61A2]
	(No symbol) [0x00D0700C]
	(No symbol) [0x00CE25B0]
	(No symbol) [0x00D07414]
	(No symbol) [0x00D1A104]
	(No symbol) [0x00D06DA6]
	(No symbol) [0x00CE1034]
	(No symbol) [0x00CE1F8D]
	GetHandleVerifier [0x01114B1C+820540]
	sqlite3_dbdata_init [0x011D53EE+653550]
	sqlite3_dbdata_init [0x011D4E09+652041]
	sqlite3_dbdata_init [0x011C97CC+605388]
	sqlite3_dbdata_init [0x011D5D9B+656027]
	(No symbol) [0x00FAFE6C]
	(No symbol) [0x00FA83B8]
	(No symbol) [0x00FA84DD]
	(No symbol) [0x00F95818]
	BaseThreadInitThunk [0x774EFCC9+25]
	RtlGetAppContainerNamedObjectPath [0x77D57C6E+286]
	RtlGetAppContainerNamedObjectPath [0x77D57C3E+238]
</msg>
<var>${text}</var>
<arg>${element}</arg>
<doc>Returns the text value of the element identified by ``locator``.</doc>
<status status="FAIL" start="2024-01-22T07:22:16.927361" elapsed="0.185677">StaleElementReferenceException: Message: stale element reference: stale element not found
  (Session info: chrome=120.0.6099.225); For documentation on this error, please visit: https://www.selenium.dev/documentation/webdriver/troubleshooting/errors#stale-element-reference-exception
Stacktrace:
	GetHandleVerifier [0x01076EE3+174339]
	(No symbol) [0x00FA0A51]
	(No symbol) [0x00CB6FF6]
	(No symbol) [0x00CC1663]
	(No symbol) [0x00CBB5C0]
	(No symbol) [0x00CBA1F1]
	(No symbol) [0x00CBC585]
	(No symbol) [0x00CBC622]
	(No symbol) [0x00CE61A2]
	(No symbol) [0x00D0700C]
	(No symbol) [0x00CE25B0]
	(No symbol) [0x00D07414]
	(No symbol) [0x00D1A104]
	(No symbol) [0x00D06DA6]
	(No symbol) [0x00CE1034]
	(No symbol) [0x00CE1F8D]
	GetHandleVerifier [0x01114B1C+820540]
	sqlite3_dbdata_init [0x011D53EE+653550]
	sqlite3_dbdata_init [0x011D4E09+652041]
	sqlite3_dbdata_init [0x011C97CC+605388]
	sqlite3_dbdata_init [0x011D5D9B+656027]
	(No symbol) [0x00FAFE6C]
	(No symbol) [0x00FA83B8]
	(No symbol) [0x00FA84DD]
	(No symbol) [0x00F95818]
	BaseThreadInitThunk [0x774EFCC9+25]
	RtlGetAppContainerNamedObjectPath [0x77D57C6E+286]
	RtlGetAppContainerNamedObjectPath [0x77D57C3E+238]
</status>
</kw>
<kw name="Set Variable" owner="BuiltIn">
<var>${str}</var>
<arg>${text}</arg>
<doc>Returns the given values which can then be assigned to a variables.</doc>
<status status="NOT RUN" start="2024-01-22T07:22:17.114030" elapsed="0.000000"/>
</kw>
<kw name="Split String" owner="String">
<var>${Id}</var>
<arg>${str}</arg>
<arg>\n</arg>
<doc>Splits the ``string`` using ``separator`` as a delimiter string.</doc>
<status status="NOT RUN" start="2024-01-22T07:22:17.114030" elapsed="0.000000"/>
</kw>
<kw name="Log To Console" owner="BuiltIn">
<arg>${Id}[0]</arg>
<doc>Logs the given message to the console.</doc>
<status status="NOT RUN" start="2024-01-22T07:22:17.114030" elapsed="0.000000"/>
</kw>
<if>
<branch type="IF" condition="&quot;${Id}[0]&quot; == &quot;${Id}[0]&quot;">
<kw name="Click For Element" owner="common">
<arg>//*[text()='${Id}[0]']</arg>
<status status="NOT RUN" start="2024-01-22T07:22:17.114030" elapsed="0.000000"/>
</kw>
<kw name="Log To Console" owner="BuiltIn">
<arg>"Workspace Selected"</arg>
<doc>Logs the given message to the console.</doc>
<status status="NOT RUN" start="2024-01-22T07:22:17.114030" elapsed="0.000000"/>
</kw>
<kw name="Click For Element" owner="common">
<arg>${WORKSPACE_EDIT_BUTTON}</arg>
<status status="NOT RUN" start="2024-01-22T07:22:17.114030" elapsed="0.000000"/>
</kw>
<kw name="Click For Element" owner="common">
<arg>${DELETE_WORKSPACE_BUTTON}</arg>
<status status="NOT RUN" start="2024-01-22T07:22:17.122482" elapsed="0.000000"/>
</kw>
<kw name="Get Element Attribute" owner="SeleniumLibrary">
<var>${text}</var>
<arg>${DELETE_WORKSPACE_FIELD}</arg>
<arg>placeholder</arg>
<doc>Returns the value of ``attribute`` from the element ``locator``.</doc>
<status status="NOT RUN" start="2024-01-22T07:22:17.123482" elapsed="0.000000"/>
</kw>
<kw name="Log To Console" owner="BuiltIn">
<arg>"Attribute"</arg>
<doc>Logs the given message to the console.</doc>
<status status="NOT RUN" start="2024-01-22T07:22:17.123482" elapsed="0.000000"/>
</kw>
<kw name="Log To Console" owner="BuiltIn">
<arg>${text}</arg>
<doc>Logs the given message to the console.</doc>
<status status="NOT RUN" start="2024-01-22T07:22:17.123482" elapsed="0.000000"/>
</kw>
<kw name="Log To Console" owner="BuiltIn">
<arg>"Attribute"</arg>
<doc>Logs the given message to the console.</doc>
<status status="NOT RUN" start="2024-01-22T07:22:17.123482" elapsed="0.000000"/>
</kw>
<kw name="Input For Text" owner="common">
<arg>${DELETE_WORKSPACE_FIELD}</arg>
<arg>${Id}[0]</arg>
<status status="NOT RUN" start="2024-01-22T07:22:17.123482" elapsed="0.000000"/>
</kw>
<kw name="Click For Element" owner="common">
<arg>${CONFIRMATION_BUTTON}</arg>
<status status="NOT RUN" start="2024-01-22T07:22:17.123482" elapsed="0.000000"/>
</kw>
<kw name="Sleep" owner="BuiltIn">
<arg>2s</arg>
<doc>Pauses the test executed for the given time.</doc>
<status status="NOT RUN" start="2024-01-22T07:22:17.123482" elapsed="0.000000"/>
</kw>
<status status="NOT RUN" start="2024-01-22T07:22:17.114030" elapsed="0.009452"/>
</branch>
<status status="NOT RUN" start="2024-01-22T07:22:17.114030" elapsed="0.009452"/>
</if>
<var name="${element}">&lt;selenium.webdriver.remote.webelement.WebElement (session="037400b28aff9d9100d087225c138f8b", element="9BE7F13B64BF1CB30BAC0477C219370B_element_186")&gt;</var>
<status status="FAIL" start="2024-01-22T07:22:16.927361" elapsed="0.205058">StaleElementReferenceException: Message: stale element reference: stale element not found
  (Session info: chrome=120.0.6099.225); For documentation on this error, please visit: https://www.selenium.dev/documentation/webdriver/troubleshooting/errors#stale-element-reference-exception
Stacktrace:
	GetHandleVerifier [0x01076EE3+174339]
	(No symbol) [0x00FA0A51]
	(No symbol) [0x00CB6FF6]
	(No symbol) [0x00CC1663]
	(No symbol) [0x00CBB5C0]
	(No symbol) [0x00CBA1F1]
	(No symbol) [0x00CBC585]
	(No symbol) [0x00CBC622]
	(No symbol) [0x00CE61A2]
	(No symbol) [0x00D0700C]
	(No symbol) [0x00CE25B0]
	(No symbol) [0x00D07414]
	(No symbol) [0x00D1A104]
	(No symbol) [0x00D06DA6]
	(No symbol) [0x00CE1034]
	(No symbol) [0x00CE1F8D]
	GetHandleVerifier [0x01114B1C+820540]
	sqlite3_dbdata_init [0x011D53EE+653550]
	sqlite3_dbdata_init [0x011D4E09+652041]
	sqlite3_dbdata_init [0x011C97CC+605388]
	sqlite3_dbdata_init [0x011D5D9B+656027]
	(No symbol) [0x00FAFE6C]
	(No symbol) [0x00FA83B8]
	(No symbol) [0x00FA84DD]
	(No symbol) [0x00F95818]
	BaseThreadInitThunk [0x774EFCC9+25]
	RtlGetAppContainerNamedObjectPath [0x77D57C6E+286]
	RtlGetAppContainerNamedObjectPath [0x77D57C3E+238]
</status>
</iter>
<var>${element}</var>
<value>@{my_list}</value>
<status status="FAIL" start="2024-01-22T07:22:11.618380" elapsed="5.514039">StaleElementReferenceException: Message: stale element reference: stale element not found
  (Session info: chrome=120.0.6099.225); For documentation on this error, please visit: https://www.selenium.dev/documentation/webdriver/troubleshooting/errors#stale-element-reference-exception
Stacktrace:
	GetHandleVerifier [0x01076EE3+174339]
	(No symbol) [0x00FA0A51]
	(No symbol) [0x00CB6FF6]
	(No symbol) [0x00CC1663]
	(No symbol) [0x00CBB5C0]
	(No symbol) [0x00CBA1F1]
	(No symbol) [0x00CBC585]
	(No symbol) [0x00CBC622]
	(No symbol) [0x00CE61A2]
	(No symbol) [0x00D0700C]
	(No symbol) [0x00CE25B0]
	(No symbol) [0x00D07414]
	(No symbol) [0x00D1A104]
	(No symbol) [0x00D06DA6]
	(No symbol) [0x00CE1034]
	(No symbol) [0x00CE1F8D]
	GetHandleVerifier [0x01114B1C+820540]
	sqlite3_dbdata_init [0x011D53EE+653550]
	sqlite3_dbdata_init [0x011D4E09+652041]
	sqlite3_dbdata_init [0x011C97CC+605388]
	sqlite3_dbdata_init [0x011D5D9B+656027]
	(No symbol) [0x00FAFE6C]
	(No symbol) [0x00FA83B8]
	(No symbol) [0x00FA84DD]
	(No symbol) [0x00F95818]
	BaseThreadInitThunk [0x774EFCC9+25]
	RtlGetAppContainerNamedObjectPath [0x77D57C6E+286]
	RtlGetAppContainerNamedObjectPath [0x77D57C3E+238]
</status>
</for>
<status status="FAIL" start="2024-01-22T07:22:05.564532" elapsed="11.567887">StaleElementReferenceException: Message: stale element reference: stale element not found
  (Session info: chrome=120.0.6099.225); For documentation on this error, please visit: https://www.selenium.dev/documentation/webdriver/troubleshooting/errors#stale-element-reference-exception
Stacktrace:
	GetHandleVerifier [0x01076EE3+174339]
	(No symbol) [0x00FA0A51]
	(No symbol) [0x00CB6FF6]
	(No symbol) [0x00CC1663]
	(No symbol) [0x00CBB5C0]
	(No symbol) [0x00CBA1F1]
	(No symbol) [0x00CBC585]
	(No symbol) [0x00CBC622]
	(No symbol) [0x00CE61A2]
	(No symbol) [0x00D0700C]
	(No symbol) [0x00CE25B0]
	(No symbol) [0x00D07414]
	(No symbol) [0x00D1A104]
	(No symbol) [0x00D06DA6]
	(No symbol) [0x00CE1034]
	(No symbol) [0x00CE1F8D]
	GetHandleVerifier [0x01114B1C+820540]
	sqlite3_dbdata_init [0x011D53EE+653550]
	sqlite3_dbdata_init [0x011D4E09+652041]
	sqlite3_dbdata_init [0x011C97CC+605388]
	sqlite3_dbdata_init [0x011D5D9B+656027]
	(No symbol) [0x00FAFE6C]
	(No symbol) [0x00FA83B8]
	(No symbol) [0x00FA84DD]
	(No symbol) [0x00F95818]
	BaseThreadInitThunk [0x774EFCC9+25]
	RtlGetAppContainerNamedObjectPath [0x77D57C6E+286]
	RtlGetAppContainerNamedObjectPath [0x77D57C3E+238]
</status>
</kw>
<kw name="Close My Browser" owner="common" type="TEARDOWN">
<kw name="Sleep" owner="BuiltIn">
<msg time="2024-01-22T07:22:19.138362" level="INFO">Slept 2 seconds.</msg>
<arg>2s</arg>
<doc>Pauses the test executed for the given time.</doc>
<status status="PASS" start="2024-01-22T07:22:17.132419" elapsed="2.005943"/>
</kw>
<kw name="Close All Browsers" owner="SeleniumLibrary">
<doc>Closes all open browsers and resets the browser cache.</doc>
<status status="PASS" start="2024-01-22T07:22:19.139364" elapsed="2.759103"/>
</kw>
<status status="PASS" start="2024-01-22T07:22:17.132419" elapsed="4.766048"/>
</kw>
<tag>AllDelete</tag>
<status status="FAIL" start="2024-01-22T07:21:41.223255" elapsed="40.676212">StaleElementReferenceException: Message: stale element reference: stale element not found
  (Session info: chrome=120.0.6099.225); For documentation on this error, please visit: https://www.selenium.dev/documentation/webdriver/troubleshooting/errors#stale-element-reference-exception
Stacktrace:
	GetHandleVerifier [0x01076EE3+174339]
	(No symbol) [0x00FA0A51]
	(No symbol) [0x00CB6FF6]
	(No symbol) [0x00CC1663]
	(No symbol) [0x00CBB5C0]
	(No symbol) [0x00CBA1F1]
	(No symbol) [0x00CBC585]
	(No symbol) [0x00CBC622]
	(No symbol) [0x00CE61A2]
	(No symbol) [0x00D0700C]
	(No symbol) [0x00CE25B0]
	(No symbol) [0x00D07414]
	(No symbol) [0x00D1A104]
	(No symbol) [0x00D06DA6]
	(No symbol) [0x00CE1034]
	(No symbol) [0x00CE1F8D]
	GetHandleVerifier [0x01114B1C+820540]
	sqlite3_dbdata_init [0x011D53EE+653550]
	sqlite3_dbdata_init [0x011D4E09+652041]
	sqlite3_dbdata_init [0x011C97CC+605388]
	sqlite3_dbdata_init [0x011D5D9B+656027]
	(No symbol) [0x00FAFE6C]
	(No symbol) [0x00FA83B8]
	(No symbol) [0x00FA84DD]
	(No symbol) [0x00F95818]
	BaseThreadInitThunk [0x774EFCC9+25]
	RtlGetAppContainerNamedObjectPath [0x77D57C6E+286]
	RtlGetAppContainerNamedObjectPath [0x77D57C3E+238]
</status>
</test>
<doc>Workspace</doc>
<status status="FAIL" start="2024-01-22T07:21:39.404812" elapsed="42.505655"/>
</suite>
<statistics>
<total>
<stat pass="0" fail="1" skip="0">All Tests</stat>
</total>
<tag>
<stat pass="0" fail="1" skip="0">AllDelete</stat>
</tag>
<suite>
<stat pass="0" fail="1" skip="0" id="s1" name="WorkspaceTC">WorkspaceTC</stat>
</suite>
</statistics>
<errors>
<msg time="2024-01-22T07:21:40.302953" level="WARN">Error in file 'C:\Users\User\PycharmProjects\InvolvemeRobotFramework\PageObjects\common\common.robot' on line 70: The '[Return]' setting is deprecated. Use the 'RETURN' statement instead.</msg>
<msg time="2024-01-22T07:21:40.334400" level="WARN">Error in file 'C:\Users\User\PycharmProjects\InvolvemeRobotFramework\PageObjects\common\common.robot' on line 111: The '[Return]' setting is deprecated. Use the 'RETURN' statement instead.</msg>
<msg time="2024-01-22T07:21:40.338950" level="WARN">Error in file 'C:\Users\User\PycharmProjects\InvolvemeRobotFramework\PageObjects\common\common.robot' on line 116: The '[Return]' setting is deprecated. Use the 'RETURN' statement instead.</msg>
<msg time="2024-01-22T07:21:40.345081" level="WARN">Error in file 'C:\Users\User\PycharmProjects\InvolvemeRobotFramework\PageObjects\common\common.robot' on line 121: The '[Return]' setting is deprecated. Use the 'RETURN' statement instead.</msg>
<msg time="2024-01-22T07:21:40.347078" level="WARN">Error in file 'C:\Users\User\PycharmProjects\InvolvemeRobotFramework\PageObjects\common\common.robot' on line 138: The '[Return]' setting is deprecated. Use the 'RETURN' statement instead.</msg>
<msg time="2024-01-22T07:21:40.348716" level="WARN">Error in file 'C:\Users\User\PycharmProjects\InvolvemeRobotFramework\PageObjects\common\common.robot' on line 145: The '[Return]' setting is deprecated. Use the 'RETURN' statement instead.</msg>
<msg time="2024-01-22T07:21:41.160522" level="WARN">Error in file 'C:\Users\User\PycharmProjects\InvolvemeRobotFramework\PageObjects\Workspaces\WorkspaceKW.robot' on line 165: The '[Return]' setting is deprecated. Use the 'RETURN' statement instead.</msg>
<msg time="2024-01-22T07:21:41.163523" level="WARN">Error in file 'C:\Users\User\PycharmProjects\InvolvemeRobotFramework\PageObjects\Workspaces\WorkspaceKW.robot' on line 171: The '[Return]' setting is deprecated. Use the 'RETURN' statement instead.</msg>
</errors>
</robot>
