<?xml version="1.0" encoding="UTF-8"?>
<robot generator="Robot 6.0.2 (Python 3.8.5 on win32)" generated="20230607 06:51:41.350" rpa="false" schemaversion="3">
<suite id="s1" name="Test1" source="C:\Users\User\PycharmProjects\InvolvemeRobotFramework\TestCases\robot_reports\test1.robot">
<test id="s1-t1" name="Test title" line="7">
<kw name="Set Variable" library="BuiltIn">
<var>${str}</var>
<arg>test /n 18</arg>
<doc>Returns the given values which can then be assigned to a variables.</doc>
<msg timestamp="20230607 06:51:41.396" level="INFO">${str} = test /n 18</msg>
<status status="PASS" starttime="20230607 06:51:41.395" endtime="20230607 06:51:41.396"/>
</kw>
<kw name="Split String" library="String">
<var>${Id}</var>
<arg>${str}</arg>
<arg>/n</arg>
<doc>Splits the ``string`` using ``separator`` as a delimiter string.</doc>
<msg timestamp="20230607 06:51:41.398" level="INFO">${Id} = ['test ', ' 18']</msg>
<status status="PASS" starttime="20230607 06:51:41.397" endtime="20230607 06:51:41.398"/>
</kw>
<kw name="Log To Console" library="BuiltIn">
<arg>${Id}[0]</arg>
<doc>Logs the given message to the console.</doc>
<status status="PASS" starttime="20230607 06:51:41.398" endtime="20230607 06:51:41.399"/>
</kw>
<status status="PASS" starttime="20230607 06:51:41.395" endtime="20230607 06:51:41.400"/>
</test>
<doc>Suite description</doc>
<status status="PASS" starttime="20230607 06:51:41.357" endtime="20230607 06:51:41.402"/>
</suite>
<statistics>
<total>
<stat pass="1" fail="0" skip="0">All Tests</stat>
</total>
<tag>
</tag>
<suite>
<stat pass="1" fail="0" skip="0" id="s1" name="Test1">Test1</stat>
</suite>
</statistics>
<errors>
</errors>
</robot>
